14:42:34.535 [Expansion Quests] Initialize quest system on the connected client with UID=s7vJf2NuCNme1MUM_sgLr2G3yzcxYg10pO0s-GAKExM=
14:42:34.539 [Expansion Quests] Created new persistent player quest data for player UID=s7vJf2NuCNme1MUM_sgLr2G3yzcxYg10pO0s-GAKExM=
14:42:34.539 [Expansion Quests] Create new achievement/auto-start quest for quest ID=1 for player with UID=s7vJf2NuCNme1MUM_sgLr2G3yzcxYg10pO0s-GAKExM=
14:42:34.539 [Expansion Quests] Added new objective data for type=TRAVEL | Key= | ID=1
14:42:34.539 [Expansion Quests] Updated and saved persistent player quest data for player with UID=s7vJf2NuCNme1MUM_sgLr2G3yzcxYg10pO0s-GAKExM= | Quest ID=1
14:42:34.539 [Expansion Quests] Quest with ID=2 is not a a valid achievement or auto start quest. Skip quest for player with UID=s7vJf2NuCNme1MUM_sgLr2G3yzcxYg10pO0s-GAKExM=
14:42:34.539 [Expansion Quests] Quest with ID=3 is not a a valid achievement or auto start quest. Skip quest for player with UID=s7vJf2NuCNme1MUM_sgLr2G3yzcxYg10pO0s-GAKExM=
14:42:34.539 [Expansion Quests] Quest with ID=4 is not a a valid achievement or auto start quest. Skip quest for player with UID=s7vJf2NuCNme1MUM_sgLr2G3yzcxYg10pO0s-GAKExM=
14:42:34.539 [Expansion Quests] Quest with ID=5 is not a a valid achievement or auto start quest. Skip quest for player with UID=s7vJf2NuCNme1MUM_sgLr2G3yzcxYg10pO0s-GAKExM=
14:42:34.539 [Expansion Quests] Quest with ID=6 is not a a valid achievement or auto start quest. Skip quest for player with UID=s7vJf2NuCNme1MUM_sgLr2G3yzcxYg10pO0s-GAKExM=
14:42:34.539 [Expansion Quests] Quest with ID=7 is not a a valid achievement or auto start quest. Skip quest for player with UID=s7vJf2NuCNme1MUM_sgLr2G3yzcxYg10pO0s-GAKExM=
14:42:34.539 [Expansion Quests] Quest with ID=8 is not a a valid achievement or auto start quest. Skip quest for player with UID=s7vJf2NuCNme1MUM_sgLr2G3yzcxYg10pO0s-GAKExM=
14:42:34.539 [Expansion Quests] Quest with ID=9 is not a a valid achievement or auto start quest. Skip quest for player with UID=s7vJf2NuCNme1MUM_sgLr2G3yzcxYg10pO0s-GAKExM=
14:42:34.539 [Expansion Quests] Quest with ID=10 is not a a valid achievement or auto start quest. Skip quest for player with UID=s7vJf2NuCNme1MUM_sgLr2G3yzcxYg10pO0s-GAKExM=
14:42:34.539 [Expansion Quests] Quest with ID=11 is not a a valid achievement or auto start quest. Skip quest for player with UID=s7vJf2NuCNme1MUM_sgLr2G3yzcxYg10pO0s-GAKExM=
14:42:34.539 [Expansion Quests] Quest with ID=12 is not a a valid achievement or auto start quest. Skip quest for player with UID=s7vJf2NuCNme1MUM_sgLr2G3yzcxYg10pO0s-GAKExM=
14:42:34.539 [Expansion Quests] Quest with ID=13 is not a a valid achievement or auto start quest. Skip quest for player with UID=s7vJf2NuCNme1MUM_sgLr2G3yzcxYg10pO0s-GAKExM=
14:42:34.539 [Expansion Quests] Quest with ID=14 is not a a valid achievement or auto start quest. Skip quest for player with UID=s7vJf2NuCNme1MUM_sgLr2G3yzcxYg10pO0s-GAKExM=
14:42:34.539 [Expansion Quests] Quest with ID=15 is not a a valid achievement or auto start quest. Skip quest for player with UID=s7vJf2NuCNme1MUM_sgLr2G3yzcxYg10pO0s-GAKExM=
14:42:34.539 [Expansion Quests] Quest with ID=16 is not a a valid achievement or auto start quest. Skip quest for player with UID=s7vJf2NuCNme1MUM_sgLr2G3yzcxYg10pO0s-GAKExM=
14:42:34.539 [Expansion Quests] Quest with ID=17 is not a a valid achievement or auto start quest. Skip quest for player with UID=s7vJf2NuCNme1MUM_sgLr2G3yzcxYg10pO0s-GAKExM=
14:42:34.539 [Expansion Quests] Quest with ID=18 is not a a valid achievement or auto start quest. Skip quest for player with UID=s7vJf2NuCNme1MUM_sgLr2G3yzcxYg10pO0s-GAKExM=
14:42:34.539 [Expansion Quests] Quest with ID=19 is not a a valid achievement or auto start quest. Skip quest for player with UID=s7vJf2NuCNme1MUM_sgLr2G3yzcxYg10pO0s-GAKExM=
14:42:34.539 [Expansion Quests] Quest with ID=20 is not a a valid achievement or auto start quest. Skip quest for player with UID=s7vJf2NuCNme1MUM_sgLr2G3yzcxYg10pO0s-GAKExM=
14:42:34.539 [Expansion Quests] Quest with ID=21 is not a a valid achievement or auto start quest. Skip quest for player with UID=s7vJf2NuCNme1MUM_sgLr2G3yzcxYg10pO0s-GAKExM=
14:42:34.539 [Expansion Quests] Quest with ID=22 is not a a valid achievement or auto start quest. Skip quest for player with UID=s7vJf2NuCNme1MUM_sgLr2G3yzcxYg10pO0s-GAKExM=
14:42:34.539 [Expansion Quests] Quest with ID=23 is not a a valid achievement or auto start quest. Skip quest for player with UID=s7vJf2NuCNme1MUM_sgLr2G3yzcxYg10pO0s-GAKExM=
14:42:34.539 [Expansion Quests] Quest with ID=24 is not a a valid achievement or auto start quest. Skip quest for player with UID=s7vJf2NuCNme1MUM_sgLr2G3yzcxYg10pO0s-GAKExM=
14:42:34.539 [Expansion Quests] Quest with ID=25 is not a a valid achievement or auto start quest. Skip quest for player with UID=s7vJf2NuCNme1MUM_sgLr2G3yzcxYg10pO0s-GAKExM=
14:42:34.539 [Expansion Quests] Quest with ID=26 is not a a valid achievement or auto start quest. Skip quest for player with UID=s7vJf2NuCNme1MUM_sgLr2G3yzcxYg10pO0s-GAKExM=
14:42:34.539 [Expansion Quests] Quest with ID=27 is not a a valid achievement or auto start quest. Skip quest for player with UID=s7vJf2NuCNme1MUM_sgLr2G3yzcxYg10pO0s-GAKExM=
14:42:34.539 [Expansion Quests] Quest with ID=28 is not a a valid achievement or auto start quest. Skip quest for player with UID=s7vJf2NuCNme1MUM_sgLr2G3yzcxYg10pO0s-GAKExM=
14:42:34.539 [Expansion Quests] Quest with ID=29 is not a a valid achievement or auto start quest. Skip quest for player with UID=s7vJf2NuCNme1MUM_sgLr2G3yzcxYg10pO0s-GAKExM=
14:42:34.539 [Expansion Quests] Quest with ID=30 is not a a valid achievement or auto start quest. Skip quest for player with UID=s7vJf2NuCNme1MUM_sgLr2G3yzcxYg10pO0s-GAKExM=
14:42:34.539 [Expansion Quests] Quest with ID=31 is not a a valid achievement or auto start quest. Skip quest for player with UID=s7vJf2NuCNme1MUM_sgLr2G3yzcxYg10pO0s-GAKExM=
14:42:34.539 [Expansion Quests] Quest with ID=32 is not a a valid achievement or auto start quest. Skip quest for player with UID=s7vJf2NuCNme1MUM_sgLr2G3yzcxYg10pO0s-GAKExM=
14:42:34.539 [Expansion Quests] Quest with ID=33 is not a a valid achievement or auto start quest. Skip quest for player with UID=s7vJf2NuCNme1MUM_sgLr2G3yzcxYg10pO0s-GAKExM=
14:42:34.539 [Expansion Quests] Quest with ID=35 is not a a valid achievement or auto start quest. Skip quest for player with UID=s7vJf2NuCNme1MUM_sgLr2G3yzcxYg10pO0s-GAKExM=
14:42:34.539 [Expansion Quests] Quest with ID=36 is not a a valid achievement or auto start quest. Skip quest for player with UID=s7vJf2NuCNme1MUM_sgLr2G3yzcxYg10pO0s-GAKExM=
14:42:34.539 [Expansion Quests] Quest with ID=37 is not a a valid achievement or auto start quest. Skip quest for player with UID=s7vJf2NuCNme1MUM_sgLr2G3yzcxYg10pO0s-GAKExM=
14:42:34.539 [Expansion Quests] Quest with ID=38 is not a a valid achievement or auto start quest. Skip quest for player with UID=s7vJf2NuCNme1MUM_sgLr2G3yzcxYg10pO0s-GAKExM=
14:42:34.539 [Expansion Quests] Quest with ID=39 is not a a valid achievement or auto start quest. Skip quest for player with UID=s7vJf2NuCNme1MUM_sgLr2G3yzcxYg10pO0s-GAKExM=
14:42:34.539 [Expansion Quests] Quest with ID=40 is not a a valid achievement or auto start quest. Skip quest for player with UID=s7vJf2NuCNme1MUM_sgLr2G3yzcxYg10pO0s-GAKExM=
14:42:34.539 [Expansion Quests] Sending s7vJf2NuCNme1MUM_sgLr2G3yzcxYg10pO0s-GAKExM= quest configs to client for player with UID=s7vJf2NuCNme1MUM_sgLr2G3yzcxYg10pO0s-GAKExM=
14:42:34.539 [Expansion Quests] Sending player quest data for 1 quests to player with UID=s7vJf2NuCNme1MUM_sgLr2G3yzcxYg10pO0s-GAKExM=
14:42:35.023 [Expansion Quests] Added new objective data for type=TRAVEL | Key= | ID=1
14:42:35.023 [Expansion Quests] Updated and saved persistent player quest data for player with UID=s7vJf2NuCNme1MUM_sgLr2G3yzcxYg10pO0s-GAKExM= | Quest ID=1
14:43:15.250 [Safezone] Player "MaxCaliber" (id=s7vJf2NuCNme1MUM_sgLr2G3yzcxYg10pO0s-GAKExM= pos=<6238.962402, 1.596353, 869.666382>) Entered the safezone
14:43:26.390 [Expansion Quests] Added new objective data for type=TRAVEL | Key= | ID=1
14:43:26.390 [Expansion Quests] Updated and saved persistent player quest data for player with UID=s7vJf2NuCNme1MUM_sgLr2G3yzcxYg10pO0s-GAKExM= | Quest ID=1
14:43:32.023 [Expansion Quests] Added new objective data for type=TRAVEL | Key= | ID=1
14:43:32.023 [Expansion Quests] Updated and saved persistent player quest data for player with UID=s7vJf2NuCNme1MUM_sgLr2G3yzcxYg10pO0s-GAKExM= | Quest ID=1
14:43:32.023 [Expansion Quests] Player with UID=s7vJf2NuCNme1MUM_sgLr2G3yzcxYg10pO0s-GAKExM= has completed quest with ID=1
14:43:36.660 [ATM] Player "MaxCaliber" (id=s7vJf2NuCNme1MUM_sgLr2G3yzcxYg10pO0s-GAKExM=) has deposited 100 on his ATM account.
14:43:49.824 [Expansion Quests] Added new objective data for type=CRAFTING | Key= | ID=11
14:43:49.824 [Expansion Quests] Updated and saved persistent player quest data for player with UID=s7vJf2NuCNme1MUM_sgLr2G3yzcxYg10pO0s-GAKExM= | Quest ID=11
14:43:49.824 [Expansion Quests] Created new quest instance with instance key=s7vJf2NuCNme1MUM_sgLr2G3yzcxYg10pO0s-GAKExM= for quest with ID=11
14:44:07.937 [Safezone] Player "MaxCaliber" (id=s7vJf2NuCNme1MUM_sgLr2G3yzcxYg10pO0s-GAKExM= pos=<6299.298340, 15.106822, 950.375488>) Left the safezone
14:50:49.644 [Expansion Quests] Added new objective data for type=CRAFTING | Key= | ID=11
14:50:49.644 [Expansion Quests] Updated and saved persistent player quest data for player with UID=s7vJf2NuCNme1MUM_sgLr2G3yzcxYg10pO0s-GAKExM= | Quest ID=11
14:52:14.753 [AI Patrol 00009] Loaded 3 persistent Stonington Tier 02 Patrol (Shamans) bots at <6897.914063, 38.752689, 1909.978760>
14:52:14.753 [AI Patrol 00009] Global patrol count: 1
14:52:30.699 [Expansion Quests] Added new objective data for type=CRAFTING | Key= | ID=11
14:52:30.699 [Expansion Quests] Updated and saved persistent player quest data for player with UID=s7vJf2NuCNme1MUM_sgLr2G3yzcxYg10pO0s-GAKExM= | Quest ID=11
14:52:37.992 [MissionAirdrop] An airdrop is heading towards "Greenville" (pos=<4658.000000, 0.000000, 1414.000000> type=Random_Greenville) with a ExpansionAirdropContainer_Medical
14:53:15.632 [Expansion Quests] Added new objective data for type=CRAFTING | Key= | ID=11
14:53:15.632 [Expansion Quests] Updated and saved persistent player quest data for player with UID=s7vJf2NuCNme1MUM_sgLr2G3yzcxYg10pO0s-GAKExM= | Quest ID=11
14:54:28.332 [Expansion Quests] Added new objective data for type=CRAFTING | Key= | ID=11
14:54:28.332 [Expansion Quests] Updated and saved persistent player quest data for player with UID=s7vJf2NuCNme1MUM_sgLr2G3yzcxYg10pO0s-GAKExM= | Quest ID=11
14:54:49.234 [Expansion Quests] Added new objective data for type=CRAFTING | Key= | ID=11
14:54:49.234 [Expansion Quests] Updated and saved persistent player quest data for player with UID=s7vJf2NuCNme1MUM_sgLr2G3yzcxYg10pO0s-GAKExM= | Quest ID=11
15:04:57.703 [Safezone] Player "MaxCaliber" (id=s7vJf2NuCNme1MUM_sgLr2G3yzcxYg10pO0s-GAKExM= pos=<6274.602051, 1.779886, 878.667908>) Entered the safezone
15:05:24.218 [Expansion Quests] Added new objective data for type=CRAFTING | Key= | ID=11
15:05:24.218 [Expansion Quests] Updated and saved persistent player quest data for player with UID=s7vJf2NuCNme1MUM_sgLr2G3yzcxYg10pO0s-GAKExM= | Quest ID=11
15:05:28.960 [Expansion Quests] Added new objective data for type=CRAFTING | Key= | ID=11
15:05:28.960 [Expansion Quests] Updated and saved persistent player quest data for player with UID=s7vJf2NuCNme1MUM_sgLr2G3yzcxYg10pO0s-GAKExM= | Quest ID=11
15:05:40.839 [Expansion Quests] Added new objective data for type=CRAFTING | Key= | ID=11
15:05:40.839 [Expansion Quests] Updated and saved persistent player quest data for player with UID=s7vJf2NuCNme1MUM_sgLr2G3yzcxYg10pO0s-GAKExM= | Quest ID=11
15:05:40.843 [Expansion Quests] Added new objective data for type=CRAFTING | Key= | ID=11
15:05:40.843 [Expansion Quests] Updated and saved persistent player quest data for player with UID=s7vJf2NuCNme1MUM_sgLr2G3yzcxYg10pO0s-GAKExM= | Quest ID=11
15:05:40.843 [Expansion Quests] Player with UID=s7vJf2NuCNme1MUM_sgLr2G3yzcxYg10pO0s-GAKExM= has completed quest with ID=11
15:05:58.707 [Expansion Quests] Added new objective data for type=TARGET | Key= | ID=30
15:05:58.710 [Expansion Quests] Updated and saved persistent player quest data for player with UID=s7vJf2NuCNme1MUM_sgLr2G3yzcxYg10pO0s-GAKExM= | Quest ID=30
15:05:58.710 [Expansion Quests] Created new quest instance with instance key=s7vJf2NuCNme1MUM_sgLr2G3yzcxYg10pO0s-GAKExM= for quest with ID=30
15:06:41.441 [Market] Player "MaxCaliber" (id=s7vJf2NuCNme1MUM_sgLr2G3yzcxYg10pO0s-GAKExM=) has sold collectable_pokemoncard_pidgeotto x1 (f9f8da10) at the trader "02Naomi (Naomi [QuickStop])" in market zone "QuickStop" (pos=<6255.169922, 8.000000, 876.177002>) and got 450.
15:06:46.859 [ATM] Player "MaxCaliber" (id=s7vJf2NuCNme1MUM_sgLr2G3yzcxYg10pO0s-GAKExM=) has deposited 450 on his ATM account.
15:07:46.617 [Safezone] Player "MaxCaliber" (id=s7vJf2NuCNme1MUM_sgLr2G3yzcxYg10pO0s-GAKExM= pos=<6285.108398, 14.504520, 942.187561>) Left the safezone
15:11:08.964 [AI Patrol 00009] Despawning 3 Stonington Tier 02 Patrol (Shamans) bots (spawn position <6897.914063, 38.752689, 1909.978760>, 0/3 deceased)
15:11:08.976 [AI Patrol 00009] Global patrol count: 0
15:12:45.929 [Expansion Quests] Added new objective data for type=TARGET | Key= | ID=30
15:12:45.929 [Expansion Quests] Updated and saved persistent player quest data for player with UID=s7vJf2NuCNme1MUM_sgLr2G3yzcxYg10pO0s-GAKExM= | Quest ID=30
15:13:39.101 [Expansion Quests] Added new objective data for type=TARGET | Key= | ID=30
15:13:39.101 [Expansion Quests] Updated and saved persistent player quest data for player with UID=s7vJf2NuCNme1MUM_sgLr2G3yzcxYg10pO0s-GAKExM= | Quest ID=30
15:13:53.992 [Expansion Quests] Added new objective data for type=TARGET | Key= | ID=30
15:13:53.992 [Expansion Quests] Updated and saved persistent player quest data for player with UID=s7vJf2NuCNme1MUM_sgLr2G3yzcxYg10pO0s-GAKExM= | Quest ID=30
15:14:06.359 [Expansion Quests] Added new objective data for type=TARGET | Key= | ID=30
15:14:06.359 [Expansion Quests] Updated and saved persistent player quest data for player with UID=s7vJf2NuCNme1MUM_sgLr2G3yzcxYg10pO0s-GAKExM= | Quest ID=30
15:14:28.562 [Expansion Quests] Added new objective data for type=TARGET | Key= | ID=30
15:14:28.562 [Expansion Quests] Updated and saved persistent player quest data for player with UID=s7vJf2NuCNme1MUM_sgLr2G3yzcxYg10pO0s-GAKExM= | Quest ID=30
15:14:46.859 [Expansion Quests] Added new objective data for type=TARGET | Key= | ID=30
15:14:46.863 [Expansion Quests] Updated and saved persistent player quest data for player with UID=s7vJf2NuCNme1MUM_sgLr2G3yzcxYg10pO0s-GAKExM= | Quest ID=30
15:42:42.113 [Expansion Quests] Added new objective data for type=TARGET | Key= | ID=30
15:42:42.113 [Expansion Quests] Updated and saved persistent player quest data for player with UID=s7vJf2NuCNme1MUM_sgLr2G3yzcxYg10pO0s-GAKExM= | Quest ID=30
15:44:10.546 [Expansion Quests] Added new objective data for type=TARGET | Key= | ID=30
15:44:10.546 [Expansion Quests] Updated and saved persistent player quest data for player with UID=s7vJf2NuCNme1MUM_sgLr2G3yzcxYg10pO0s-GAKExM= | Quest ID=30
15:54:14.996 [MissionAirdrop] An airdrop is heading towards "Kushville" (pos=<7630.000000, 0.000000, 3717.000000> type=Random_Kushville) with a ExpansionAirdropContainer
16:01:04.242 [Party] Player "MaxCaliber" (id=s7vJf2NuCNme1MUM_sgLr2G3yzcxYg10pO0s-GAKExM=) joinded the party "bcbg" (id=1 ownerUID= ownerName=)
16:01:04.242 [Party] Player "MaxCaliber" (id=s7vJf2NuCNme1MUM_sgLr2G3yzcxYg10pO0s-GAKExM=) created a party named bcbg (bcbg)
16:01:05.242 [Expansion Quests] Created new persistent group quest data for group with ID=1
16:04:03.675 [Expansion Quests] Added new objective data for type=TARGET | Key= | ID=30
16:04:03.675 [Expansion Quests] Updated and saved persistent player quest data for player with UID=s7vJf2NuCNme1MUM_sgLr2G3yzcxYg10pO0s-GAKExM= | Quest ID=30
16:04:56.777 [Expansion Quests] Added new objective data for type=TARGET | Key= | ID=30
16:04:56.777 [Expansion Quests] Updated and saved persistent player quest data for player with UID=s7vJf2NuCNme1MUM_sgLr2G3yzcxYg10pO0s-GAKExM= | Quest ID=30
16:10:12.750 [Expansion Quests] Added new objective data for type=TARGET | Key= | ID=30
16:10:12.750 [Expansion Quests] Updated and saved persistent player quest data for player with UID=s7vJf2NuCNme1MUM_sgLr2G3yzcxYg10pO0s-GAKExM= | Quest ID=30
16:10:49.316 [Expansion Quests] Added new objective data for type=TARGET | Key= | ID=30
16:10:49.316 [Expansion Quests] Updated and saved persistent player quest data for player with UID=s7vJf2NuCNme1MUM_sgLr2G3yzcxYg10pO0s-GAKExM= | Quest ID=30
16:11:25.550 [Expansion Quests] Added new objective data for type=TARGET | Key= | ID=30
16:11:25.554 [Expansion Quests] Updated and saved persistent player quest data for player with UID=s7vJf2NuCNme1MUM_sgLr2G3yzcxYg10pO0s-GAKExM= | Quest ID=30
16:15:52.585 [Party] Player "MaxCaliber" (id=s7vJf2NuCNme1MUM_sgLr2G3yzcxYg10pO0s-GAKExM=) left the party "bcbg" (id=1 ownerUID=s7vJf2NuCNme1MUM_sgLr2G3yzcxYg10pO0s-GAKExM= ownerName=MaxCaliber)
16:15:52.585 [Expansion Quests] Deleted quest with ID=30 is a of player with UID=s7vJf2NuCNme1MUM_sgLr2G3yzcxYg10pO0s-GAKExM=.
16:16:17.152 [GraveStone] Spawned GraveStone for Survivor at position 0x00000000fb2d1dc4 {<5179.05,21.9079,1154.98>}
23:35:30.531 [Expansion Quests] Initialize quest system on the connected client with UID=BlCTbSRV5QYaEKP-S_Hg4CG7zCAg90tKLTciEKHy8Pc=
23:35:30.546 [Expansion Quests] Loaded existing player quest data for player with UID=BlCTbSRV5QYaEKP-S_Hg4CG7zCAg90tKLTciEKHy8Pc=
23:35:30.546 [Expansion Quests] Check quest initialization for quest with ID=1 | State=STARTED | Player UID=BlCTbSRV5QYaEKP-S_Hg4CG7zCAg90tKLTciEKHy8Pc=
23:35:30.546 [Expansion Quests] Create new quest instance for quest with ID=1 | Player UID=BlCTbSRV5QYaEKP-S_Hg4CG7zCAg90tKLTciEKHy8Pc=
23:35:30.546 [Expansion Quests] Quest with ID=2 is not a a valid achievement or auto start quest. Skip quest for player with UID=BlCTbSRV5QYaEKP-S_Hg4CG7zCAg90tKLTciEKHy8Pc=
23:35:30.546 [Expansion Quests] Quest with ID=3 is not a a valid achievement or auto start quest. Skip quest for player with UID=BlCTbSRV5QYaEKP-S_Hg4CG7zCAg90tKLTciEKHy8Pc=
23:35:30.546 [Expansion Quests] Quest with ID=4 is not a a valid achievement or auto start quest. Skip quest for player with UID=BlCTbSRV5QYaEKP-S_Hg4CG7zCAg90tKLTciEKHy8Pc=
23:35:30.546 [Expansion Quests] Quest with ID=5 is not a a valid achievement or auto start quest. Skip quest for player with UID=BlCTbSRV5QYaEKP-S_Hg4CG7zCAg90tKLTciEKHy8Pc=
23:35:30.546 [Expansion Quests] Quest with ID=6 is not a a valid achievement or auto start quest. Skip quest for player with UID=BlCTbSRV5QYaEKP-S_Hg4CG7zCAg90tKLTciEKHy8Pc=
23:35:30.546 [Expansion Quests] Quest with ID=7 is not a a valid achievement or auto start quest. Skip quest for player with UID=BlCTbSRV5QYaEKP-S_Hg4CG7zCAg90tKLTciEKHy8Pc=
23:35:30.546 [Expansion Quests] Quest with ID=8 is not a a valid achievement or auto start quest. Skip quest for player with UID=BlCTbSRV5QYaEKP-S_Hg4CG7zCAg90tKLTciEKHy8Pc=
23:35:30.546 [Expansion Quests] Quest with ID=9 is not a a valid achievement or auto start quest. Skip quest for player with UID=BlCTbSRV5QYaEKP-S_Hg4CG7zCAg90tKLTciEKHy8Pc=
23:35:30.546 [Expansion Quests] Quest with ID=10 is not a a valid achievement or auto start quest. Skip quest for player with UID=BlCTbSRV5QYaEKP-S_Hg4CG7zCAg90tKLTciEKHy8Pc=
23:35:30.546 [Expansion Quests] Quest with ID=11 is not a a valid achievement or auto start quest. Skip quest for player with UID=BlCTbSRV5QYaEKP-S_Hg4CG7zCAg90tKLTciEKHy8Pc=
23:35:30.546 [Expansion Quests] Quest with ID=12 is not a a valid achievement or auto start quest. Skip quest for player with UID=BlCTbSRV5QYaEKP-S_Hg4CG7zCAg90tKLTciEKHy8Pc=
23:35:30.546 [Expansion Quests] Quest with ID=13 is not a a valid achievement or auto start quest. Skip quest for player with UID=BlCTbSRV5QYaEKP-S_Hg4CG7zCAg90tKLTciEKHy8Pc=
23:35:30.546 [Expansion Quests] Quest with ID=14 is not a a valid achievement or auto start quest. Skip quest for player with UID=BlCTbSRV5QYaEKP-S_Hg4CG7zCAg90tKLTciEKHy8Pc=
23:35:30.546 [Expansion Quests] Quest with ID=15 is not a a valid achievement or auto start quest. Skip quest for player with UID=BlCTbSRV5QYaEKP-S_Hg4CG7zCAg90tKLTciEKHy8Pc=
23:35:30.546 [Expansion Quests] Quest with ID=16 is not a a valid achievement or auto start quest. Skip quest for player with UID=BlCTbSRV5QYaEKP-S_Hg4CG7zCAg90tKLTciEKHy8Pc=
23:35:30.546 [Expansion Quests] Quest with ID=17 is not a a valid achievement or auto start quest. Skip quest for player with UID=BlCTbSRV5QYaEKP-S_Hg4CG7zCAg90tKLTciEKHy8Pc=
23:35:30.546 [Expansion Quests] Quest with ID=18 is not a a valid achievement or auto start quest. Skip quest for player with UID=BlCTbSRV5QYaEKP-S_Hg4CG7zCAg90tKLTciEKHy8Pc=
23:35:30.546 [Expansion Quests] Quest with ID=19 is not a a valid achievement or auto start quest. Skip quest for player with UID=BlCTbSRV5QYaEKP-S_Hg4CG7zCAg90tKLTciEKHy8Pc=
23:35:30.546 [Expansion Quests] Quest with ID=20 is not a a valid achievement or auto start quest. Skip quest for player with UID=BlCTbSRV5QYaEKP-S_Hg4CG7zCAg90tKLTciEKHy8Pc=
23:35:30.546 [Expansion Quests] Quest with ID=21 is not a a valid achievement or auto start quest. Skip quest for player with UID=BlCTbSRV5QYaEKP-S_Hg4CG7zCAg90tKLTciEKHy8Pc=
23:35:30.546 [Expansion Quests] Quest with ID=22 is not a a valid achievement or auto start quest. Skip quest for player with UID=BlCTbSRV5QYaEKP-S_Hg4CG7zCAg90tKLTciEKHy8Pc=
23:35:30.546 [Expansion Quests] Quest with ID=23 is not a a valid achievement or auto start quest. Skip quest for player with UID=BlCTbSRV5QYaEKP-S_Hg4CG7zCAg90tKLTciEKHy8Pc=
23:35:30.546 [Expansion Quests] Quest with ID=24 is not a a valid achievement or auto start quest. Skip quest for player with UID=BlCTbSRV5QYaEKP-S_Hg4CG7zCAg90tKLTciEKHy8Pc=
23:35:30.546 [Expansion Quests] Quest with ID=25 is not a a valid achievement or auto start quest. Skip quest for player with UID=BlCTbSRV5QYaEKP-S_Hg4CG7zCAg90tKLTciEKHy8Pc=
23:35:30.546 [Expansion Quests] Quest with ID=26 is not a a valid achievement or auto start quest. Skip quest for player with UID=BlCTbSRV5QYaEKP-S_Hg4CG7zCAg90tKLTciEKHy8Pc=
23:35:30.546 [Expansion Quests] Quest with ID=27 is not a a valid achievement or auto start quest. Skip quest for player with UID=BlCTbSRV5QYaEKP-S_Hg4CG7zCAg90tKLTciEKHy8Pc=
23:35:30.546 [Expansion Quests] Quest with ID=28 is not a a valid achievement or auto start quest. Skip quest for player with UID=BlCTbSRV5QYaEKP-S_Hg4CG7zCAg90tKLTciEKHy8Pc=
23:35:30.546 [Expansion Quests] Quest with ID=29 is not a a valid achievement or auto start quest. Skip quest for player with UID=BlCTbSRV5QYaEKP-S_Hg4CG7zCAg90tKLTciEKHy8Pc=
23:35:30.546 [Expansion Quests] Quest with ID=30 is not a a valid achievement or auto start quest. Skip quest for player with UID=BlCTbSRV5QYaEKP-S_Hg4CG7zCAg90tKLTciEKHy8Pc=
23:35:30.546 [Expansion Quests] Quest with ID=31 is not a a valid achievement or auto start quest. Skip quest for player with UID=BlCTbSRV5QYaEKP-S_Hg4CG7zCAg90tKLTciEKHy8Pc=
23:35:30.546 [Expansion Quests] Quest with ID=32 is not a a valid achievement or auto start quest. Skip quest for player with UID=BlCTbSRV5QYaEKP-S_Hg4CG7zCAg90tKLTciEKHy8Pc=
23:35:30.546 [Expansion Quests] Quest with ID=33 is not a a valid achievement or auto start quest. Skip quest for player with UID=BlCTbSRV5QYaEKP-S_Hg4CG7zCAg90tKLTciEKHy8Pc=
23:35:30.546 [Expansion Quests] Quest with ID=35 is not a a valid achievement or auto start quest. Skip quest for player with UID=BlCTbSRV5QYaEKP-S_Hg4CG7zCAg90tKLTciEKHy8Pc=
23:35:30.546 [Expansion Quests] Quest with ID=36 is not a a valid achievement or auto start quest. Skip quest for player with UID=BlCTbSRV5QYaEKP-S_Hg4CG7zCAg90tKLTciEKHy8Pc=
23:35:30.546 [Expansion Quests] Quest with ID=37 is not a a valid achievement or auto start quest. Skip quest for player with UID=BlCTbSRV5QYaEKP-S_Hg4CG7zCAg90tKLTciEKHy8Pc=
23:35:30.546 [Expansion Quests] Quest with ID=38 is not a a valid achievement or auto start quest. Skip quest for player with UID=BlCTbSRV5QYaEKP-S_Hg4CG7zCAg90tKLTciEKHy8Pc=
23:35:30.546 [Expansion Quests] Quest with ID=39 is not a a valid achievement or auto start quest. Skip quest for player with UID=BlCTbSRV5QYaEKP-S_Hg4CG7zCAg90tKLTciEKHy8Pc=
23:35:30.546 [Expansion Quests] Quest with ID=40 is not a a valid achievement or auto start quest. Skip quest for player with UID=BlCTbSRV5QYaEKP-S_Hg4CG7zCAg90tKLTciEKHy8Pc=
23:35:30.546 [Expansion Quests] Sending BlCTbSRV5QYaEKP-S_Hg4CG7zCAg90tKLTciEKHy8Pc= quest configs to client for player with UID=BlCTbSRV5QYaEKP-S_Hg4CG7zCAg90tKLTciEKHy8Pc=
23:35:30.546 [Expansion Quests] Sending player quest data for 1 quests to player with UID=BlCTbSRV5QYaEKP-S_Hg4CG7zCAg90tKLTciEKHy8Pc=
23:35:31.015 [Expansion Quests] Added new objective data for type=TRAVEL | Key=BlCTbSRV5QYaEKP-S_Hg4CG7zCAg90tKLTciEKHy8Pc= | ID=1
23:35:31.015 [Expansion Quests] Updated and saved persistent player quest data for player with UID=BlCTbSRV5QYaEKP-S_Hg4CG7zCAg90tKLTciEKHy8Pc= | Quest ID=1
23:35:33.140 [MissionAirdrop] An airdrop is heading towards "Oldfield" (pos=<6117.000000, 0.000000, 7004.000000> type=Random_Oldfield) with a ExpansionAirdropContainer_Military
23:36:54.265 [Expansion Quests] Deleted quest with ID=1 is a of player with UID=BlCTbSRV5QYaEKP-S_Hg4CG7zCAg90tKLTciEKHy8Pc=.
23:38:07.929 [Expansion Quests] Initialize quest system on the connected client with UID=BlCTbSRV5QYaEKP-S_Hg4CG7zCAg90tKLTciEKHy8Pc=
23:38:07.937 [Expansion Quests] Loaded existing player quest data for player with UID=BlCTbSRV5QYaEKP-S_Hg4CG7zCAg90tKLTciEKHy8Pc=
23:38:07.937 [Expansion Quests] Check quest initialization for quest with ID=1 | State=STARTED | Player UID=BlCTbSRV5QYaEKP-S_Hg4CG7zCAg90tKLTciEKHy8Pc=
23:38:07.937 [Expansion Quests] Create new quest instance for quest with ID=1 | Player UID=BlCTbSRV5QYaEKP-S_Hg4CG7zCAg90tKLTciEKHy8Pc=
23:38:07.937 [Expansion Quests] Quest with ID=2 is not a a valid achievement or auto start quest. Skip quest for player with UID=BlCTbSRV5QYaEKP-S_Hg4CG7zCAg90tKLTciEKHy8Pc=
23:38:07.937 [Expansion Quests] Quest with ID=3 is not a a valid achievement or auto start quest. Skip quest for player with UID=BlCTbSRV5QYaEKP-S_Hg4CG7zCAg90tKLTciEKHy8Pc=
23:38:07.937 [Expansion Quests] Quest with ID=4 is not a a valid achievement or auto start quest. Skip quest for player with UID=BlCTbSRV5QYaEKP-S_Hg4CG7zCAg90tKLTciEKHy8Pc=
23:38:07.937 [Expansion Quests] Quest with ID=5 is not a a valid achievement or auto start quest. Skip quest for player with UID=BlCTbSRV5QYaEKP-S_Hg4CG7zCAg90tKLTciEKHy8Pc=
23:38:07.937 [Expansion Quests] Quest with ID=6 is not a a valid achievement or auto start quest. Skip quest for player with UID=BlCTbSRV5QYaEKP-S_Hg4CG7zCAg90tKLTciEKHy8Pc=
23:38:07.937 [Expansion Quests] Quest with ID=7 is not a a valid achievement or auto start quest. Skip quest for player with UID=BlCTbSRV5QYaEKP-S_Hg4CG7zCAg90tKLTciEKHy8Pc=
23:38:07.937 [Expansion Quests] Quest with ID=8 is not a a valid achievement or auto start quest. Skip quest for player with UID=BlCTbSRV5QYaEKP-S_Hg4CG7zCAg90tKLTciEKHy8Pc=
23:38:07.937 [Expansion Quests] Quest with ID=9 is not a a valid achievement or auto start quest. Skip quest for player with UID=BlCTbSRV5QYaEKP-S_Hg4CG7zCAg90tKLTciEKHy8Pc=
23:38:07.937 [Expansion Quests] Quest with ID=10 is not a a valid achievement or auto start quest. Skip quest for player with UID=BlCTbSRV5QYaEKP-S_Hg4CG7zCAg90tKLTciEKHy8Pc=
23:38:07.937 [Expansion Quests] Quest with ID=11 is not a a valid achievement or auto start quest. Skip quest for player with UID=BlCTbSRV5QYaEKP-S_Hg4CG7zCAg90tKLTciEKHy8Pc=
23:38:07.937 [Expansion Quests] Quest with ID=12 is not a a valid achievement or auto start quest. Skip quest for player with UID=BlCTbSRV5QYaEKP-S_Hg4CG7zCAg90tKLTciEKHy8Pc=
23:38:07.937 [Expansion Quests] Quest with ID=13 is not a a valid achievement or auto start quest. Skip quest for player with UID=BlCTbSRV5QYaEKP-S_Hg4CG7zCAg90tKLTciEKHy8Pc=
23:38:07.937 [Expansion Quests] Quest with ID=14 is not a a valid achievement or auto start quest. Skip quest for player with UID=BlCTbSRV5QYaEKP-S_Hg4CG7zCAg90tKLTciEKHy8Pc=
23:38:07.937 [Expansion Quests] Quest with ID=15 is not a a valid achievement or auto start quest. Skip quest for player with UID=BlCTbSRV5QYaEKP-S_Hg4CG7zCAg90tKLTciEKHy8Pc=
23:38:07.937 [Expansion Quests] Quest with ID=16 is not a a valid achievement or auto start quest. Skip quest for player with UID=BlCTbSRV5QYaEKP-S_Hg4CG7zCAg90tKLTciEKHy8Pc=
23:38:07.937 [Expansion Quests] Quest with ID=17 is not a a valid achievement or auto start quest. Skip quest for player with UID=BlCTbSRV5QYaEKP-S_Hg4CG7zCAg90tKLTciEKHy8Pc=
23:38:07.937 [Expansion Quests] Quest with ID=18 is not a a valid achievement or auto start quest. Skip quest for player with UID=BlCTbSRV5QYaEKP-S_Hg4CG7zCAg90tKLTciEKHy8Pc=
23:38:07.937 [Expansion Quests] Quest with ID=19 is not a a valid achievement or auto start quest. Skip quest for player with UID=BlCTbSRV5QYaEKP-S_Hg4CG7zCAg90tKLTciEKHy8Pc=
23:38:07.937 [Expansion Quests] Quest with ID=20 is not a a valid achievement or auto start quest. Skip quest for player with UID=BlCTbSRV5QYaEKP-S_Hg4CG7zCAg90tKLTciEKHy8Pc=
23:38:07.937 [Expansion Quests] Quest with ID=21 is not a a valid achievement or auto start quest. Skip quest for player with UID=BlCTbSRV5QYaEKP-S_Hg4CG7zCAg90tKLTciEKHy8Pc=
23:38:07.937 [Expansion Quests] Quest with ID=22 is not a a valid achievement or auto start quest. Skip quest for player with UID=BlCTbSRV5QYaEKP-S_Hg4CG7zCAg90tKLTciEKHy8Pc=
23:38:07.937 [Expansion Quests] Quest with ID=23 is not a a valid achievement or auto start quest. Skip quest for player with UID=BlCTbSRV5QYaEKP-S_Hg4CG7zCAg90tKLTciEKHy8Pc=
23:38:07.937 [Expansion Quests] Quest with ID=24 is not a a valid achievement or auto start quest. Skip quest for player with UID=BlCTbSRV5QYaEKP-S_Hg4CG7zCAg90tKLTciEKHy8Pc=
23:38:07.937 [Expansion Quests] Quest with ID=25 is not a a valid achievement or auto start quest. Skip quest for player with UID=BlCTbSRV5QYaEKP-S_Hg4CG7zCAg90tKLTciEKHy8Pc=
23:38:07.937 [Expansion Quests] Quest with ID=26 is not a a valid achievement or auto start quest. Skip quest for player with UID=BlCTbSRV5QYaEKP-S_Hg4CG7zCAg90tKLTciEKHy8Pc=
23:38:07.937 [Expansion Quests] Quest with ID=27 is not a a valid achievement or auto start quest. Skip quest for player with UID=BlCTbSRV5QYaEKP-S_Hg4CG7zCAg90tKLTciEKHy8Pc=
23:38:07.937 [Expansion Quests] Quest with ID=28 is not a a valid achievement or auto start quest. Skip quest for player with UID=BlCTbSRV5QYaEKP-S_Hg4CG7zCAg90tKLTciEKHy8Pc=
23:38:07.937 [Expansion Quests] Quest with ID=29 is not a a valid achievement or auto start quest. Skip quest for player with UID=BlCTbSRV5QYaEKP-S_Hg4CG7zCAg90tKLTciEKHy8Pc=
23:38:07.937 [Expansion Quests] Quest with ID=30 is not a a valid achievement or auto start quest. Skip quest for player with UID=BlCTbSRV5QYaEKP-S_Hg4CG7zCAg90tKLTciEKHy8Pc=
23:38:07.937 [Expansion Quests] Quest with ID=31 is not a a valid achievement or auto start quest. Skip quest for player with UID=BlCTbSRV5QYaEKP-S_Hg4CG7zCAg90tKLTciEKHy8Pc=
23:38:07.937 [Expansion Quests] Quest with ID=32 is not a a valid achievement or auto start quest. Skip quest for player with UID=BlCTbSRV5QYaEKP-S_Hg4CG7zCAg90tKLTciEKHy8Pc=
23:38:07.937 [Expansion Quests] Quest with ID=33 is not a a valid achievement or auto start quest. Skip quest for player with UID=BlCTbSRV5QYaEKP-S_Hg4CG7zCAg90tKLTciEKHy8Pc=
23:38:07.937 [Expansion Quests] Quest with ID=35 is not a a valid achievement or auto start quest. Skip quest for player with UID=BlCTbSRV5QYaEKP-S_Hg4CG7zCAg90tKLTciEKHy8Pc=
23:38:07.937 [Expansion Quests] Quest with ID=36 is not a a valid achievement or auto start quest. Skip quest for player with UID=BlCTbSRV5QYaEKP-S_Hg4CG7zCAg90tKLTciEKHy8Pc=
23:38:07.937 [Expansion Quests] Quest with ID=37 is not a a valid achievement or auto start quest. Skip quest for player with UID=BlCTbSRV5QYaEKP-S_Hg4CG7zCAg90tKLTciEKHy8Pc=
23:38:07.937 [Expansion Quests] Quest with ID=38 is not a a valid achievement or auto start quest. Skip quest for player with UID=BlCTbSRV5QYaEKP-S_Hg4CG7zCAg90tKLTciEKHy8Pc=
23:38:07.937 [Expansion Quests] Quest with ID=39 is not a a valid achievement or auto start quest. Skip quest for player with UID=BlCTbSRV5QYaEKP-S_Hg4CG7zCAg90tKLTciEKHy8Pc=
23:38:07.937 [Expansion Quests] Quest with ID=40 is not a a valid achievement or auto start quest. Skip quest for player with UID=BlCTbSRV5QYaEKP-S_Hg4CG7zCAg90tKLTciEKHy8Pc=
23:38:07.937 [Expansion Quests] Sending BlCTbSRV5QYaEKP-S_Hg4CG7zCAg90tKLTciEKHy8Pc= quest configs to client for player with UID=BlCTbSRV5QYaEKP-S_Hg4CG7zCAg90tKLTciEKHy8Pc=
23:38:07.937 [Expansion Quests] Sending player quest data for 1 quests to player with UID=BlCTbSRV5QYaEKP-S_Hg4CG7zCAg90tKLTciEKHy8Pc=
23:38:08.421 [Expansion Quests] Added new objective data for type=TRAVEL | Key=BlCTbSRV5QYaEKP-S_Hg4CG7zCAg90tKLTciEKHy8Pc= | ID=1
23:38:08.421 [Expansion Quests] Updated and saved persistent player quest data for player with UID=BlCTbSRV5QYaEKP-S_Hg4CG7zCAg90tKLTciEKHy8Pc= | Quest ID=1
23:40:23.546 [Expansion Quests] Deleted quest with ID=1 is a of player with UID=BlCTbSRV5QYaEKP-S_Hg4CG7zCAg90tKLTciEKHy8Pc=.
00:17:31.125 [Expansion Quests] Initialize quest system on the connected client with UID=BlCTbSRV5QYaEKP-S_Hg4CG7zCAg90tKLTciEKHy8Pc=
00:17:31.125 [Expansion Quests] Loaded existing player quest data for player with UID=BlCTbSRV5QYaEKP-S_Hg4CG7zCAg90tKLTciEKHy8Pc=
00:17:31.125 [Expansion Quests] Check quest initialization for quest with ID=1 | State=STARTED | Player UID=BlCTbSRV5QYaEKP-S_Hg4CG7zCAg90tKLTciEKHy8Pc=
00:17:31.125 [Expansion Quests] Create new quest instance for quest with ID=1 | Player UID=BlCTbSRV5QYaEKP-S_Hg4CG7zCAg90tKLTciEKHy8Pc=
00:17:31.125 [Expansion Quests] Quest with ID=2 is not a a valid achievement or auto start quest. Skip quest for player with UID=BlCTbSRV5QYaEKP-S_Hg4CG7zCAg90tKLTciEKHy8Pc=
00:17:31.125 [Expansion Quests] Quest with ID=3 is not a a valid achievement or auto start quest. Skip quest for player with UID=BlCTbSRV5QYaEKP-S_Hg4CG7zCAg90tKLTciEKHy8Pc=
00:17:31.125 [Expansion Quests] Quest with ID=4 is not a a valid achievement or auto start quest. Skip quest for player with UID=BlCTbSRV5QYaEKP-S_Hg4CG7zCAg90tKLTciEKHy8Pc=
00:17:31.125 [Expansion Quests] Quest with ID=5 is not a a valid achievement or auto start quest. Skip quest for player with UID=BlCTbSRV5QYaEKP-S_Hg4CG7zCAg90tKLTciEKHy8Pc=
00:17:31.125 [Expansion Quests] Quest with ID=6 is not a a valid achievement or auto start quest. Skip quest for player with UID=BlCTbSRV5QYaEKP-S_Hg4CG7zCAg90tKLTciEKHy8Pc=
00:17:31.125 [Expansion Quests] Quest with ID=7 is not a a valid achievement or auto start quest. Skip quest for player with UID=BlCTbSRV5QYaEKP-S_Hg4CG7zCAg90tKLTciEKHy8Pc=
00:17:31.125 [Expansion Quests] Quest with ID=8 is not a a valid achievement or auto start quest. Skip quest for player with UID=BlCTbSRV5QYaEKP-S_Hg4CG7zCAg90tKLTciEKHy8Pc=
00:17:31.125 [Expansion Quests] Quest with ID=9 is not a a valid achievement or auto start quest. Skip quest for player with UID=BlCTbSRV5QYaEKP-S_Hg4CG7zCAg90tKLTciEKHy8Pc=
00:17:31.125 [Expansion Quests] Quest with ID=10 is not a a valid achievement or auto start quest. Skip quest for player with UID=BlCTbSRV5QYaEKP-S_Hg4CG7zCAg90tKLTciEKHy8Pc=
00:17:31.125 [Expansion Quests] Quest with ID=11 is not a a valid achievement or auto start quest. Skip quest for player with UID=BlCTbSRV5QYaEKP-S_Hg4CG7zCAg90tKLTciEKHy8Pc=
00:17:31.125 [Expansion Quests] Quest with ID=12 is not a a valid achievement or auto start quest. Skip quest for player with UID=BlCTbSRV5QYaEKP-S_Hg4CG7zCAg90tKLTciEKHy8Pc=
00:17:31.125 [Expansion Quests] Quest with ID=13 is not a a valid achievement or auto start quest. Skip quest for player with UID=BlCTbSRV5QYaEKP-S_Hg4CG7zCAg90tKLTciEKHy8Pc=
00:17:31.125 [Expansion Quests] Quest with ID=14 is not a a valid achievement or auto start quest. Skip quest for player with UID=BlCTbSRV5QYaEKP-S_Hg4CG7zCAg90tKLTciEKHy8Pc=
00:17:31.125 [Expansion Quests] Quest with ID=15 is not a a valid achievement or auto start quest. Skip quest for player with UID=BlCTbSRV5QYaEKP-S_Hg4CG7zCAg90tKLTciEKHy8Pc=
00:17:31.125 [Expansion Quests] Quest with ID=16 is not a a valid achievement or auto start quest. Skip quest for player with UID=BlCTbSRV5QYaEKP-S_Hg4CG7zCAg90tKLTciEKHy8Pc=
00:17:31.125 [Expansion Quests] Quest with ID=17 is not a a valid achievement or auto start quest. Skip quest for player with UID=BlCTbSRV5QYaEKP-S_Hg4CG7zCAg90tKLTciEKHy8Pc=
00:17:31.125 [Expansion Quests] Quest with ID=18 is not a a valid achievement or auto start quest. Skip quest for player with UID=BlCTbSRV5QYaEKP-S_Hg4CG7zCAg90tKLTciEKHy8Pc=
00:17:31.125 [Expansion Quests] Quest with ID=19 is not a a valid achievement or auto start quest. Skip quest for player with UID=BlCTbSRV5QYaEKP-S_Hg4CG7zCAg90tKLTciEKHy8Pc=
00:17:31.125 [Expansion Quests] Quest with ID=20 is not a a valid achievement or auto start quest. Skip quest for player with UID=BlCTbSRV5QYaEKP-S_Hg4CG7zCAg90tKLTciEKHy8Pc=
00:17:31.125 [Expansion Quests] Quest with ID=21 is not a a valid achievement or auto start quest. Skip quest for player with UID=BlCTbSRV5QYaEKP-S_Hg4CG7zCAg90tKLTciEKHy8Pc=
00:17:31.125 [Expansion Quests] Quest with ID=22 is not a a valid achievement or auto start quest. Skip quest for player with UID=BlCTbSRV5QYaEKP-S_Hg4CG7zCAg90tKLTciEKHy8Pc=
00:17:31.125 [Expansion Quests] Quest with ID=23 is not a a valid achievement or auto start quest. Skip quest for player with UID=BlCTbSRV5QYaEKP-S_Hg4CG7zCAg90tKLTciEKHy8Pc=
00:17:31.125 [Expansion Quests] Quest with ID=24 is not a a valid achievement or auto start quest. Skip quest for player with UID=BlCTbSRV5QYaEKP-S_Hg4CG7zCAg90tKLTciEKHy8Pc=
00:17:31.125 [Expansion Quests] Quest with ID=25 is not a a valid achievement or auto start quest. Skip quest for player with UID=BlCTbSRV5QYaEKP-S_Hg4CG7zCAg90tKLTciEKHy8Pc=
00:17:31.125 [Expansion Quests] Quest with ID=26 is not a a valid achievement or auto start quest. Skip quest for player with UID=BlCTbSRV5QYaEKP-S_Hg4CG7zCAg90tKLTciEKHy8Pc=
00:17:31.125 [Expansion Quests] Quest with ID=27 is not a a valid achievement or auto start quest. Skip quest for player with UID=BlCTbSRV5QYaEKP-S_Hg4CG7zCAg90tKLTciEKHy8Pc=
00:17:31.125 [Expansion Quests] Quest with ID=28 is not a a valid achievement or auto start quest. Skip quest for player with UID=BlCTbSRV5QYaEKP-S_Hg4CG7zCAg90tKLTciEKHy8Pc=
00:17:31.125 [Expansion Quests] Quest with ID=29 is not a a valid achievement or auto start quest. Skip quest for player with UID=BlCTbSRV5QYaEKP-S_Hg4CG7zCAg90tKLTciEKHy8Pc=
00:17:31.125 [Expansion Quests] Quest with ID=30 is not a a valid achievement or auto start quest. Skip quest for player with UID=BlCTbSRV5QYaEKP-S_Hg4CG7zCAg90tKLTciEKHy8Pc=
00:17:31.125 [Expansion Quests] Quest with ID=31 is not a a valid achievement or auto start quest. Skip quest for player with UID=BlCTbSRV5QYaEKP-S_Hg4CG7zCAg90tKLTciEKHy8Pc=
00:17:31.125 [Expansion Quests] Quest with ID=32 is not a a valid achievement or auto start quest. Skip quest for player with UID=BlCTbSRV5QYaEKP-S_Hg4CG7zCAg90tKLTciEKHy8Pc=
00:17:31.125 [Expansion Quests] Quest with ID=33 is not a a valid achievement or auto start quest. Skip quest for player with UID=BlCTbSRV5QYaEKP-S_Hg4CG7zCAg90tKLTciEKHy8Pc=
00:17:31.125 [Expansion Quests] Quest with ID=35 is not a a valid achievement or auto start quest. Skip quest for player with UID=BlCTbSRV5QYaEKP-S_Hg4CG7zCAg90tKLTciEKHy8Pc=
00:17:31.125 [Expansion Quests] Quest with ID=36 is not a a valid achievement or auto start quest. Skip quest for player with UID=BlCTbSRV5QYaEKP-S_Hg4CG7zCAg90tKLTciEKHy8Pc=
00:17:31.125 [Expansion Quests] Quest with ID=37 is not a a valid achievement or auto start quest. Skip quest for player with UID=BlCTbSRV5QYaEKP-S_Hg4CG7zCAg90tKLTciEKHy8Pc=
00:17:31.125 [Expansion Quests] Quest with ID=38 is not a a valid achievement or auto start quest. Skip quest for player with UID=BlCTbSRV5QYaEKP-S_Hg4CG7zCAg90tKLTciEKHy8Pc=
00:17:31.125 [Expansion Quests] Quest with ID=39 is not a a valid achievement or auto start quest. Skip quest for player with UID=BlCTbSRV5QYaEKP-S_Hg4CG7zCAg90tKLTciEKHy8Pc=
00:17:31.125 [Expansion Quests] Quest with ID=40 is not a a valid achievement or auto start quest. Skip quest for player with UID=BlCTbSRV5QYaEKP-S_Hg4CG7zCAg90tKLTciEKHy8Pc=
00:17:31.125 [Expansion Quests] Sending BlCTbSRV5QYaEKP-S_Hg4CG7zCAg90tKLTciEKHy8Pc= quest configs to client for player with UID=BlCTbSRV5QYaEKP-S_Hg4CG7zCAg90tKLTciEKHy8Pc=
00:17:31.125 [Expansion Quests] Sending player quest data for 1 quests to player with UID=BlCTbSRV5QYaEKP-S_Hg4CG7zCAg90tKLTciEKHy8Pc=
00:17:31.617 [Expansion Quests] Added new objective data for type=TRAVEL | Key=BlCTbSRV5QYaEKP-S_Hg4CG7zCAg90tKLTciEKHy8Pc= | ID=1
00:17:31.617 [Expansion Quests] Updated and saved persistent player quest data for player with UID=BlCTbSRV5QYaEKP-S_Hg4CG7zCAg90tKLTciEKHy8Pc= | Quest ID=1
00:28:17.953 [Expansion Quests] Deleted quest with ID=1 is a of player with UID=BlCTbSRV5QYaEKP-S_Hg4CG7zCAg90tKLTciEKHy8Pc=.
08:51:13.398 [Expansion Quests] Initialize quest system on the connected client with UID=x-BkRIfx-qAEFZjwUz30uQ5i3gD0RevPLirNl1NO-Vk=
08:51:13.398 [Expansion Quests] Created new persistent player quest data for player UID=x-BkRIfx-qAEFZjwUz30uQ5i3gD0RevPLirNl1NO-Vk=
08:51:13.398 [Expansion Quests] Create new achievement/auto-start quest for quest ID=1 for player with UID=x-BkRIfx-qAEFZjwUz30uQ5i3gD0RevPLirNl1NO-Vk=
08:51:13.398 [Expansion Quests] Added new objective data for type=TRAVEL | Key= | ID=1
08:51:13.398 [Expansion Quests] Updated and saved persistent player quest data for player with UID=x-BkRIfx-qAEFZjwUz30uQ5i3gD0RevPLirNl1NO-Vk= | Quest ID=1
08:51:13.398 [Expansion Quests] Quest with ID=2 is not a a valid achievement or auto start quest. Skip quest for player with UID=x-BkRIfx-qAEFZjwUz30uQ5i3gD0RevPLirNl1NO-Vk=
08:51:13.398 [Expansion Quests] Quest with ID=3 is not a a valid achievement or auto start quest. Skip quest for player with UID=x-BkRIfx-qAEFZjwUz30uQ5i3gD0RevPLirNl1NO-Vk=
08:51:13.398 [Expansion Quests] Quest with ID=4 is not a a valid achievement or auto start quest. Skip quest for player with UID=x-BkRIfx-qAEFZjwUz30uQ5i3gD0RevPLirNl1NO-Vk=
08:51:13.398 [Expansion Quests] Quest with ID=5 is not a a valid achievement or auto start quest. Skip quest for player with UID=x-BkRIfx-qAEFZjwUz30uQ5i3gD0RevPLirNl1NO-Vk=
08:51:13.398 [Expansion Quests] Quest with ID=6 is not a a valid achievement or auto start quest. Skip quest for player with UID=x-BkRIfx-qAEFZjwUz30uQ5i3gD0RevPLirNl1NO-Vk=
08:51:13.398 [Expansion Quests] Quest with ID=7 is not a a valid achievement or auto start quest. Skip quest for player with UID=x-BkRIfx-qAEFZjwUz30uQ5i3gD0RevPLirNl1NO-Vk=
08:51:13.398 [Expansion Quests] Quest with ID=8 is not a a valid achievement or auto start quest. Skip quest for player with UID=x-BkRIfx-qAEFZjwUz30uQ5i3gD0RevPLirNl1NO-Vk=
08:51:13.398 [Expansion Quests] Quest with ID=9 is not a a valid achievement or auto start quest. Skip quest for player with UID=x-BkRIfx-qAEFZjwUz30uQ5i3gD0RevPLirNl1NO-Vk=
08:51:13.398 [Expansion Quests] Quest with ID=10 is not a a valid achievement or auto start quest. Skip quest for player with UID=x-BkRIfx-qAEFZjwUz30uQ5i3gD0RevPLirNl1NO-Vk=
08:51:13.398 [Expansion Quests] Quest with ID=11 is not a a valid achievement or auto start quest. Skip quest for player with UID=x-BkRIfx-qAEFZjwUz30uQ5i3gD0RevPLirNl1NO-Vk=
08:51:13.398 [Expansion Quests] Quest with ID=12 is not a a valid achievement or auto start quest. Skip quest for player with UID=x-BkRIfx-qAEFZjwUz30uQ5i3gD0RevPLirNl1NO-Vk=
08:51:13.398 [Expansion Quests] Quest with ID=13 is not a a valid achievement or auto start quest. Skip quest for player with UID=x-BkRIfx-qAEFZjwUz30uQ5i3gD0RevPLirNl1NO-Vk=
08:51:13.398 [Expansion Quests] Quest with ID=14 is not a a valid achievement or auto start quest. Skip quest for player with UID=x-BkRIfx-qAEFZjwUz30uQ5i3gD0RevPLirNl1NO-Vk=
08:51:13.398 [Expansion Quests] Quest with ID=15 is not a a valid achievement or auto start quest. Skip quest for player with UID=x-BkRIfx-qAEFZjwUz30uQ5i3gD0RevPLirNl1NO-Vk=
08:51:13.398 [Expansion Quests] Quest with ID=16 is not a a valid achievement or auto start quest. Skip quest for player with UID=x-BkRIfx-qAEFZjwUz30uQ5i3gD0RevPLirNl1NO-Vk=
08:51:13.398 [Expansion Quests] Quest with ID=17 is not a a valid achievement or auto start quest. Skip quest for player with UID=x-BkRIfx-qAEFZjwUz30uQ5i3gD0RevPLirNl1NO-Vk=
08:51:13.398 [Expansion Quests] Quest with ID=18 is not a a valid achievement or auto start quest. Skip quest for player with UID=x-BkRIfx-qAEFZjwUz30uQ5i3gD0RevPLirNl1NO-Vk=
08:51:13.398 [Expansion Quests] Quest with ID=19 is not a a valid achievement or auto start quest. Skip quest for player with UID=x-BkRIfx-qAEFZjwUz30uQ5i3gD0RevPLirNl1NO-Vk=
08:51:13.398 [Expansion Quests] Quest with ID=20 is not a a valid achievement or auto start quest. Skip quest for player with UID=x-BkRIfx-qAEFZjwUz30uQ5i3gD0RevPLirNl1NO-Vk=
08:51:13.398 [Expansion Quests] Quest with ID=21 is not a a valid achievement or auto start quest. Skip quest for player with UID=x-BkRIfx-qAEFZjwUz30uQ5i3gD0RevPLirNl1NO-Vk=
08:51:13.398 [Expansion Quests] Quest with ID=22 is not a a valid achievement or auto start quest. Skip quest for player with UID=x-BkRIfx-qAEFZjwUz30uQ5i3gD0RevPLirNl1NO-Vk=
08:51:13.398 [Expansion Quests] Quest with ID=23 is not a a valid achievement or auto start quest. Skip quest for player with UID=x-BkRIfx-qAEFZjwUz30uQ5i3gD0RevPLirNl1NO-Vk=
08:51:13.398 [Expansion Quests] Quest with ID=24 is not a a valid achievement or auto start quest. Skip quest for player with UID=x-BkRIfx-qAEFZjwUz30uQ5i3gD0RevPLirNl1NO-Vk=
08:51:13.398 [Expansion Quests] Quest with ID=25 is not a a valid achievement or auto start quest. Skip quest for player with UID=x-BkRIfx-qAEFZjwUz30uQ5i3gD0RevPLirNl1NO-Vk=
08:51:13.398 [Expansion Quests] Quest with ID=26 is not a a valid achievement or auto start quest. Skip quest for player with UID=x-BkRIfx-qAEFZjwUz30uQ5i3gD0RevPLirNl1NO-Vk=
08:51:13.398 [Expansion Quests] Quest with ID=27 is not a a valid achievement or auto start quest. Skip quest for player with UID=x-BkRIfx-qAEFZjwUz30uQ5i3gD0RevPLirNl1NO-Vk=
08:51:13.398 [Expansion Quests] Quest with ID=28 is not a a valid achievement or auto start quest. Skip quest for player with UID=x-BkRIfx-qAEFZjwUz30uQ5i3gD0RevPLirNl1NO-Vk=
08:51:13.398 [Expansion Quests] Quest with ID=29 is not a a valid achievement or auto start quest. Skip quest for player with UID=x-BkRIfx-qAEFZjwUz30uQ5i3gD0RevPLirNl1NO-Vk=
08:51:13.398 [Expansion Quests] Quest with ID=30 is not a a valid achievement or auto start quest. Skip quest for player with UID=x-BkRIfx-qAEFZjwUz30uQ5i3gD0RevPLirNl1NO-Vk=
08:51:13.398 [Expansion Quests] Quest with ID=31 is not a a valid achievement or auto start quest. Skip quest for player with UID=x-BkRIfx-qAEFZjwUz30uQ5i3gD0RevPLirNl1NO-Vk=
08:51:13.398 [Expansion Quests] Quest with ID=32 is not a a valid achievement or auto start quest. Skip quest for player with UID=x-BkRIfx-qAEFZjwUz30uQ5i3gD0RevPLirNl1NO-Vk=
08:51:13.398 [Expansion Quests] Quest with ID=33 is not a a valid achievement or auto start quest. Skip quest for player with UID=x-BkRIfx-qAEFZjwUz30uQ5i3gD0RevPLirNl1NO-Vk=
08:51:13.398 [Expansion Quests] Quest with ID=35 is not a a valid achievement or auto start quest. Skip quest for player with UID=x-BkRIfx-qAEFZjwUz30uQ5i3gD0RevPLirNl1NO-Vk=
08:51:13.398 [Expansion Quests] Quest with ID=36 is not a a valid achievement or auto start quest. Skip quest for player with UID=x-BkRIfx-qAEFZjwUz30uQ5i3gD0RevPLirNl1NO-Vk=
08:51:13.398 [Expansion Quests] Quest with ID=37 is not a a valid achievement or auto start quest. Skip quest for player with UID=x-BkRIfx-qAEFZjwUz30uQ5i3gD0RevPLirNl1NO-Vk=
08:51:13.398 [Expansion Quests] Quest with ID=38 is not a a valid achievement or auto start quest. Skip quest for player with UID=x-BkRIfx-qAEFZjwUz30uQ5i3gD0RevPLirNl1NO-Vk=
08:51:13.398 [Expansion Quests] Quest with ID=39 is not a a valid achievement or auto start quest. Skip quest for player with UID=x-BkRIfx-qAEFZjwUz30uQ5i3gD0RevPLirNl1NO-Vk=
08:51:13.398 [Expansion Quests] Quest with ID=40 is not a a valid achievement or auto start quest. Skip quest for player with UID=x-BkRIfx-qAEFZjwUz30uQ5i3gD0RevPLirNl1NO-Vk=
08:51:13.398 [Expansion Quests] Sending x-BkRIfx-qAEFZjwUz30uQ5i3gD0RevPLirNl1NO-Vk= quest configs to client for player with UID=x-BkRIfx-qAEFZjwUz30uQ5i3gD0RevPLirNl1NO-Vk=
08:51:13.406 [Expansion Quests] Sending player quest data for 1 quests to player with UID=x-BkRIfx-qAEFZjwUz30uQ5i3gD0RevPLirNl1NO-Vk=
08:51:13.882 [Expansion Quests] Added new objective data for type=TRAVEL | Key= | ID=1
08:51:13.882 [Expansion Quests] Updated and saved persistent player quest data for player with UID=x-BkRIfx-qAEFZjwUz30uQ5i3gD0RevPLirNl1NO-Vk= | Quest ID=1
08:51:15.359 [MissionAirdrop] An airdrop is heading towards "Stonington" (pos=<6973.000000, 0.000000, 1701.000000> type=Random_Stonington) with a ExpansionAirdropContainer_Basebuilding
09:05:31.632 [Expansion Quests] Deleted quest with ID=1 is a of player with UID=x-BkRIfx-qAEFZjwUz30uQ5i3gD0RevPLirNl1NO-Vk=.
09:44:02.070 [Expansion Quests] Initialize quest system on the connected client with UID=x-BkRIfx-qAEFZjwUz30uQ5i3gD0RevPLirNl1NO-Vk=
09:44:02.078 [Expansion Quests] Loaded existing player quest data for player with UID=x-BkRIfx-qAEFZjwUz30uQ5i3gD0RevPLirNl1NO-Vk=
09:44:02.078 [Expansion Quests] Check quest initialization for quest with ID=1 | State=STARTED | Player UID=x-BkRIfx-qAEFZjwUz30uQ5i3gD0RevPLirNl1NO-Vk=
09:44:02.078 [Expansion Quests] Create new quest instance for quest with ID=1 | Player UID=x-BkRIfx-qAEFZjwUz30uQ5i3gD0RevPLirNl1NO-Vk=
09:44:02.078 [Expansion Quests] Quest with ID=2 is not a a valid achievement or auto start quest. Skip quest for player with UID=x-BkRIfx-qAEFZjwUz30uQ5i3gD0RevPLirNl1NO-Vk=
09:44:02.078 [Expansion Quests] Quest with ID=3 is not a a valid achievement or auto start quest. Skip quest for player with UID=x-BkRIfx-qAEFZjwUz30uQ5i3gD0RevPLirNl1NO-Vk=
09:44:02.078 [Expansion Quests] Quest with ID=4 is not a a valid achievement or auto start quest. Skip quest for player with UID=x-BkRIfx-qAEFZjwUz30uQ5i3gD0RevPLirNl1NO-Vk=
09:44:02.078 [Expansion Quests] Quest with ID=5 is not a a valid achievement or auto start quest. Skip quest for player with UID=x-BkRIfx-qAEFZjwUz30uQ5i3gD0RevPLirNl1NO-Vk=
09:44:02.078 [Expansion Quests] Quest with ID=6 is not a a valid achievement or auto start quest. Skip quest for player with UID=x-BkRIfx-qAEFZjwUz30uQ5i3gD0RevPLirNl1NO-Vk=
09:44:02.078 [Expansion Quests] Quest with ID=7 is not a a valid achievement or auto start quest. Skip quest for player with UID=x-BkRIfx-qAEFZjwUz30uQ5i3gD0RevPLirNl1NO-Vk=
09:44:02.078 [Expansion Quests] Quest with ID=8 is not a a valid achievement or auto start quest. Skip quest for player with UID=x-BkRIfx-qAEFZjwUz30uQ5i3gD0RevPLirNl1NO-Vk=
09:44:02.078 [Expansion Quests] Quest with ID=9 is not a a valid achievement or auto start quest. Skip quest for player with UID=x-BkRIfx-qAEFZjwUz30uQ5i3gD0RevPLirNl1NO-Vk=
09:44:02.078 [Expansion Quests] Quest with ID=10 is not a a valid achievement or auto start quest. Skip quest for player with UID=x-BkRIfx-qAEFZjwUz30uQ5i3gD0RevPLirNl1NO-Vk=
09:44:02.078 [Expansion Quests] Quest with ID=11 is not a a valid achievement or auto start quest. Skip quest for player with UID=x-BkRIfx-qAEFZjwUz30uQ5i3gD0RevPLirNl1NO-Vk=
09:44:02.078 [Expansion Quests] Quest with ID=12 is not a a valid achievement or auto start quest. Skip quest for player with UID=x-BkRIfx-qAEFZjwUz30uQ5i3gD0RevPLirNl1NO-Vk=
09:44:02.078 [Expansion Quests] Quest with ID=13 is not a a valid achievement or auto start quest. Skip quest for player with UID=x-BkRIfx-qAEFZjwUz30uQ5i3gD0RevPLirNl1NO-Vk=
09:44:02.078 [Expansion Quests] Quest with ID=14 is not a a valid achievement or auto start quest. Skip quest for player with UID=x-BkRIfx-qAEFZjwUz30uQ5i3gD0RevPLirNl1NO-Vk=
09:44:02.078 [Expansion Quests] Quest with ID=15 is not a a valid achievement or auto start quest. Skip quest for player with UID=x-BkRIfx-qAEFZjwUz30uQ5i3gD0RevPLirNl1NO-Vk=
09:44:02.078 [Expansion Quests] Quest with ID=16 is not a a valid achievement or auto start quest. Skip quest for player with UID=x-BkRIfx-qAEFZjwUz30uQ5i3gD0RevPLirNl1NO-Vk=
09:44:02.078 [Expansion Quests] Quest with ID=17 is not a a valid achievement or auto start quest. Skip quest for player with UID=x-BkRIfx-qAEFZjwUz30uQ5i3gD0RevPLirNl1NO-Vk=
09:44:02.078 [Expansion Quests] Quest with ID=18 is not a a valid achievement or auto start quest. Skip quest for player with UID=x-BkRIfx-qAEFZjwUz30uQ5i3gD0RevPLirNl1NO-Vk=
09:44:02.078 [Expansion Quests] Quest with ID=19 is not a a valid achievement or auto start quest. Skip quest for player with UID=x-BkRIfx-qAEFZjwUz30uQ5i3gD0RevPLirNl1NO-Vk=
09:44:02.078 [Expansion Quests] Quest with ID=20 is not a a valid achievement or auto start quest. Skip quest for player with UID=x-BkRIfx-qAEFZjwUz30uQ5i3gD0RevPLirNl1NO-Vk=
09:44:02.078 [Expansion Quests] Quest with ID=21 is not a a valid achievement or auto start quest. Skip quest for player with UID=x-BkRIfx-qAEFZjwUz30uQ5i3gD0RevPLirNl1NO-Vk=
09:44:02.078 [Expansion Quests] Quest with ID=22 is not a a valid achievement or auto start quest. Skip quest for player with UID=x-BkRIfx-qAEFZjwUz30uQ5i3gD0RevPLirNl1NO-Vk=
09:44:02.078 [Expansion Quests] Quest with ID=23 is not a a valid achievement or auto start quest. Skip quest for player with UID=x-BkRIfx-qAEFZjwUz30uQ5i3gD0RevPLirNl1NO-Vk=
09:44:02.078 [Expansion Quests] Quest with ID=24 is not a a valid achievement or auto start quest. Skip quest for player with UID=x-BkRIfx-qAEFZjwUz30uQ5i3gD0RevPLirNl1NO-Vk=
09:44:02.078 [Expansion Quests] Quest with ID=25 is not a a valid achievement or auto start quest. Skip quest for player with UID=x-BkRIfx-qAEFZjwUz30uQ5i3gD0RevPLirNl1NO-Vk=
09:44:02.078 [Expansion Quests] Quest with ID=26 is not a a valid achievement or auto start quest. Skip quest for player with UID=x-BkRIfx-qAEFZjwUz30uQ5i3gD0RevPLirNl1NO-Vk=
09:44:02.078 [Expansion Quests] Quest with ID=27 is not a a valid achievement or auto start quest. Skip quest for player with UID=x-BkRIfx-qAEFZjwUz30uQ5i3gD0RevPLirNl1NO-Vk=
09:44:02.078 [Expansion Quests] Quest with ID=28 is not a a valid achievement or auto start quest. Skip quest for player with UID=x-BkRIfx-qAEFZjwUz30uQ5i3gD0RevPLirNl1NO-Vk=
09:44:02.078 [Expansion Quests] Quest with ID=29 is not a a valid achievement or auto start quest. Skip quest for player with UID=x-BkRIfx-qAEFZjwUz30uQ5i3gD0RevPLirNl1NO-Vk=
09:44:02.078 [Expansion Quests] Quest with ID=30 is not a a valid achievement or auto start quest. Skip quest for player with UID=x-BkRIfx-qAEFZjwUz30uQ5i3gD0RevPLirNl1NO-Vk=
09:44:02.078 [Expansion Quests] Quest with ID=31 is not a a valid achievement or auto start quest. Skip quest for player with UID=x-BkRIfx-qAEFZjwUz30uQ5i3gD0RevPLirNl1NO-Vk=
09:44:02.078 [Expansion Quests] Quest with ID=32 is not a a valid achievement or auto start quest. Skip quest for player with UID=x-BkRIfx-qAEFZjwUz30uQ5i3gD0RevPLirNl1NO-Vk=
09:44:02.078 [Expansion Quests] Quest with ID=33 is not a a valid achievement or auto start quest. Skip quest for player with UID=x-BkRIfx-qAEFZjwUz30uQ5i3gD0RevPLirNl1NO-Vk=
09:44:02.078 [Expansion Quests] Quest with ID=35 is not a a valid achievement or auto start quest. Skip quest for player with UID=x-BkRIfx-qAEFZjwUz30uQ5i3gD0RevPLirNl1NO-Vk=
09:44:02.078 [Expansion Quests] Quest with ID=36 is not a a valid achievement or auto start quest. Skip quest for player with UID=x-BkRIfx-qAEFZjwUz30uQ5i3gD0RevPLirNl1NO-Vk=
09:44:02.078 [Expansion Quests] Quest with ID=37 is not a a valid achievement or auto start quest. Skip quest for player with UID=x-BkRIfx-qAEFZjwUz30uQ5i3gD0RevPLirNl1NO-Vk=
09:44:02.078 [Expansion Quests] Quest with ID=38 is not a a valid achievement or auto start quest. Skip quest for player with UID=x-BkRIfx-qAEFZjwUz30uQ5i3gD0RevPLirNl1NO-Vk=
09:44:02.078 [Expansion Quests] Quest with ID=39 is not a a valid achievement or auto start quest. Skip quest for player with UID=x-BkRIfx-qAEFZjwUz30uQ5i3gD0RevPLirNl1NO-Vk=
09:44:02.078 [Expansion Quests] Quest with ID=40 is not a a valid achievement or auto start quest. Skip quest for player with UID=x-BkRIfx-qAEFZjwUz30uQ5i3gD0RevPLirNl1NO-Vk=
09:44:02.078 [Expansion Quests] Sending x-BkRIfx-qAEFZjwUz30uQ5i3gD0RevPLirNl1NO-Vk= quest configs to client for player with UID=x-BkRIfx-qAEFZjwUz30uQ5i3gD0RevPLirNl1NO-Vk=
09:44:02.078 [Expansion Quests] Sending player quest data for 1 quests to player with UID=x-BkRIfx-qAEFZjwUz30uQ5i3gD0RevPLirNl1NO-Vk=
09:44:02.562 [Expansion Quests] Added new objective data for type=TRAVEL | Key=x-BkRIfx-qAEFZjwUz30uQ5i3gD0RevPLirNl1NO-Vk= | ID=1
09:44:02.562 [Expansion Quests] Updated and saved persistent player quest data for player with UID=x-BkRIfx-qAEFZjwUz30uQ5i3gD0RevPLirNl1NO-Vk= | Quest ID=1
09:52:01.710 [MissionAirdrop] An airdrop is heading towards "Old-Town" (pos=<1849.000000, 0.000000, 8830.000000> type=Random_Old-Town) with a ExpansionAirdropContainer_Basebuilding
09:59:12.421 [Safezone] Player "PsilyPsybin" (id=x-BkRIfx-qAEFZjwUz30uQ5i3gD0RevPLirNl1NO-Vk= pos=<6273.608887, 1.827765, 879.621521>) Entered the safezone
10:01:02.523 [Expansion Quests] Added new objective data for type=TRAVEL | Key=x-BkRIfx-qAEFZjwUz30uQ5i3gD0RevPLirNl1NO-Vk= | ID=1
10:01:02.523 [Expansion Quests] Updated and saved persistent player quest data for player with UID=x-BkRIfx-qAEFZjwUz30uQ5i3gD0RevPLirNl1NO-Vk= | Quest ID=1
10:01:32.093 [Expansion Quests] Added new objective data for type=TRAVEL | Key=x-BkRIfx-qAEFZjwUz30uQ5i3gD0RevPLirNl1NO-Vk= | ID=1
10:01:32.093 [Expansion Quests] Updated and saved persistent player quest data for player with UID=x-BkRIfx-qAEFZjwUz30uQ5i3gD0RevPLirNl1NO-Vk= | Quest ID=1
10:01:32.093 [Expansion Quests] Player with UID=x-BkRIfx-qAEFZjwUz30uQ5i3gD0RevPLirNl1NO-Vk= has completed quest with ID=1
10:01:58.781 [Expansion Quests] Added new objective data for type=TARGET | Key=x-BkRIfx-qAEFZjwUz30uQ5i3gD0RevPLirNl1NO-Vk= | ID=30
10:01:58.781 [Expansion Quests] Updated and saved persistent player quest data for player with UID=x-BkRIfx-qAEFZjwUz30uQ5i3gD0RevPLirNl1NO-Vk= | Quest ID=30
10:01:58.781 [Expansion Quests] Created new quest instance with instance key=x-BkRIfx-qAEFZjwUz30uQ5i3gD0RevPLirNl1NO-Vk= for quest with ID=30
10:02:58.585 [ATM] Player "PsilyPsybin" (id=x-BkRIfx-qAEFZjwUz30uQ5i3gD0RevPLirNl1NO-Vk=) has deposited 100 on his ATM account.
10:04:15.835 [Safezone] Player "PsilyPsybin" (id=x-BkRIfx-qAEFZjwUz30uQ5i3gD0RevPLirNl1NO-Vk= pos=<6173.939453, 7.419404, 898.628235>) Left the safezone
10:18:00.289 [Expansion Quests] Added new objective data for type=TARGET | Key=x-BkRIfx-qAEFZjwUz30uQ5i3gD0RevPLirNl1NO-Vk= | ID=30
10:18:00.289 [Expansion Quests] Updated and saved persistent player quest data for player with UID=x-BkRIfx-qAEFZjwUz30uQ5i3gD0RevPLirNl1NO-Vk= | Quest ID=30
10:18:53.992 [Expansion Quests] Added new objective data for type=TARGET | Key=x-BkRIfx-qAEFZjwUz30uQ5i3gD0RevPLirNl1NO-Vk= | ID=30
10:18:53.992 [Expansion Quests] Updated and saved persistent player quest data for player with UID=x-BkRIfx-qAEFZjwUz30uQ5i3gD0RevPLirNl1NO-Vk= | Quest ID=30
10:21:24.687 [Expansion Quests] Added new objective data for type=TARGET | Key=x-BkRIfx-qAEFZjwUz30uQ5i3gD0RevPLirNl1NO-Vk= | ID=30
10:21:24.687 [Expansion Quests] Updated and saved persistent player quest data for player with UID=x-BkRIfx-qAEFZjwUz30uQ5i3gD0RevPLirNl1NO-Vk= | Quest ID=30
10:22:00.632 [Expansion Quests] Added new objective data for type=TARGET | Key=x-BkRIfx-qAEFZjwUz30uQ5i3gD0RevPLirNl1NO-Vk= | ID=30
10:22:00.632 [Expansion Quests] Updated and saved persistent player quest data for player with UID=x-BkRIfx-qAEFZjwUz30uQ5i3gD0RevPLirNl1NO-Vk= | Quest ID=30
10:22:27.062 [Expansion Quests] Added new objective data for type=TARGET | Key=x-BkRIfx-qAEFZjwUz30uQ5i3gD0RevPLirNl1NO-Vk= | ID=30
10:22:27.062 [Expansion Quests] Updated and saved persistent player quest data for player with UID=x-BkRIfx-qAEFZjwUz30uQ5i3gD0RevPLirNl1NO-Vk= | Quest ID=30
10:31:24.203 [Expansion Quests] Added new objective data for type=TARGET | Key=x-BkRIfx-qAEFZjwUz30uQ5i3gD0RevPLirNl1NO-Vk= | ID=30
10:31:24.203 [Expansion Quests] Updated and saved persistent player quest data for player with UID=x-BkRIfx-qAEFZjwUz30uQ5i3gD0RevPLirNl1NO-Vk= | Quest ID=30
10:32:01.820 [Expansion Quests] Added new objective data for type=TARGET | Key=x-BkRIfx-qAEFZjwUz30uQ5i3gD0RevPLirNl1NO-Vk= | ID=30
10:32:01.820 [Expansion Quests] Updated and saved persistent player quest data for player with UID=x-BkRIfx-qAEFZjwUz30uQ5i3gD0RevPLirNl1NO-Vk= | Quest ID=30
10:37:41.890 [Expansion Quests] Added new objective data for type=TARGET | Key=x-BkRIfx-qAEFZjwUz30uQ5i3gD0RevPLirNl1NO-Vk= | ID=30
10:37:41.890 [Expansion Quests] Updated and saved persistent player quest data for player with UID=x-BkRIfx-qAEFZjwUz30uQ5i3gD0RevPLirNl1NO-Vk= | Quest ID=30
10:40:33.726 [Expansion Quests] Added new objective data for type=TARGET | Key=x-BkRIfx-qAEFZjwUz30uQ5i3gD0RevPLirNl1NO-Vk= | ID=30
10:40:33.726 [Expansion Quests] Updated and saved persistent player quest data for player with UID=x-BkRIfx-qAEFZjwUz30uQ5i3gD0RevPLirNl1NO-Vk= | Quest ID=30
10:40:50.195 [Expansion Quests] Added new objective data for type=TARGET | Key=x-BkRIfx-qAEFZjwUz30uQ5i3gD0RevPLirNl1NO-Vk= | ID=30
10:40:50.195 [Expansion Quests] Updated and saved persistent player quest data for player with UID=x-BkRIfx-qAEFZjwUz30uQ5i3gD0RevPLirNl1NO-Vk= | Quest ID=30
10:41:04.765 [Expansion Quests] Added new objective data for type=TARGET | Key=x-BkRIfx-qAEFZjwUz30uQ5i3gD0RevPLirNl1NO-Vk= | ID=30
10:41:04.765 [Expansion Quests] Updated and saved persistent player quest data for player with UID=x-BkRIfx-qAEFZjwUz30uQ5i3gD0RevPLirNl1NO-Vk= | Quest ID=30
10:41:32.554 [Expansion Quests] Added new objective data for type=TARGET | Key=x-BkRIfx-qAEFZjwUz30uQ5i3gD0RevPLirNl1NO-Vk= | ID=30
10:41:32.554 [Expansion Quests] Updated and saved persistent player quest data for player with UID=x-BkRIfx-qAEFZjwUz30uQ5i3gD0RevPLirNl1NO-Vk= | Quest ID=30
10:41:47.031 [Expansion Quests] Added new objective data for type=TARGET | Key=x-BkRIfx-qAEFZjwUz30uQ5i3gD0RevPLirNl1NO-Vk= | ID=30
10:41:47.031 [Expansion Quests] Updated and saved persistent player quest data for player with UID=x-BkRIfx-qAEFZjwUz30uQ5i3gD0RevPLirNl1NO-Vk= | Quest ID=30
10:42:13.242 [Expansion Quests] Added new objective data for type=TARGET | Key=x-BkRIfx-qAEFZjwUz30uQ5i3gD0RevPLirNl1NO-Vk= | ID=30
10:42:13.242 [Expansion Quests] Updated and saved persistent player quest data for player with UID=x-BkRIfx-qAEFZjwUz30uQ5i3gD0RevPLirNl1NO-Vk= | Quest ID=30
10:42:42.992 [Expansion Quests] Added new objective data for type=TARGET | Key=x-BkRIfx-qAEFZjwUz30uQ5i3gD0RevPLirNl1NO-Vk= | ID=30
10:42:42.992 [Expansion Quests] Updated and saved persistent player quest data for player with UID=x-BkRIfx-qAEFZjwUz30uQ5i3gD0RevPLirNl1NO-Vk= | Quest ID=30
10:43:50.781 [Expansion Quests] Added new objective data for type=TARGET | Key=x-BkRIfx-qAEFZjwUz30uQ5i3gD0RevPLirNl1NO-Vk= | ID=30
10:43:50.781 [Expansion Quests] Updated and saved persistent player quest data for player with UID=x-BkRIfx-qAEFZjwUz30uQ5i3gD0RevPLirNl1NO-Vk= | Quest ID=30
10:46:14.070 [GraveStone] Spawned GraveStone for player PsilyPsybin (x-BkRIfx-qAEFZjwUz30uQ5i3gD0RevPLirNl1NO-Vk=) at position 0x00000000fb2d1dc4 {<5586.05,42.9179,694.356>}
10:48:29.296 [Expansion Quests] Added new objective data for type=TARGET | Key=x-BkRIfx-qAEFZjwUz30uQ5i3gD0RevPLirNl1NO-Vk= | ID=30
10:48:29.304 [Expansion Quests] Updated and saved persistent player quest data for player with UID=x-BkRIfx-qAEFZjwUz30uQ5i3gD0RevPLirNl1NO-Vk= | Quest ID=30
10:51:41.718 [MissionAirdrop] An airdrop is heading towards "Oceanville" (pos=<10179.000000, 0.000000, 4722.000000> type=Random_Oceanville) with a ExpansionAirdropContainer_Military
10:54:36.843 [Expansion Quests] Deleted quest with ID=30 is a of player with UID=x-BkRIfx-qAEFZjwUz30uQ5i3gD0RevPLirNl1NO-Vk=.
