22:24:57.914 [Expansion Quests] Initialize quest system on the connected client with UID=UMhyoycV8idul7uJRChT8v35zN0z4qQW9fDsiWR1z2U=
22:24:57.921 [Expansion Quests] Created new persistent player quest data for player UID=UMhyoycV8idul7uJRChT8v35zN0z4qQW9fDsiWR1z2U=
22:24:57.921 [Expansion Quests] Create new achievement/auto-start quest for quest ID=1 for player with UID=UMhyoycV8idul7uJRChT8v35zN0z4qQW9fDsiWR1z2U=
22:24:57.921 [Expansion Quests] Added new objective data for type=TRAVEL | Key= | ID=1
22:24:57.921 [Expansion Quests] Updated and saved persistent player quest data for player with UID=UMhyoycV8idul7uJRChT8v35zN0z4qQW9fDsiWR1z2U= | Quest ID=1
22:24:57.921 [Expansion Quests] Quest with ID=2 is not a a valid achievement or auto start quest. Skip quest for player with UID=UMhyoycV8idul7uJRChT8v35zN0z4qQW9fDsiWR1z2U=
22:24:57.921 [Expansion Quests] Quest with ID=3 is not a a valid achievement or auto start quest. Skip quest for player with UID=UMhyoycV8idul7uJRChT8v35zN0z4qQW9fDsiWR1z2U=
22:24:57.921 [Expansion Quests] Quest with ID=4 is not a a valid achievement or auto start quest. Skip quest for player with UID=UMhyoycV8idul7uJRChT8v35zN0z4qQW9fDsiWR1z2U=
22:24:57.921 [Expansion Quests] Quest with ID=5 is not a a valid achievement or auto start quest. Skip quest for player with UID=UMhyoycV8idul7uJRChT8v35zN0z4qQW9fDsiWR1z2U=
22:24:57.921 [Expansion Quests] Quest with ID=6 is not a a valid achievement or auto start quest. Skip quest for player with UID=UMhyoycV8idul7uJRChT8v35zN0z4qQW9fDsiWR1z2U=
22:24:57.921 [Expansion Quests] Quest with ID=7 is not a a valid achievement or auto start quest. Skip quest for player with UID=UMhyoycV8idul7uJRChT8v35zN0z4qQW9fDsiWR1z2U=
22:24:57.921 [Expansion Quests] Quest with ID=8 is not a a valid achievement or auto start quest. Skip quest for player with UID=UMhyoycV8idul7uJRChT8v35zN0z4qQW9fDsiWR1z2U=
22:24:57.921 [Expansion Quests] Quest with ID=9 is not a a valid achievement or auto start quest. Skip quest for player with UID=UMhyoycV8idul7uJRChT8v35zN0z4qQW9fDsiWR1z2U=
22:24:57.921 [Expansion Quests] Quest with ID=10 is not a a valid achievement or auto start quest. Skip quest for player with UID=UMhyoycV8idul7uJRChT8v35zN0z4qQW9fDsiWR1z2U=
22:24:57.921 [Expansion Quests] Quest with ID=11 is not a a valid achievement or auto start quest. Skip quest for player with UID=UMhyoycV8idul7uJRChT8v35zN0z4qQW9fDsiWR1z2U=
22:24:57.921 [Expansion Quests] Quest with ID=12 is not a a valid achievement or auto start quest. Skip quest for player with UID=UMhyoycV8idul7uJRChT8v35zN0z4qQW9fDsiWR1z2U=
22:24:57.921 [Expansion Quests] Quest with ID=13 is not a a valid achievement or auto start quest. Skip quest for player with UID=UMhyoycV8idul7uJRChT8v35zN0z4qQW9fDsiWR1z2U=
22:24:57.921 [Expansion Quests] Quest with ID=14 is not a a valid achievement or auto start quest. Skip quest for player with UID=UMhyoycV8idul7uJRChT8v35zN0z4qQW9fDsiWR1z2U=
22:24:57.921 [Expansion Quests] Quest with ID=15 is not a a valid achievement or auto start quest. Skip quest for player with UID=UMhyoycV8idul7uJRChT8v35zN0z4qQW9fDsiWR1z2U=
22:24:57.921 [Expansion Quests] Quest with ID=16 is not a a valid achievement or auto start quest. Skip quest for player with UID=UMhyoycV8idul7uJRChT8v35zN0z4qQW9fDsiWR1z2U=
22:24:57.921 [Expansion Quests] Quest with ID=17 is not a a valid achievement or auto start quest. Skip quest for player with UID=UMhyoycV8idul7uJRChT8v35zN0z4qQW9fDsiWR1z2U=
22:24:57.921 [Expansion Quests] Quest with ID=18 is not a a valid achievement or auto start quest. Skip quest for player with UID=UMhyoycV8idul7uJRChT8v35zN0z4qQW9fDsiWR1z2U=
22:24:57.921 [Expansion Quests] Quest with ID=19 is not a a valid achievement or auto start quest. Skip quest for player with UID=UMhyoycV8idul7uJRChT8v35zN0z4qQW9fDsiWR1z2U=
22:24:57.921 [Expansion Quests] Quest with ID=20 is not a a valid achievement or auto start quest. Skip quest for player with UID=UMhyoycV8idul7uJRChT8v35zN0z4qQW9fDsiWR1z2U=
22:24:57.921 [Expansion Quests] Quest with ID=21 is not a a valid achievement or auto start quest. Skip quest for player with UID=UMhyoycV8idul7uJRChT8v35zN0z4qQW9fDsiWR1z2U=
22:24:57.921 [Expansion Quests] Quest with ID=22 is not a a valid achievement or auto start quest. Skip quest for player with UID=UMhyoycV8idul7uJRChT8v35zN0z4qQW9fDsiWR1z2U=
22:24:57.921 [Expansion Quests] Quest with ID=23 is not a a valid achievement or auto start quest. Skip quest for player with UID=UMhyoycV8idul7uJRChT8v35zN0z4qQW9fDsiWR1z2U=
22:24:57.921 [Expansion Quests] Quest with ID=24 is not a a valid achievement or auto start quest. Skip quest for player with UID=UMhyoycV8idul7uJRChT8v35zN0z4qQW9fDsiWR1z2U=
22:24:57.921 [Expansion Quests] Quest with ID=25 is not a a valid achievement or auto start quest. Skip quest for player with UID=UMhyoycV8idul7uJRChT8v35zN0z4qQW9fDsiWR1z2U=
22:24:57.921 [Expansion Quests] Quest with ID=26 is not a a valid achievement or auto start quest. Skip quest for player with UID=UMhyoycV8idul7uJRChT8v35zN0z4qQW9fDsiWR1z2U=
22:24:57.921 [Expansion Quests] Quest with ID=27 is not a a valid achievement or auto start quest. Skip quest for player with UID=UMhyoycV8idul7uJRChT8v35zN0z4qQW9fDsiWR1z2U=
22:24:57.921 [Expansion Quests] Quest with ID=28 is not a a valid achievement or auto start quest. Skip quest for player with UID=UMhyoycV8idul7uJRChT8v35zN0z4qQW9fDsiWR1z2U=
22:24:57.921 [Expansion Quests] Quest with ID=29 is not a a valid achievement or auto start quest. Skip quest for player with UID=UMhyoycV8idul7uJRChT8v35zN0z4qQW9fDsiWR1z2U=
22:24:57.921 [Expansion Quests] Quest with ID=30 is not a a valid achievement or auto start quest. Skip quest for player with UID=UMhyoycV8idul7uJRChT8v35zN0z4qQW9fDsiWR1z2U=
22:24:57.921 [Expansion Quests] Quest with ID=31 is not a a valid achievement or auto start quest. Skip quest for player with UID=UMhyoycV8idul7uJRChT8v35zN0z4qQW9fDsiWR1z2U=
22:24:57.921 [Expansion Quests] Quest with ID=32 is not a a valid achievement or auto start quest. Skip quest for player with UID=UMhyoycV8idul7uJRChT8v35zN0z4qQW9fDsiWR1z2U=
22:24:57.921 [Expansion Quests] Quest with ID=33 is not a a valid achievement or auto start quest. Skip quest for player with UID=UMhyoycV8idul7uJRChT8v35zN0z4qQW9fDsiWR1z2U=
22:24:57.921 [Expansion Quests] Quest with ID=35 is not a a valid achievement or auto start quest. Skip quest for player with UID=UMhyoycV8idul7uJRChT8v35zN0z4qQW9fDsiWR1z2U=
22:24:57.921 [Expansion Quests] Quest with ID=36 is not a a valid achievement or auto start quest. Skip quest for player with UID=UMhyoycV8idul7uJRChT8v35zN0z4qQW9fDsiWR1z2U=
22:24:57.921 [Expansion Quests] Quest with ID=37 is not a a valid achievement or auto start quest. Skip quest for player with UID=UMhyoycV8idul7uJRChT8v35zN0z4qQW9fDsiWR1z2U=
22:24:57.921 [Expansion Quests] Quest with ID=38 is not a a valid achievement or auto start quest. Skip quest for player with UID=UMhyoycV8idul7uJRChT8v35zN0z4qQW9fDsiWR1z2U=
22:24:57.921 [Expansion Quests] Quest with ID=39 is not a a valid achievement or auto start quest. Skip quest for player with UID=UMhyoycV8idul7uJRChT8v35zN0z4qQW9fDsiWR1z2U=
22:24:57.921 [Expansion Quests] Quest with ID=40 is not a a valid achievement or auto start quest. Skip quest for player with UID=UMhyoycV8idul7uJRChT8v35zN0z4qQW9fDsiWR1z2U=
22:24:57.921 [Expansion Quests] Sending UMhyoycV8idul7uJRChT8v35zN0z4qQW9fDsiWR1z2U= quest configs to client for player with UID=UMhyoycV8idul7uJRChT8v35zN0z4qQW9fDsiWR1z2U=
22:24:57.921 [Expansion Quests] Sending player quest data for 1 quests to player with UID=UMhyoycV8idul7uJRChT8v35zN0z4qQW9fDsiWR1z2U=
22:24:58.406 [Expansion Quests] Added new objective data for type=TRAVEL | Key= | ID=1
22:24:58.406 [Expansion Quests] Updated and saved persistent player quest data for player with UID=UMhyoycV8idul7uJRChT8v35zN0z4qQW9fDsiWR1z2U= | Quest ID=1
22:28:29.500 [Expansion Quests] Deleted quest with ID=1 is a of player with UID=UMhyoycV8idul7uJRChT8v35zN0z4qQW9fDsiWR1z2U=.
22:35:02.007 [MissionAirdrop] An airdrop is heading towards "Greenville" (pos=<4658.000000, 0.000000, 1414.000000> type=Random_Greenville) with a ExpansionAirdropContainer_Basebuilding
