21:26:44.226 [Expansion Quests] Initialize quest system on the connected client with UID=mBNlxASsPlOcry0dpDl8K-WgHNR5WMCMmoJ9NhpU4FY=
21:26:44.226 [Expansion Quests] Loaded existing player quest data for player with UID=mBNlxASsPlOcry0dpDl8K-WgHNR5WMCMmoJ9NhpU4FY=
21:26:44.226 [Expansion Quests] Check quest initialization for quest with ID=1 | State=COMPLETED | Player UID=mBNlxASsPlOcry0dpDl8K-WgHNR5WMCMmoJ9NhpU4FY=
21:26:44.226 [Expansion Quests] Quest with ID=2 is not a a valid achievement or auto start quest. Skip quest for player with UID=mBNlxASsPlOcry0dpDl8K-WgHNR5WMCMmoJ9NhpU4FY=
21:26:44.226 [Expansion Quests] Quest with ID=3 is not a a valid achievement or auto start quest. Skip quest for player with UID=mBNlxASsPlOcry0dpDl8K-WgHNR5WMCMmoJ9NhpU4FY=
21:26:44.226 [Expansion Quests] Quest with ID=4 is not a a valid achievement or auto start quest. Skip quest for player with UID=mBNlxASsPlOcry0dpDl8K-WgHNR5WMCMmoJ9NhpU4FY=
21:26:44.226 [Expansion Quests] Quest with ID=5 is not a a valid achievement or auto start quest. Skip quest for player with UID=mBNlxASsPlOcry0dpDl8K-WgHNR5WMCMmoJ9NhpU4FY=
21:26:44.226 [Expansion Quests] Quest with ID=6 is not a a valid achievement or auto start quest. Skip quest for player with UID=mBNlxASsPlOcry0dpDl8K-WgHNR5WMCMmoJ9NhpU4FY=
21:26:44.226 [Expansion Quests] Quest with ID=7 is not a a valid achievement or auto start quest. Skip quest for player with UID=mBNlxASsPlOcry0dpDl8K-WgHNR5WMCMmoJ9NhpU4FY=
21:26:44.226 [Expansion Quests] Quest with ID=8 is not a a valid achievement or auto start quest. Skip quest for player with UID=mBNlxASsPlOcry0dpDl8K-WgHNR5WMCMmoJ9NhpU4FY=
21:26:44.226 [Expansion Quests] Quest with ID=9 is not a a valid achievement or auto start quest. Skip quest for player with UID=mBNlxASsPlOcry0dpDl8K-WgHNR5WMCMmoJ9NhpU4FY=
21:26:44.226 [Expansion Quests] Quest with ID=10 is not a a valid achievement or auto start quest. Skip quest for player with UID=mBNlxASsPlOcry0dpDl8K-WgHNR5WMCMmoJ9NhpU4FY=
21:26:44.226 [Expansion Quests] Quest with ID=11 is not a a valid achievement or auto start quest. Skip quest for player with UID=mBNlxASsPlOcry0dpDl8K-WgHNR5WMCMmoJ9NhpU4FY=
21:26:44.226 [Expansion Quests] Quest with ID=12 is not a a valid achievement or auto start quest. Skip quest for player with UID=mBNlxASsPlOcry0dpDl8K-WgHNR5WMCMmoJ9NhpU4FY=
21:26:44.226 [Expansion Quests] Quest with ID=13 is not a a valid achievement or auto start quest. Skip quest for player with UID=mBNlxASsPlOcry0dpDl8K-WgHNR5WMCMmoJ9NhpU4FY=
21:26:44.226 [Expansion Quests] Quest with ID=14 is not a a valid achievement or auto start quest. Skip quest for player with UID=mBNlxASsPlOcry0dpDl8K-WgHNR5WMCMmoJ9NhpU4FY=
21:26:44.226 [Expansion Quests] Quest with ID=15 is not a a valid achievement or auto start quest. Skip quest for player with UID=mBNlxASsPlOcry0dpDl8K-WgHNR5WMCMmoJ9NhpU4FY=
21:26:44.226 [Expansion Quests] Quest with ID=16 is not a a valid achievement or auto start quest. Skip quest for player with UID=mBNlxASsPlOcry0dpDl8K-WgHNR5WMCMmoJ9NhpU4FY=
21:26:44.226 [Expansion Quests] Quest with ID=17 is not a a valid achievement or auto start quest. Skip quest for player with UID=mBNlxASsPlOcry0dpDl8K-WgHNR5WMCMmoJ9NhpU4FY=
21:26:44.226 [Expansion Quests] Quest with ID=18 is not a a valid achievement or auto start quest. Skip quest for player with UID=mBNlxASsPlOcry0dpDl8K-WgHNR5WMCMmoJ9NhpU4FY=
21:26:44.226 [Expansion Quests] Quest with ID=19 is not a a valid achievement or auto start quest. Skip quest for player with UID=mBNlxASsPlOcry0dpDl8K-WgHNR5WMCMmoJ9NhpU4FY=
21:26:44.226 [Expansion Quests] Quest with ID=20 is not a a valid achievement or auto start quest. Skip quest for player with UID=mBNlxASsPlOcry0dpDl8K-WgHNR5WMCMmoJ9NhpU4FY=
21:26:44.226 [Expansion Quests] Quest with ID=21 is not a a valid achievement or auto start quest. Skip quest for player with UID=mBNlxASsPlOcry0dpDl8K-WgHNR5WMCMmoJ9NhpU4FY=
21:26:44.226 [Expansion Quests] Quest with ID=22 is not a a valid achievement or auto start quest. Skip quest for player with UID=mBNlxASsPlOcry0dpDl8K-WgHNR5WMCMmoJ9NhpU4FY=
21:26:44.226 [Expansion Quests] Quest with ID=23 is not a a valid achievement or auto start quest. Skip quest for player with UID=mBNlxASsPlOcry0dpDl8K-WgHNR5WMCMmoJ9NhpU4FY=
21:26:44.226 [Expansion Quests] Quest with ID=24 is not a a valid achievement or auto start quest. Skip quest for player with UID=mBNlxASsPlOcry0dpDl8K-WgHNR5WMCMmoJ9NhpU4FY=
21:26:44.226 [Expansion Quests] Quest with ID=25 is not a a valid achievement or auto start quest. Skip quest for player with UID=mBNlxASsPlOcry0dpDl8K-WgHNR5WMCMmoJ9NhpU4FY=
21:26:44.226 [Expansion Quests] Quest with ID=26 is not a a valid achievement or auto start quest. Skip quest for player with UID=mBNlxASsPlOcry0dpDl8K-WgHNR5WMCMmoJ9NhpU4FY=
21:26:44.226 [Expansion Quests] Quest with ID=27 is not a a valid achievement or auto start quest. Skip quest for player with UID=mBNlxASsPlOcry0dpDl8K-WgHNR5WMCMmoJ9NhpU4FY=
21:26:44.226 [Expansion Quests] Quest with ID=28 is not a a valid achievement or auto start quest. Skip quest for player with UID=mBNlxASsPlOcry0dpDl8K-WgHNR5WMCMmoJ9NhpU4FY=
21:26:44.226 [Expansion Quests] Quest with ID=29 is not a a valid achievement or auto start quest. Skip quest for player with UID=mBNlxASsPlOcry0dpDl8K-WgHNR5WMCMmoJ9NhpU4FY=
21:26:44.226 [Expansion Quests] Quest with ID=30 is not a a valid achievement or auto start quest. Skip quest for player with UID=mBNlxASsPlOcry0dpDl8K-WgHNR5WMCMmoJ9NhpU4FY=
21:26:44.226 [Expansion Quests] Quest with ID=31 is not a a valid achievement or auto start quest. Skip quest for player with UID=mBNlxASsPlOcry0dpDl8K-WgHNR5WMCMmoJ9NhpU4FY=
21:26:44.226 [Expansion Quests] Quest with ID=32 is not a a valid achievement or auto start quest. Skip quest for player with UID=mBNlxASsPlOcry0dpDl8K-WgHNR5WMCMmoJ9NhpU4FY=
21:26:44.234 [Expansion Quests] Quest with ID=33 is not a a valid achievement or auto start quest. Skip quest for player with UID=mBNlxASsPlOcry0dpDl8K-WgHNR5WMCMmoJ9NhpU4FY=
21:26:44.234 [Expansion Quests] Quest with ID=35 is not a a valid achievement or auto start quest. Skip quest for player with UID=mBNlxASsPlOcry0dpDl8K-WgHNR5WMCMmoJ9NhpU4FY=
21:26:44.234 [Expansion Quests] Quest with ID=36 is not a a valid achievement or auto start quest. Skip quest for player with UID=mBNlxASsPlOcry0dpDl8K-WgHNR5WMCMmoJ9NhpU4FY=
21:26:44.234 [Expansion Quests] Quest with ID=37 is not a a valid achievement or auto start quest. Skip quest for player with UID=mBNlxASsPlOcry0dpDl8K-WgHNR5WMCMmoJ9NhpU4FY=
21:26:44.234 [Expansion Quests] Quest with ID=38 is not a a valid achievement or auto start quest. Skip quest for player with UID=mBNlxASsPlOcry0dpDl8K-WgHNR5WMCMmoJ9NhpU4FY=
21:26:44.234 [Expansion Quests] Quest with ID=39 is not a a valid achievement or auto start quest. Skip quest for player with UID=mBNlxASsPlOcry0dpDl8K-WgHNR5WMCMmoJ9NhpU4FY=
21:26:44.234 [Expansion Quests] Quest with ID=40 is not a a valid achievement or auto start quest. Skip quest for player with UID=mBNlxASsPlOcry0dpDl8K-WgHNR5WMCMmoJ9NhpU4FY=
21:26:44.234 [Expansion Quests] Sending mBNlxASsPlOcry0dpDl8K-WgHNR5WMCMmoJ9NhpU4FY= quest configs to client for player with UID=mBNlxASsPlOcry0dpDl8K-WgHNR5WMCMmoJ9NhpU4FY=
21:26:44.234 [Expansion Quests] Sending player quest data for 1 quests to player with UID=mBNlxASsPlOcry0dpDl8K-WgHNR5WMCMmoJ9NhpU4FY=
21:27:44.796 [AI Patrol 00009] Spawning 3 North Haven 01 Tier 02 Patrol (Shamans) bots at <1278.510498, 8.320000, 15571.019531>
21:27:44.812 [AI Patrol 00009] Global patrol count: 1
21:36:49.109 [MissionAirdrop] An airdrop is heading towards "Kushville" (pos=<7630.000000, 0.000000, 3717.000000> type=Random_Kushville) with a ExpansionAirdropContainer_Military
21:37:30.640 [Expansion Quests] Initialize quest system on the connected client with UID=-99qTjslhBEO5dkvS2VeqkNG9h5RzybyO96VMWHuxQs=
21:37:30.648 [Expansion Quests] Created new persistent player quest data for player UID=-99qTjslhBEO5dkvS2VeqkNG9h5RzybyO96VMWHuxQs=
21:37:30.648 [Expansion Quests] Create new achievement/auto-start quest for quest ID=1 for player with UID=-99qTjslhBEO5dkvS2VeqkNG9h5RzybyO96VMWHuxQs=
21:37:30.648 [Expansion Quests] Added new objective data for type=TRAVEL | Key= | ID=1
21:37:30.648 [Expansion Quests] Updated and saved persistent player quest data for player with UID=-99qTjslhBEO5dkvS2VeqkNG9h5RzybyO96VMWHuxQs= | Quest ID=1
21:37:30.648 [Expansion Quests] Quest with ID=2 is not a a valid achievement or auto start quest. Skip quest for player with UID=-99qTjslhBEO5dkvS2VeqkNG9h5RzybyO96VMWHuxQs=
21:37:30.648 [Expansion Quests] Quest with ID=3 is not a a valid achievement or auto start quest. Skip quest for player with UID=-99qTjslhBEO5dkvS2VeqkNG9h5RzybyO96VMWHuxQs=
21:37:30.648 [Expansion Quests] Quest with ID=4 is not a a valid achievement or auto start quest. Skip quest for player with UID=-99qTjslhBEO5dkvS2VeqkNG9h5RzybyO96VMWHuxQs=
21:37:30.648 [Expansion Quests] Quest with ID=5 is not a a valid achievement or auto start quest. Skip quest for player with UID=-99qTjslhBEO5dkvS2VeqkNG9h5RzybyO96VMWHuxQs=
21:37:30.648 [Expansion Quests] Quest with ID=6 is not a a valid achievement or auto start quest. Skip quest for player with UID=-99qTjslhBEO5dkvS2VeqkNG9h5RzybyO96VMWHuxQs=
21:37:30.648 [Expansion Quests] Quest with ID=7 is not a a valid achievement or auto start quest. Skip quest for player with UID=-99qTjslhBEO5dkvS2VeqkNG9h5RzybyO96VMWHuxQs=
21:37:30.648 [Expansion Quests] Quest with ID=8 is not a a valid achievement or auto start quest. Skip quest for player with UID=-99qTjslhBEO5dkvS2VeqkNG9h5RzybyO96VMWHuxQs=
21:37:30.648 [Expansion Quests] Quest with ID=9 is not a a valid achievement or auto start quest. Skip quest for player with UID=-99qTjslhBEO5dkvS2VeqkNG9h5RzybyO96VMWHuxQs=
21:37:30.648 [Expansion Quests] Quest with ID=10 is not a a valid achievement or auto start quest. Skip quest for player with UID=-99qTjslhBEO5dkvS2VeqkNG9h5RzybyO96VMWHuxQs=
21:37:30.648 [Expansion Quests] Quest with ID=11 is not a a valid achievement or auto start quest. Skip quest for player with UID=-99qTjslhBEO5dkvS2VeqkNG9h5RzybyO96VMWHuxQs=
21:37:30.648 [Expansion Quests] Quest with ID=12 is not a a valid achievement or auto start quest. Skip quest for player with UID=-99qTjslhBEO5dkvS2VeqkNG9h5RzybyO96VMWHuxQs=
21:37:30.648 [Expansion Quests] Quest with ID=13 is not a a valid achievement or auto start quest. Skip quest for player with UID=-99qTjslhBEO5dkvS2VeqkNG9h5RzybyO96VMWHuxQs=
21:37:30.648 [Expansion Quests] Quest with ID=14 is not a a valid achievement or auto start quest. Skip quest for player with UID=-99qTjslhBEO5dkvS2VeqkNG9h5RzybyO96VMWHuxQs=
21:37:30.648 [Expansion Quests] Quest with ID=15 is not a a valid achievement or auto start quest. Skip quest for player with UID=-99qTjslhBEO5dkvS2VeqkNG9h5RzybyO96VMWHuxQs=
21:37:30.648 [Expansion Quests] Quest with ID=16 is not a a valid achievement or auto start quest. Skip quest for player with UID=-99qTjslhBEO5dkvS2VeqkNG9h5RzybyO96VMWHuxQs=
21:37:30.648 [Expansion Quests] Quest with ID=17 is not a a valid achievement or auto start quest. Skip quest for player with UID=-99qTjslhBEO5dkvS2VeqkNG9h5RzybyO96VMWHuxQs=
21:37:30.648 [Expansion Quests] Quest with ID=18 is not a a valid achievement or auto start quest. Skip quest for player with UID=-99qTjslhBEO5dkvS2VeqkNG9h5RzybyO96VMWHuxQs=
21:37:30.648 [Expansion Quests] Quest with ID=19 is not a a valid achievement or auto start quest. Skip quest for player with UID=-99qTjslhBEO5dkvS2VeqkNG9h5RzybyO96VMWHuxQs=
21:37:30.648 [Expansion Quests] Quest with ID=20 is not a a valid achievement or auto start quest. Skip quest for player with UID=-99qTjslhBEO5dkvS2VeqkNG9h5RzybyO96VMWHuxQs=
21:37:30.648 [Expansion Quests] Quest with ID=21 is not a a valid achievement or auto start quest. Skip quest for player with UID=-99qTjslhBEO5dkvS2VeqkNG9h5RzybyO96VMWHuxQs=
21:37:30.648 [Expansion Quests] Quest with ID=22 is not a a valid achievement or auto start quest. Skip quest for player with UID=-99qTjslhBEO5dkvS2VeqkNG9h5RzybyO96VMWHuxQs=
21:37:30.648 [Expansion Quests] Quest with ID=23 is not a a valid achievement or auto start quest. Skip quest for player with UID=-99qTjslhBEO5dkvS2VeqkNG9h5RzybyO96VMWHuxQs=
21:37:30.648 [Expansion Quests] Quest with ID=24 is not a a valid achievement or auto start quest. Skip quest for player with UID=-99qTjslhBEO5dkvS2VeqkNG9h5RzybyO96VMWHuxQs=
21:37:30.648 [Expansion Quests] Quest with ID=25 is not a a valid achievement or auto start quest. Skip quest for player with UID=-99qTjslhBEO5dkvS2VeqkNG9h5RzybyO96VMWHuxQs=
21:37:30.648 [Expansion Quests] Quest with ID=26 is not a a valid achievement or auto start quest. Skip quest for player with UID=-99qTjslhBEO5dkvS2VeqkNG9h5RzybyO96VMWHuxQs=
21:37:30.648 [Expansion Quests] Quest with ID=27 is not a a valid achievement or auto start quest. Skip quest for player with UID=-99qTjslhBEO5dkvS2VeqkNG9h5RzybyO96VMWHuxQs=
21:37:30.648 [Expansion Quests] Quest with ID=28 is not a a valid achievement or auto start quest. Skip quest for player with UID=-99qTjslhBEO5dkvS2VeqkNG9h5RzybyO96VMWHuxQs=
21:37:30.648 [Expansion Quests] Quest with ID=29 is not a a valid achievement or auto start quest. Skip quest for player with UID=-99qTjslhBEO5dkvS2VeqkNG9h5RzybyO96VMWHuxQs=
21:37:30.648 [Expansion Quests] Quest with ID=30 is not a a valid achievement or auto start quest. Skip quest for player with UID=-99qTjslhBEO5dkvS2VeqkNG9h5RzybyO96VMWHuxQs=
21:37:30.648 [Expansion Quests] Quest with ID=31 is not a a valid achievement or auto start quest. Skip quest for player with UID=-99qTjslhBEO5dkvS2VeqkNG9h5RzybyO96VMWHuxQs=
21:37:30.648 [Expansion Quests] Quest with ID=32 is not a a valid achievement or auto start quest. Skip quest for player with UID=-99qTjslhBEO5dkvS2VeqkNG9h5RzybyO96VMWHuxQs=
21:37:30.648 [Expansion Quests] Quest with ID=33 is not a a valid achievement or auto start quest. Skip quest for player with UID=-99qTjslhBEO5dkvS2VeqkNG9h5RzybyO96VMWHuxQs=
21:37:30.648 [Expansion Quests] Quest with ID=35 is not a a valid achievement or auto start quest. Skip quest for player with UID=-99qTjslhBEO5dkvS2VeqkNG9h5RzybyO96VMWHuxQs=
21:37:30.648 [Expansion Quests] Quest with ID=36 is not a a valid achievement or auto start quest. Skip quest for player with UID=-99qTjslhBEO5dkvS2VeqkNG9h5RzybyO96VMWHuxQs=
21:37:30.648 [Expansion Quests] Quest with ID=37 is not a a valid achievement or auto start quest. Skip quest for player with UID=-99qTjslhBEO5dkvS2VeqkNG9h5RzybyO96VMWHuxQs=
21:37:30.648 [Expansion Quests] Quest with ID=38 is not a a valid achievement or auto start quest. Skip quest for player with UID=-99qTjslhBEO5dkvS2VeqkNG9h5RzybyO96VMWHuxQs=
21:37:30.648 [Expansion Quests] Quest with ID=39 is not a a valid achievement or auto start quest. Skip quest for player with UID=-99qTjslhBEO5dkvS2VeqkNG9h5RzybyO96VMWHuxQs=
21:37:30.648 [Expansion Quests] Quest with ID=40 is not a a valid achievement or auto start quest. Skip quest for player with UID=-99qTjslhBEO5dkvS2VeqkNG9h5RzybyO96VMWHuxQs=
21:37:30.648 [Expansion Quests] Sending -99qTjslhBEO5dkvS2VeqkNG9h5RzybyO96VMWHuxQs= quest configs to client for player with UID=-99qTjslhBEO5dkvS2VeqkNG9h5RzybyO96VMWHuxQs=
21:37:30.648 [Expansion Quests] Sending player quest data for 1 quests to player with UID=-99qTjslhBEO5dkvS2VeqkNG9h5RzybyO96VMWHuxQs=
21:37:31.132 [Expansion Quests] Added new objective data for type=TRAVEL | Key= | ID=1
21:37:31.132 [Expansion Quests] Updated and saved persistent player quest data for player with UID=-99qTjslhBEO5dkvS2VeqkNG9h5RzybyO96VMWHuxQs= | Quest ID=1
21:44:39.820 [AI Patrol 00009] North Haven 01 Tier 02 Patrol (Shamans) bots were wiped out (spawn position <1278.510498, 8.320000, 15571.019531>, 3/3 deceased)
21:44:39.820 [AI Patrol 00009] Global patrol count: 0
21:54:26.718 [Expansion Quests] Deleted quest with ID=1 is a of player with UID=-99qTjslhBEO5dkvS2VeqkNG9h5RzybyO96VMWHuxQs=.
21:58:06.007 [Expansion Quests] Initialize quest system on the connected client with UID=mBNlxASsPlOcry0dpDl8K-WgHNR5WMCMmoJ9NhpU4FY=
21:58:06.015 [Expansion Quests] Loaded existing player quest data for player with UID=mBNlxASsPlOcry0dpDl8K-WgHNR5WMCMmoJ9NhpU4FY=
21:58:06.015 [Expansion Quests] Check quest initialization for quest with ID=1 | State=COMPLETED | Player UID=mBNlxASsPlOcry0dpDl8K-WgHNR5WMCMmoJ9NhpU4FY=
21:58:06.015 [Expansion Quests] Quest with ID=2 is not a a valid achievement or auto start quest. Skip quest for player with UID=mBNlxASsPlOcry0dpDl8K-WgHNR5WMCMmoJ9NhpU4FY=
21:58:06.015 [Expansion Quests] Quest with ID=3 is not a a valid achievement or auto start quest. Skip quest for player with UID=mBNlxASsPlOcry0dpDl8K-WgHNR5WMCMmoJ9NhpU4FY=
21:58:06.015 [Expansion Quests] Quest with ID=4 is not a a valid achievement or auto start quest. Skip quest for player with UID=mBNlxASsPlOcry0dpDl8K-WgHNR5WMCMmoJ9NhpU4FY=
21:58:06.015 [Expansion Quests] Quest with ID=5 is not a a valid achievement or auto start quest. Skip quest for player with UID=mBNlxASsPlOcry0dpDl8K-WgHNR5WMCMmoJ9NhpU4FY=
21:58:06.015 [Expansion Quests] Quest with ID=6 is not a a valid achievement or auto start quest. Skip quest for player with UID=mBNlxASsPlOcry0dpDl8K-WgHNR5WMCMmoJ9NhpU4FY=
21:58:06.015 [Expansion Quests] Quest with ID=7 is not a a valid achievement or auto start quest. Skip quest for player with UID=mBNlxASsPlOcry0dpDl8K-WgHNR5WMCMmoJ9NhpU4FY=
21:58:06.015 [Expansion Quests] Quest with ID=8 is not a a valid achievement or auto start quest. Skip quest for player with UID=mBNlxASsPlOcry0dpDl8K-WgHNR5WMCMmoJ9NhpU4FY=
21:58:06.015 [Expansion Quests] Quest with ID=9 is not a a valid achievement or auto start quest. Skip quest for player with UID=mBNlxASsPlOcry0dpDl8K-WgHNR5WMCMmoJ9NhpU4FY=
21:58:06.015 [Expansion Quests] Quest with ID=10 is not a a valid achievement or auto start quest. Skip quest for player with UID=mBNlxASsPlOcry0dpDl8K-WgHNR5WMCMmoJ9NhpU4FY=
21:58:06.015 [Expansion Quests] Quest with ID=11 is not a a valid achievement or auto start quest. Skip quest for player with UID=mBNlxASsPlOcry0dpDl8K-WgHNR5WMCMmoJ9NhpU4FY=
21:58:06.015 [Expansion Quests] Quest with ID=12 is not a a valid achievement or auto start quest. Skip quest for player with UID=mBNlxASsPlOcry0dpDl8K-WgHNR5WMCMmoJ9NhpU4FY=
21:58:06.015 [Expansion Quests] Quest with ID=13 is not a a valid achievement or auto start quest. Skip quest for player with UID=mBNlxASsPlOcry0dpDl8K-WgHNR5WMCMmoJ9NhpU4FY=
21:58:06.015 [Expansion Quests] Quest with ID=14 is not a a valid achievement or auto start quest. Skip quest for player with UID=mBNlxASsPlOcry0dpDl8K-WgHNR5WMCMmoJ9NhpU4FY=
21:58:06.015 [Expansion Quests] Quest with ID=15 is not a a valid achievement or auto start quest. Skip quest for player with UID=mBNlxASsPlOcry0dpDl8K-WgHNR5WMCMmoJ9NhpU4FY=
21:58:06.015 [Expansion Quests] Quest with ID=16 is not a a valid achievement or auto start quest. Skip quest for player with UID=mBNlxASsPlOcry0dpDl8K-WgHNR5WMCMmoJ9NhpU4FY=
21:58:06.015 [Expansion Quests] Quest with ID=17 is not a a valid achievement or auto start quest. Skip quest for player with UID=mBNlxASsPlOcry0dpDl8K-WgHNR5WMCMmoJ9NhpU4FY=
21:58:06.015 [Expansion Quests] Quest with ID=18 is not a a valid achievement or auto start quest. Skip quest for player with UID=mBNlxASsPlOcry0dpDl8K-WgHNR5WMCMmoJ9NhpU4FY=
21:58:06.015 [Expansion Quests] Quest with ID=19 is not a a valid achievement or auto start quest. Skip quest for player with UID=mBNlxASsPlOcry0dpDl8K-WgHNR5WMCMmoJ9NhpU4FY=
21:58:06.015 [Expansion Quests] Quest with ID=20 is not a a valid achievement or auto start quest. Skip quest for player with UID=mBNlxASsPlOcry0dpDl8K-WgHNR5WMCMmoJ9NhpU4FY=
21:58:06.015 [Expansion Quests] Quest with ID=21 is not a a valid achievement or auto start quest. Skip quest for player with UID=mBNlxASsPlOcry0dpDl8K-WgHNR5WMCMmoJ9NhpU4FY=
21:58:06.015 [Expansion Quests] Quest with ID=22 is not a a valid achievement or auto start quest. Skip quest for player with UID=mBNlxASsPlOcry0dpDl8K-WgHNR5WMCMmoJ9NhpU4FY=
21:58:06.015 [Expansion Quests] Quest with ID=23 is not a a valid achievement or auto start quest. Skip quest for player with UID=mBNlxASsPlOcry0dpDl8K-WgHNR5WMCMmoJ9NhpU4FY=
21:58:06.015 [Expansion Quests] Quest with ID=24 is not a a valid achievement or auto start quest. Skip quest for player with UID=mBNlxASsPlOcry0dpDl8K-WgHNR5WMCMmoJ9NhpU4FY=
21:58:06.015 [Expansion Quests] Quest with ID=25 is not a a valid achievement or auto start quest. Skip quest for player with UID=mBNlxASsPlOcry0dpDl8K-WgHNR5WMCMmoJ9NhpU4FY=
21:58:06.015 [Expansion Quests] Quest with ID=26 is not a a valid achievement or auto start quest. Skip quest for player with UID=mBNlxASsPlOcry0dpDl8K-WgHNR5WMCMmoJ9NhpU4FY=
21:58:06.015 [Expansion Quests] Quest with ID=27 is not a a valid achievement or auto start quest. Skip quest for player with UID=mBNlxASsPlOcry0dpDl8K-WgHNR5WMCMmoJ9NhpU4FY=
21:58:06.015 [Expansion Quests] Quest with ID=28 is not a a valid achievement or auto start quest. Skip quest for player with UID=mBNlxASsPlOcry0dpDl8K-WgHNR5WMCMmoJ9NhpU4FY=
21:58:06.015 [Expansion Quests] Quest with ID=29 is not a a valid achievement or auto start quest. Skip quest for player with UID=mBNlxASsPlOcry0dpDl8K-WgHNR5WMCMmoJ9NhpU4FY=
21:58:06.015 [Expansion Quests] Quest with ID=30 is not a a valid achievement or auto start quest. Skip quest for player with UID=mBNlxASsPlOcry0dpDl8K-WgHNR5WMCMmoJ9NhpU4FY=
21:58:06.015 [Expansion Quests] Quest with ID=31 is not a a valid achievement or auto start quest. Skip quest for player with UID=mBNlxASsPlOcry0dpDl8K-WgHNR5WMCMmoJ9NhpU4FY=
21:58:06.015 [Expansion Quests] Quest with ID=32 is not a a valid achievement or auto start quest. Skip quest for player with UID=mBNlxASsPlOcry0dpDl8K-WgHNR5WMCMmoJ9NhpU4FY=
21:58:06.015 [Expansion Quests] Quest with ID=33 is not a a valid achievement or auto start quest. Skip quest for player with UID=mBNlxASsPlOcry0dpDl8K-WgHNR5WMCMmoJ9NhpU4FY=
21:58:06.015 [Expansion Quests] Quest with ID=35 is not a a valid achievement or auto start quest. Skip quest for player with UID=mBNlxASsPlOcry0dpDl8K-WgHNR5WMCMmoJ9NhpU4FY=
21:58:06.015 [Expansion Quests] Quest with ID=36 is not a a valid achievement or auto start quest. Skip quest for player with UID=mBNlxASsPlOcry0dpDl8K-WgHNR5WMCMmoJ9NhpU4FY=
21:58:06.015 [Expansion Quests] Quest with ID=37 is not a a valid achievement or auto start quest. Skip quest for player with UID=mBNlxASsPlOcry0dpDl8K-WgHNR5WMCMmoJ9NhpU4FY=
21:58:06.015 [Expansion Quests] Quest with ID=38 is not a a valid achievement or auto start quest. Skip quest for player with UID=mBNlxASsPlOcry0dpDl8K-WgHNR5WMCMmoJ9NhpU4FY=
21:58:06.015 [Expansion Quests] Quest with ID=39 is not a a valid achievement or auto start quest. Skip quest for player with UID=mBNlxASsPlOcry0dpDl8K-WgHNR5WMCMmoJ9NhpU4FY=
21:58:06.015 [Expansion Quests] Quest with ID=40 is not a a valid achievement or auto start quest. Skip quest for player with UID=mBNlxASsPlOcry0dpDl8K-WgHNR5WMCMmoJ9NhpU4FY=
21:58:06.015 [Expansion Quests] Sending mBNlxASsPlOcry0dpDl8K-WgHNR5WMCMmoJ9NhpU4FY= quest configs to client for player with UID=mBNlxASsPlOcry0dpDl8K-WgHNR5WMCMmoJ9NhpU4FY=
21:58:06.015 [Expansion Quests] Sending player quest data for 1 quests to player with UID=mBNlxASsPlOcry0dpDl8K-WgHNR5WMCMmoJ9NhpU4FY=
22:39:17.015 [Expansion Quests] Initialize quest system on the connected client with UID=mBNlxASsPlOcry0dpDl8K-WgHNR5WMCMmoJ9NhpU4FY=
22:39:17.023 [Expansion Quests] Loaded existing player quest data for player with UID=mBNlxASsPlOcry0dpDl8K-WgHNR5WMCMmoJ9NhpU4FY=
22:39:17.023 [Expansion Quests] Check quest initialization for quest with ID=1 | State=COMPLETED | Player UID=mBNlxASsPlOcry0dpDl8K-WgHNR5WMCMmoJ9NhpU4FY=
22:39:17.023 [Expansion Quests] Quest with ID=2 is not a a valid achievement or auto start quest. Skip quest for player with UID=mBNlxASsPlOcry0dpDl8K-WgHNR5WMCMmoJ9NhpU4FY=
22:39:17.023 [Expansion Quests] Quest with ID=3 is not a a valid achievement or auto start quest. Skip quest for player with UID=mBNlxASsPlOcry0dpDl8K-WgHNR5WMCMmoJ9NhpU4FY=
22:39:17.023 [Expansion Quests] Quest with ID=4 is not a a valid achievement or auto start quest. Skip quest for player with UID=mBNlxASsPlOcry0dpDl8K-WgHNR5WMCMmoJ9NhpU4FY=
22:39:17.023 [Expansion Quests] Quest with ID=5 is not a a valid achievement or auto start quest. Skip quest for player with UID=mBNlxASsPlOcry0dpDl8K-WgHNR5WMCMmoJ9NhpU4FY=
22:39:17.023 [Expansion Quests] Quest with ID=6 is not a a valid achievement or auto start quest. Skip quest for player with UID=mBNlxASsPlOcry0dpDl8K-WgHNR5WMCMmoJ9NhpU4FY=
22:39:17.023 [Expansion Quests] Quest with ID=7 is not a a valid achievement or auto start quest. Skip quest for player with UID=mBNlxASsPlOcry0dpDl8K-WgHNR5WMCMmoJ9NhpU4FY=
22:39:17.023 [Expansion Quests] Quest with ID=8 is not a a valid achievement or auto start quest. Skip quest for player with UID=mBNlxASsPlOcry0dpDl8K-WgHNR5WMCMmoJ9NhpU4FY=
22:39:17.023 [Expansion Quests] Quest with ID=9 is not a a valid achievement or auto start quest. Skip quest for player with UID=mBNlxASsPlOcry0dpDl8K-WgHNR5WMCMmoJ9NhpU4FY=
22:39:17.023 [Expansion Quests] Quest with ID=10 is not a a valid achievement or auto start quest. Skip quest for player with UID=mBNlxASsPlOcry0dpDl8K-WgHNR5WMCMmoJ9NhpU4FY=
22:39:17.023 [Expansion Quests] Quest with ID=11 is not a a valid achievement or auto start quest. Skip quest for player with UID=mBNlxASsPlOcry0dpDl8K-WgHNR5WMCMmoJ9NhpU4FY=
22:39:17.023 [Expansion Quests] Quest with ID=12 is not a a valid achievement or auto start quest. Skip quest for player with UID=mBNlxASsPlOcry0dpDl8K-WgHNR5WMCMmoJ9NhpU4FY=
22:39:17.023 [Expansion Quests] Quest with ID=13 is not a a valid achievement or auto start quest. Skip quest for player with UID=mBNlxASsPlOcry0dpDl8K-WgHNR5WMCMmoJ9NhpU4FY=
22:39:17.023 [Expansion Quests] Quest with ID=14 is not a a valid achievement or auto start quest. Skip quest for player with UID=mBNlxASsPlOcry0dpDl8K-WgHNR5WMCMmoJ9NhpU4FY=
22:39:17.023 [Expansion Quests] Quest with ID=15 is not a a valid achievement or auto start quest. Skip quest for player with UID=mBNlxASsPlOcry0dpDl8K-WgHNR5WMCMmoJ9NhpU4FY=
22:39:17.023 [Expansion Quests] Quest with ID=16 is not a a valid achievement or auto start quest. Skip quest for player with UID=mBNlxASsPlOcry0dpDl8K-WgHNR5WMCMmoJ9NhpU4FY=
22:39:17.023 [Expansion Quests] Quest with ID=17 is not a a valid achievement or auto start quest. Skip quest for player with UID=mBNlxASsPlOcry0dpDl8K-WgHNR5WMCMmoJ9NhpU4FY=
22:39:17.023 [Expansion Quests] Quest with ID=18 is not a a valid achievement or auto start quest. Skip quest for player with UID=mBNlxASsPlOcry0dpDl8K-WgHNR5WMCMmoJ9NhpU4FY=
22:39:17.023 [Expansion Quests] Quest with ID=19 is not a a valid achievement or auto start quest. Skip quest for player with UID=mBNlxASsPlOcry0dpDl8K-WgHNR5WMCMmoJ9NhpU4FY=
22:39:17.023 [Expansion Quests] Quest with ID=20 is not a a valid achievement or auto start quest. Skip quest for player with UID=mBNlxASsPlOcry0dpDl8K-WgHNR5WMCMmoJ9NhpU4FY=
22:39:17.023 [Expansion Quests] Quest with ID=21 is not a a valid achievement or auto start quest. Skip quest for player with UID=mBNlxASsPlOcry0dpDl8K-WgHNR5WMCMmoJ9NhpU4FY=
22:39:17.023 [Expansion Quests] Quest with ID=22 is not a a valid achievement or auto start quest. Skip quest for player with UID=mBNlxASsPlOcry0dpDl8K-WgHNR5WMCMmoJ9NhpU4FY=
22:39:17.023 [Expansion Quests] Quest with ID=23 is not a a valid achievement or auto start quest. Skip quest for player with UID=mBNlxASsPlOcry0dpDl8K-WgHNR5WMCMmoJ9NhpU4FY=
22:39:17.023 [Expansion Quests] Quest with ID=24 is not a a valid achievement or auto start quest. Skip quest for player with UID=mBNlxASsPlOcry0dpDl8K-WgHNR5WMCMmoJ9NhpU4FY=
22:39:17.023 [Expansion Quests] Quest with ID=25 is not a a valid achievement or auto start quest. Skip quest for player with UID=mBNlxASsPlOcry0dpDl8K-WgHNR5WMCMmoJ9NhpU4FY=
22:39:17.023 [Expansion Quests] Quest with ID=26 is not a a valid achievement or auto start quest. Skip quest for player with UID=mBNlxASsPlOcry0dpDl8K-WgHNR5WMCMmoJ9NhpU4FY=
22:39:17.023 [Expansion Quests] Quest with ID=27 is not a a valid achievement or auto start quest. Skip quest for player with UID=mBNlxASsPlOcry0dpDl8K-WgHNR5WMCMmoJ9NhpU4FY=
22:39:17.023 [Expansion Quests] Quest with ID=28 is not a a valid achievement or auto start quest. Skip quest for player with UID=mBNlxASsPlOcry0dpDl8K-WgHNR5WMCMmoJ9NhpU4FY=
22:39:17.023 [Expansion Quests] Quest with ID=29 is not a a valid achievement or auto start quest. Skip quest for player with UID=mBNlxASsPlOcry0dpDl8K-WgHNR5WMCMmoJ9NhpU4FY=
22:39:17.023 [Expansion Quests] Quest with ID=30 is not a a valid achievement or auto start quest. Skip quest for player with UID=mBNlxASsPlOcry0dpDl8K-WgHNR5WMCMmoJ9NhpU4FY=
22:39:17.023 [Expansion Quests] Quest with ID=31 is not a a valid achievement or auto start quest. Skip quest for player with UID=mBNlxASsPlOcry0dpDl8K-WgHNR5WMCMmoJ9NhpU4FY=
22:39:17.023 [Expansion Quests] Quest with ID=32 is not a a valid achievement or auto start quest. Skip quest for player with UID=mBNlxASsPlOcry0dpDl8K-WgHNR5WMCMmoJ9NhpU4FY=
22:39:17.023 [Expansion Quests] Quest with ID=33 is not a a valid achievement or auto start quest. Skip quest for player with UID=mBNlxASsPlOcry0dpDl8K-WgHNR5WMCMmoJ9NhpU4FY=
22:39:17.023 [Expansion Quests] Quest with ID=35 is not a a valid achievement or auto start quest. Skip quest for player with UID=mBNlxASsPlOcry0dpDl8K-WgHNR5WMCMmoJ9NhpU4FY=
22:39:17.023 [Expansion Quests] Quest with ID=36 is not a a valid achievement or auto start quest. Skip quest for player with UID=mBNlxASsPlOcry0dpDl8K-WgHNR5WMCMmoJ9NhpU4FY=
22:39:17.023 [Expansion Quests] Quest with ID=37 is not a a valid achievement or auto start quest. Skip quest for player with UID=mBNlxASsPlOcry0dpDl8K-WgHNR5WMCMmoJ9NhpU4FY=
22:39:17.023 [Expansion Quests] Quest with ID=38 is not a a valid achievement or auto start quest. Skip quest for player with UID=mBNlxASsPlOcry0dpDl8K-WgHNR5WMCMmoJ9NhpU4FY=
22:39:17.023 [Expansion Quests] Quest with ID=39 is not a a valid achievement or auto start quest. Skip quest for player with UID=mBNlxASsPlOcry0dpDl8K-WgHNR5WMCMmoJ9NhpU4FY=
22:39:17.023 [Expansion Quests] Quest with ID=40 is not a a valid achievement or auto start quest. Skip quest for player with UID=mBNlxASsPlOcry0dpDl8K-WgHNR5WMCMmoJ9NhpU4FY=
22:39:17.023 [Expansion Quests] Sending mBNlxASsPlOcry0dpDl8K-WgHNR5WMCMmoJ9NhpU4FY= quest configs to client for player with UID=mBNlxASsPlOcry0dpDl8K-WgHNR5WMCMmoJ9NhpU4FY=
22:39:17.023 [Expansion Quests] Sending player quest data for 1 quests to player with UID=mBNlxASsPlOcry0dpDl8K-WgHNR5WMCMmoJ9NhpU4FY=
22:39:25.312 [MissionAirdrop] An airdrop is heading towards "Greenville" (pos=<4658.000000, 0.000000, 1414.000000> type=Random_Greenville) with a ExpansionAirdropContainer_Medical
23:29:24.062 [Expansion Quests] Initialize quest system on the connected client with UID=8Zl4zCc9RHP-lc7yMJCYT-HWj4vq8zmPPJMtTsNCQTc=
23:29:24.085 [Expansion Quests] Loaded existing player quest data for player with UID=8Zl4zCc9RHP-lc7yMJCYT-HWj4vq8zmPPJMtTsNCQTc=
23:29:24.085 [Expansion Quests] Check quest initialization for quest with ID=1 | State=COMPLETED | Player UID=8Zl4zCc9RHP-lc7yMJCYT-HWj4vq8zmPPJMtTsNCQTc=
23:29:24.085 [Expansion Quests] Quest with ID=2 is not a a valid achievement or auto start quest. Skip quest for player with UID=8Zl4zCc9RHP-lc7yMJCYT-HWj4vq8zmPPJMtTsNCQTc=
23:29:24.085 [Expansion Quests] Quest with ID=3 is not a a valid achievement or auto start quest. Skip quest for player with UID=8Zl4zCc9RHP-lc7yMJCYT-HWj4vq8zmPPJMtTsNCQTc=
23:29:24.085 [Expansion Quests] Quest with ID=4 is not a a valid achievement or auto start quest. Skip quest for player with UID=8Zl4zCc9RHP-lc7yMJCYT-HWj4vq8zmPPJMtTsNCQTc=
23:29:24.085 [Expansion Quests] Quest with ID=5 is not a a valid achievement or auto start quest. Skip quest for player with UID=8Zl4zCc9RHP-lc7yMJCYT-HWj4vq8zmPPJMtTsNCQTc=
23:29:24.085 [Expansion Quests] Quest with ID=6 is not a a valid achievement or auto start quest. Skip quest for player with UID=8Zl4zCc9RHP-lc7yMJCYT-HWj4vq8zmPPJMtTsNCQTc=
23:29:24.085 [Expansion Quests] Quest with ID=7 is not a a valid achievement or auto start quest. Skip quest for player with UID=8Zl4zCc9RHP-lc7yMJCYT-HWj4vq8zmPPJMtTsNCQTc=
23:29:24.085 [Expansion Quests] Quest with ID=8 is not a a valid achievement or auto start quest. Skip quest for player with UID=8Zl4zCc9RHP-lc7yMJCYT-HWj4vq8zmPPJMtTsNCQTc=
23:29:24.085 [Expansion Quests] Quest with ID=9 is not a a valid achievement or auto start quest. Skip quest for player with UID=8Zl4zCc9RHP-lc7yMJCYT-HWj4vq8zmPPJMtTsNCQTc=
23:29:24.085 [Expansion Quests] Quest with ID=10 is not a a valid achievement or auto start quest. Skip quest for player with UID=8Zl4zCc9RHP-lc7yMJCYT-HWj4vq8zmPPJMtTsNCQTc=
23:29:24.085 [Expansion Quests] Quest with ID=11 is not a a valid achievement or auto start quest. Skip quest for player with UID=8Zl4zCc9RHP-lc7yMJCYT-HWj4vq8zmPPJMtTsNCQTc=
23:29:24.085 [Expansion Quests] Quest with ID=12 is not a a valid achievement or auto start quest. Skip quest for player with UID=8Zl4zCc9RHP-lc7yMJCYT-HWj4vq8zmPPJMtTsNCQTc=
23:29:24.085 [Expansion Quests] Quest with ID=13 is not a a valid achievement or auto start quest. Skip quest for player with UID=8Zl4zCc9RHP-lc7yMJCYT-HWj4vq8zmPPJMtTsNCQTc=
23:29:24.085 [Expansion Quests] Quest with ID=14 is not a a valid achievement or auto start quest. Skip quest for player with UID=8Zl4zCc9RHP-lc7yMJCYT-HWj4vq8zmPPJMtTsNCQTc=
23:29:24.085 [Expansion Quests] Quest with ID=15 is not a a valid achievement or auto start quest. Skip quest for player with UID=8Zl4zCc9RHP-lc7yMJCYT-HWj4vq8zmPPJMtTsNCQTc=
23:29:24.085 [Expansion Quests] Quest with ID=16 is not a a valid achievement or auto start quest. Skip quest for player with UID=8Zl4zCc9RHP-lc7yMJCYT-HWj4vq8zmPPJMtTsNCQTc=
23:29:24.085 [Expansion Quests] Quest with ID=17 is not a a valid achievement or auto start quest. Skip quest for player with UID=8Zl4zCc9RHP-lc7yMJCYT-HWj4vq8zmPPJMtTsNCQTc=
23:29:24.085 [Expansion Quests] Quest with ID=18 is not a a valid achievement or auto start quest. Skip quest for player with UID=8Zl4zCc9RHP-lc7yMJCYT-HWj4vq8zmPPJMtTsNCQTc=
23:29:24.085 [Expansion Quests] Quest with ID=19 is not a a valid achievement or auto start quest. Skip quest for player with UID=8Zl4zCc9RHP-lc7yMJCYT-HWj4vq8zmPPJMtTsNCQTc=
23:29:24.085 [Expansion Quests] Quest with ID=20 is not a a valid achievement or auto start quest. Skip quest for player with UID=8Zl4zCc9RHP-lc7yMJCYT-HWj4vq8zmPPJMtTsNCQTc=
23:29:24.085 [Expansion Quests] Quest with ID=21 is not a a valid achievement or auto start quest. Skip quest for player with UID=8Zl4zCc9RHP-lc7yMJCYT-HWj4vq8zmPPJMtTsNCQTc=
23:29:24.085 [Expansion Quests] Quest with ID=22 is not a a valid achievement or auto start quest. Skip quest for player with UID=8Zl4zCc9RHP-lc7yMJCYT-HWj4vq8zmPPJMtTsNCQTc=
23:29:24.085 [Expansion Quests] Quest with ID=23 is not a a valid achievement or auto start quest. Skip quest for player with UID=8Zl4zCc9RHP-lc7yMJCYT-HWj4vq8zmPPJMtTsNCQTc=
23:29:24.085 [Expansion Quests] Quest with ID=24 is not a a valid achievement or auto start quest. Skip quest for player with UID=8Zl4zCc9RHP-lc7yMJCYT-HWj4vq8zmPPJMtTsNCQTc=
23:29:24.085 [Expansion Quests] Quest with ID=25 is not a a valid achievement or auto start quest. Skip quest for player with UID=8Zl4zCc9RHP-lc7yMJCYT-HWj4vq8zmPPJMtTsNCQTc=
23:29:24.085 [Expansion Quests] Quest with ID=26 is not a a valid achievement or auto start quest. Skip quest for player with UID=8Zl4zCc9RHP-lc7yMJCYT-HWj4vq8zmPPJMtTsNCQTc=
23:29:24.085 [Expansion Quests] Quest with ID=27 is not a a valid achievement or auto start quest. Skip quest for player with UID=8Zl4zCc9RHP-lc7yMJCYT-HWj4vq8zmPPJMtTsNCQTc=
23:29:24.085 [Expansion Quests] Quest with ID=28 is not a a valid achievement or auto start quest. Skip quest for player with UID=8Zl4zCc9RHP-lc7yMJCYT-HWj4vq8zmPPJMtTsNCQTc=
23:29:24.085 [Expansion Quests] Quest with ID=29 is not a a valid achievement or auto start quest. Skip quest for player with UID=8Zl4zCc9RHP-lc7yMJCYT-HWj4vq8zmPPJMtTsNCQTc=
23:29:24.085 [Expansion Quests] Quest with ID=30 is not a a valid achievement or auto start quest. Skip quest for player with UID=8Zl4zCc9RHP-lc7yMJCYT-HWj4vq8zmPPJMtTsNCQTc=
23:29:24.085 [Expansion Quests] Quest with ID=31 is not a a valid achievement or auto start quest. Skip quest for player with UID=8Zl4zCc9RHP-lc7yMJCYT-HWj4vq8zmPPJMtTsNCQTc=
23:29:24.085 [Expansion Quests] Quest with ID=32 is not a a valid achievement or auto start quest. Skip quest for player with UID=8Zl4zCc9RHP-lc7yMJCYT-HWj4vq8zmPPJMtTsNCQTc=
23:29:24.085 [Expansion Quests] Quest with ID=33 is not a a valid achievement or auto start quest. Skip quest for player with UID=8Zl4zCc9RHP-lc7yMJCYT-HWj4vq8zmPPJMtTsNCQTc=
23:29:24.085 [Expansion Quests] Quest with ID=35 is not a a valid achievement or auto start quest. Skip quest for player with UID=8Zl4zCc9RHP-lc7yMJCYT-HWj4vq8zmPPJMtTsNCQTc=
23:29:24.085 [Expansion Quests] Quest with ID=36 is not a a valid achievement or auto start quest. Skip quest for player with UID=8Zl4zCc9RHP-lc7yMJCYT-HWj4vq8zmPPJMtTsNCQTc=
23:29:24.085 [Expansion Quests] Quest with ID=37 is not a a valid achievement or auto start quest. Skip quest for player with UID=8Zl4zCc9RHP-lc7yMJCYT-HWj4vq8zmPPJMtTsNCQTc=
23:29:24.085 [Expansion Quests] Quest with ID=38 is not a a valid achievement or auto start quest. Skip quest for player with UID=8Zl4zCc9RHP-lc7yMJCYT-HWj4vq8zmPPJMtTsNCQTc=
23:29:24.085 [Expansion Quests] Quest with ID=39 is not a a valid achievement or auto start quest. Skip quest for player with UID=8Zl4zCc9RHP-lc7yMJCYT-HWj4vq8zmPPJMtTsNCQTc=
23:29:24.085 [Expansion Quests] Quest with ID=40 is not a a valid achievement or auto start quest. Skip quest for player with UID=8Zl4zCc9RHP-lc7yMJCYT-HWj4vq8zmPPJMtTsNCQTc=
23:29:24.085 [Expansion Quests] Sending 8Zl4zCc9RHP-lc7yMJCYT-HWj4vq8zmPPJMtTsNCQTc= quest configs to client for player with UID=8Zl4zCc9RHP-lc7yMJCYT-HWj4vq8zmPPJMtTsNCQTc=
23:29:24.093 [Expansion Quests] Sending player quest data for 1 quests to player with UID=8Zl4zCc9RHP-lc7yMJCYT-HWj4vq8zmPPJMtTsNCQTc=
23:31:43.781 [AI Object Patrol 00059] Spawning 3 Tier 02 Patrol (Shamans) bots at <5675.538086, 73.679703, 3316.554932>
23:31:43.796 [AI Object Patrol 00059] Global patrol count: 1
23:38:49.093 [GraveStone] Spawned GraveStone for player Fishyfish (8Zl4zCc9RHP-lc7yMJCYT-HWj4vq8zmPPJMtTsNCQTc=) at position 0x00000000da4c5d44 {<5756.64,75.035,3239.33>}
23:47:32.578 [MissionAirdrop] An airdrop is heading towards "Hazelands" (pos=<4539.000000, 0.000000, 2317.000000> type=Random_Hazelands) with a ExpansionAirdropContainer
23:48:17.296 [AI Object Patrol 00059] Despawning 2 Tier 02 Patrol (Shamans) bots (spawn position <5675.538086, 73.679703, 3316.554932>, 1/3 deceased)
23:48:17.296 [AI Object Patrol 00059] Global patrol count: 0
23:58:50.148 [AI Patrol 00016] Loaded 2 persistent Airfield Tier 02 Patrol (Shamans) bots at <5362.735352, 74.012497, 3860.072266>
23:58:50.148 [AI Patrol 00016] Global patrol count: 1
23:59:16.320 [AI Object Patrol 00064] Spawning 3 Tier 02 Patrol (Shamans) bots at <5189.181641, 74.000000, 3811.795654>
23:59:16.335 [AI Object Patrol 00064] Global patrol count: 2
00:08:04.867 [AI Patrol 00016] Airfield Tier 02 Patrol (Shamans) bots were wiped out (spawn position <5362.735352, 74.012497, 3860.072266>, 2/2 deceased)
00:08:04.867 [AI Patrol 00016] Global patrol count: 1
00:10:31.546 [GraveStone] Spawned GraveStone for player Fishyfish (8Zl4zCc9RHP-lc7yMJCYT-HWj4vq8zmPPJMtTsNCQTc=) at position 0x00000000da4c5d44 {<5398.19,84.1568,3740.38>}
00:11:30.421 [AI Object Patrol 00064] Despawning 2 Tier 02 Patrol (Shamans) bots (spawn position <5189.181641, 74.000000, 3811.795654>, 1/3 deceased)
00:11:30.421 [AI Object Patrol 00064] Global patrol count: 0
