21:41:47.773 [Safezone] Player "Survivor" (id=mBNlxASsPlOcry0dpDl8K-WgHNR5WMCMmoJ9NhpU4FY= pos=<6254.930664, 2.288576, 877.308472>) Entered the safezone
21:41:47.773 [Expansion Quests] Initialize quest system on the connected client with UID=mBNlxASsPlOcry0dpDl8K-WgHNR5WMCMmoJ9NhpU4FY=
21:41:47.773 [Expansion Quests] Loaded existing player quest data for player with UID=mBNlxASsPlOcry0dpDl8K-WgHNR5WMCMmoJ9NhpU4FY=
21:41:47.773 [Expansion Quests] Check quest initialization for quest with ID=1 | State=STARTED | Player UID=mBNlxASsPlOcry0dpDl8K-WgHNR5WMCMmoJ9NhpU4FY=
21:41:47.773 [Expansion Quests] Create new quest instance for quest with ID=1 | Player UID=mBNlxASsPlOcry0dpDl8K-WgHNR5WMCMmoJ9NhpU4FY=
21:41:47.781 [Expansion Quests] Quest with ID=2 is not a a valid achievement or auto start quest. Skip quest for player with UID=mBNlxASsPlOcry0dpDl8K-WgHNR5WMCMmoJ9NhpU4FY=
21:41:47.781 [Expansion Quests] Quest with ID=3 is not a a valid achievement or auto start quest. Skip quest for player with UID=mBNlxASsPlOcry0dpDl8K-WgHNR5WMCMmoJ9NhpU4FY=
21:41:47.781 [Expansion Quests] Quest with ID=4 is not a a valid achievement or auto start quest. Skip quest for player with UID=mBNlxASsPlOcry0dpDl8K-WgHNR5WMCMmoJ9NhpU4FY=
21:41:47.781 [Expansion Quests] Quest with ID=5 is not a a valid achievement or auto start quest. Skip quest for player with UID=mBNlxASsPlOcry0dpDl8K-WgHNR5WMCMmoJ9NhpU4FY=
21:41:47.781 [Expansion Quests] Quest with ID=6 is not a a valid achievement or auto start quest. Skip quest for player with UID=mBNlxASsPlOcry0dpDl8K-WgHNR5WMCMmoJ9NhpU4FY=
21:41:47.781 [Expansion Quests] Quest with ID=7 is not a a valid achievement or auto start quest. Skip quest for player with UID=mBNlxASsPlOcry0dpDl8K-WgHNR5WMCMmoJ9NhpU4FY=
21:41:47.781 [Expansion Quests] Quest with ID=8 is not a a valid achievement or auto start quest. Skip quest for player with UID=mBNlxASsPlOcry0dpDl8K-WgHNR5WMCMmoJ9NhpU4FY=
21:41:47.781 [Expansion Quests] Quest with ID=9 is not a a valid achievement or auto start quest. Skip quest for player with UID=mBNlxASsPlOcry0dpDl8K-WgHNR5WMCMmoJ9NhpU4FY=
21:41:47.781 [Expansion Quests] Quest with ID=10 is not a a valid achievement or auto start quest. Skip quest for player with UID=mBNlxASsPlOcry0dpDl8K-WgHNR5WMCMmoJ9NhpU4FY=
21:41:47.781 [Expansion Quests] Quest with ID=11 is not a a valid achievement or auto start quest. Skip quest for player with UID=mBNlxASsPlOcry0dpDl8K-WgHNR5WMCMmoJ9NhpU4FY=
21:41:47.781 [Expansion Quests] Quest with ID=12 is not a a valid achievement or auto start quest. Skip quest for player with UID=mBNlxASsPlOcry0dpDl8K-WgHNR5WMCMmoJ9NhpU4FY=
21:41:47.781 [Expansion Quests] Quest with ID=13 is not a a valid achievement or auto start quest. Skip quest for player with UID=mBNlxASsPlOcry0dpDl8K-WgHNR5WMCMmoJ9NhpU4FY=
21:41:47.781 [Expansion Quests] Quest with ID=14 is not a a valid achievement or auto start quest. Skip quest for player with UID=mBNlxASsPlOcry0dpDl8K-WgHNR5WMCMmoJ9NhpU4FY=
21:41:47.781 [Expansion Quests] Quest with ID=15 is not a a valid achievement or auto start quest. Skip quest for player with UID=mBNlxASsPlOcry0dpDl8K-WgHNR5WMCMmoJ9NhpU4FY=
21:41:47.781 [Expansion Quests] Quest with ID=16 is not a a valid achievement or auto start quest. Skip quest for player with UID=mBNlxASsPlOcry0dpDl8K-WgHNR5WMCMmoJ9NhpU4FY=
21:41:47.781 [Expansion Quests] Quest with ID=17 is not a a valid achievement or auto start quest. Skip quest for player with UID=mBNlxASsPlOcry0dpDl8K-WgHNR5WMCMmoJ9NhpU4FY=
21:41:47.781 [Expansion Quests] Quest with ID=18 is not a a valid achievement or auto start quest. Skip quest for player with UID=mBNlxASsPlOcry0dpDl8K-WgHNR5WMCMmoJ9NhpU4FY=
21:41:47.781 [Expansion Quests] Quest with ID=19 is not a a valid achievement or auto start quest. Skip quest for player with UID=mBNlxASsPlOcry0dpDl8K-WgHNR5WMCMmoJ9NhpU4FY=
21:41:47.781 [Expansion Quests] Quest with ID=20 is not a a valid achievement or auto start quest. Skip quest for player with UID=mBNlxASsPlOcry0dpDl8K-WgHNR5WMCMmoJ9NhpU4FY=
21:41:47.781 [Expansion Quests] Quest with ID=21 is not a a valid achievement or auto start quest. Skip quest for player with UID=mBNlxASsPlOcry0dpDl8K-WgHNR5WMCMmoJ9NhpU4FY=
21:41:47.781 [Expansion Quests] Quest with ID=22 is not a a valid achievement or auto start quest. Skip quest for player with UID=mBNlxASsPlOcry0dpDl8K-WgHNR5WMCMmoJ9NhpU4FY=
21:41:47.781 [Expansion Quests] Quest with ID=23 is not a a valid achievement or auto start quest. Skip quest for player with UID=mBNlxASsPlOcry0dpDl8K-WgHNR5WMCMmoJ9NhpU4FY=
21:41:47.781 [Expansion Quests] Quest with ID=24 is not a a valid achievement or auto start quest. Skip quest for player with UID=mBNlxASsPlOcry0dpDl8K-WgHNR5WMCMmoJ9NhpU4FY=
21:41:47.781 [Expansion Quests] Quest with ID=25 is not a a valid achievement or auto start quest. Skip quest for player with UID=mBNlxASsPlOcry0dpDl8K-WgHNR5WMCMmoJ9NhpU4FY=
21:41:47.781 [Expansion Quests] Quest with ID=26 is not a a valid achievement or auto start quest. Skip quest for player with UID=mBNlxASsPlOcry0dpDl8K-WgHNR5WMCMmoJ9NhpU4FY=
21:41:47.781 [Expansion Quests] Quest with ID=27 is not a a valid achievement or auto start quest. Skip quest for player with UID=mBNlxASsPlOcry0dpDl8K-WgHNR5WMCMmoJ9NhpU4FY=
21:41:47.781 [Expansion Quests] Quest with ID=28 is not a a valid achievement or auto start quest. Skip quest for player with UID=mBNlxASsPlOcry0dpDl8K-WgHNR5WMCMmoJ9NhpU4FY=
21:41:47.781 [Expansion Quests] Quest with ID=29 is not a a valid achievement or auto start quest. Skip quest for player with UID=mBNlxASsPlOcry0dpDl8K-WgHNR5WMCMmoJ9NhpU4FY=
21:41:47.781 [Expansion Quests] Quest with ID=30 is not a a valid achievement or auto start quest. Skip quest for player with UID=mBNlxASsPlOcry0dpDl8K-WgHNR5WMCMmoJ9NhpU4FY=
21:41:47.781 [Expansion Quests] Quest with ID=31 is not a a valid achievement or auto start quest. Skip quest for player with UID=mBNlxASsPlOcry0dpDl8K-WgHNR5WMCMmoJ9NhpU4FY=
21:41:47.781 [Expansion Quests] Quest with ID=32 is not a a valid achievement or auto start quest. Skip quest for player with UID=mBNlxASsPlOcry0dpDl8K-WgHNR5WMCMmoJ9NhpU4FY=
21:41:47.781 [Expansion Quests] Quest with ID=33 is not a a valid achievement or auto start quest. Skip quest for player with UID=mBNlxASsPlOcry0dpDl8K-WgHNR5WMCMmoJ9NhpU4FY=
21:41:47.781 [Expansion Quests] Quest with ID=35 is not a a valid achievement or auto start quest. Skip quest for player with UID=mBNlxASsPlOcry0dpDl8K-WgHNR5WMCMmoJ9NhpU4FY=
21:41:47.781 [Expansion Quests] Quest with ID=36 is not a a valid achievement or auto start quest. Skip quest for player with UID=mBNlxASsPlOcry0dpDl8K-WgHNR5WMCMmoJ9NhpU4FY=
21:41:47.781 [Expansion Quests] Quest with ID=37 is not a a valid achievement or auto start quest. Skip quest for player with UID=mBNlxASsPlOcry0dpDl8K-WgHNR5WMCMmoJ9NhpU4FY=
21:41:47.781 [Expansion Quests] Quest with ID=38 is not a a valid achievement or auto start quest. Skip quest for player with UID=mBNlxASsPlOcry0dpDl8K-WgHNR5WMCMmoJ9NhpU4FY=
21:41:47.781 [Expansion Quests] Quest with ID=39 is not a a valid achievement or auto start quest. Skip quest for player with UID=mBNlxASsPlOcry0dpDl8K-WgHNR5WMCMmoJ9NhpU4FY=
21:41:47.781 [Expansion Quests] Quest with ID=40 is not a a valid achievement or auto start quest. Skip quest for player with UID=mBNlxASsPlOcry0dpDl8K-WgHNR5WMCMmoJ9NhpU4FY=
21:41:47.781 [Expansion Quests] Sending mBNlxASsPlOcry0dpDl8K-WgHNR5WMCMmoJ9NhpU4FY= quest configs to client for player with UID=mBNlxASsPlOcry0dpDl8K-WgHNR5WMCMmoJ9NhpU4FY=
21:41:47.781 [Expansion Quests] Sending player quest data for 1 quests to player with UID=mBNlxASsPlOcry0dpDl8K-WgHNR5WMCMmoJ9NhpU4FY=
21:41:47.781 [Expansion Quests] Added new objective data for type=TRAVEL | Key=mBNlxASsPlOcry0dpDl8K-WgHNR5WMCMmoJ9NhpU4FY= | ID=1
21:41:47.781 [Expansion Quests] Updated and saved persistent player quest data for player with UID=mBNlxASsPlOcry0dpDl8K-WgHNR5WMCMmoJ9NhpU4FY= | Quest ID=1
21:41:48.265 [Expansion Quests] Added new objective data for type=TRAVEL | Key=mBNlxASsPlOcry0dpDl8K-WgHNR5WMCMmoJ9NhpU4FY= | ID=1
21:41:48.265 [Expansion Quests] Updated and saved persistent player quest data for player with UID=mBNlxASsPlOcry0dpDl8K-WgHNR5WMCMmoJ9NhpU4FY= | Quest ID=1
21:42:12.890 [Expansion Quests] Added new objective data for type=TRAVEL | Key=mBNlxASsPlOcry0dpDl8K-WgHNR5WMCMmoJ9NhpU4FY= | ID=1
21:42:12.890 [Expansion Quests] Updated and saved persistent player quest data for player with UID=mBNlxASsPlOcry0dpDl8K-WgHNR5WMCMmoJ9NhpU4FY= | Quest ID=1
21:42:19.226 [Expansion Quests] Added new objective data for type=TRAVEL | Key=mBNlxASsPlOcry0dpDl8K-WgHNR5WMCMmoJ9NhpU4FY= | ID=1
21:42:19.226 [Expansion Quests] Updated and saved persistent player quest data for player with UID=mBNlxASsPlOcry0dpDl8K-WgHNR5WMCMmoJ9NhpU4FY= | Quest ID=1
21:42:19.226 [Expansion Quests] Player with UID=mBNlxASsPlOcry0dpDl8K-WgHNR5WMCMmoJ9NhpU4FY= has completed quest with ID=1
21:46:48.484 [MissionAirdrop] An airdrop is heading towards "Kushville" (pos=<7630.000000, 0.000000, 3717.000000> type=Random_Kushville) with a ExpansionAirdropContainer_Medical
21:46:58.476 [MissionAirdrop] An airdrop is heading towards "Greenville" (pos=<4658.000000, 0.000000, 1414.000000> type=Random_Greenville) with a ExpansionAirdropContainer_Medical
