11:51:52.476 [Expansion Quests] Initialize quest system on the connected client with UID=UM28H981LmDaiGIUMmicuk0sr-JMYVbo9ukkp8PbNwU=
11:51:52.492 [Expansion Quests] Loaded existing player quest data for player with UID=UM28H981LmDaiGIUMmicuk0sr-JMYVbo9ukkp8PbNwU=
11:51:52.492 [Expansion Quests] Check quest initialization for quest with ID=1 | State=STARTED | Player UID=UM28H981LmDaiGIUMmicuk0sr-JMYVbo9ukkp8PbNwU=
11:51:52.492 [Expansion Quests] Create new quest instance for quest with ID=1 | Player UID=UM28H981LmDaiGIUMmicuk0sr-JMYVbo9ukkp8PbNwU=
11:51:52.492 [Expansion Quests] Quest with ID=2 is not a a valid achievement or auto start quest. Skip quest for player with UID=UM28H981LmDaiGIUMmicuk0sr-JMYVbo9ukkp8PbNwU=
11:51:52.492 [Expansion Quests] Quest with ID=3 is not a a valid achievement or auto start quest. Skip quest for player with UID=UM28H981LmDaiGIUMmicuk0sr-JMYVbo9ukkp8PbNwU=
11:51:52.492 [Expansion Quests] Quest with ID=4 is not a a valid achievement or auto start quest. Skip quest for player with UID=UM28H981LmDaiGIUMmicuk0sr-JMYVbo9ukkp8PbNwU=
11:51:52.492 [Expansion Quests] Quest with ID=5 is not a a valid achievement or auto start quest. Skip quest for player with UID=UM28H981LmDaiGIUMmicuk0sr-JMYVbo9ukkp8PbNwU=
11:51:52.492 [Expansion Quests] Quest with ID=6 is not a a valid achievement or auto start quest. Skip quest for player with UID=UM28H981LmDaiGIUMmicuk0sr-JMYVbo9ukkp8PbNwU=
11:51:52.492 [Expansion Quests] Quest with ID=7 is not a a valid achievement or auto start quest. Skip quest for player with UID=UM28H981LmDaiGIUMmicuk0sr-JMYVbo9ukkp8PbNwU=
11:51:52.492 [Expansion Quests] Quest with ID=8 is not a a valid achievement or auto start quest. Skip quest for player with UID=UM28H981LmDaiGIUMmicuk0sr-JMYVbo9ukkp8PbNwU=
11:51:52.492 [Expansion Quests] Quest with ID=9 is not a a valid achievement or auto start quest. Skip quest for player with UID=UM28H981LmDaiGIUMmicuk0sr-JMYVbo9ukkp8PbNwU=
11:51:52.492 [Expansion Quests] Quest with ID=10 is not a a valid achievement or auto start quest. Skip quest for player with UID=UM28H981LmDaiGIUMmicuk0sr-JMYVbo9ukkp8PbNwU=
11:51:52.492 [Expansion Quests] Quest with ID=11 is not a a valid achievement or auto start quest. Skip quest for player with UID=UM28H981LmDaiGIUMmicuk0sr-JMYVbo9ukkp8PbNwU=
11:51:52.492 [Expansion Quests] Quest with ID=12 is not a a valid achievement or auto start quest. Skip quest for player with UID=UM28H981LmDaiGIUMmicuk0sr-JMYVbo9ukkp8PbNwU=
11:51:52.492 [Expansion Quests] Quest with ID=13 is not a a valid achievement or auto start quest. Skip quest for player with UID=UM28H981LmDaiGIUMmicuk0sr-JMYVbo9ukkp8PbNwU=
11:51:52.492 [Expansion Quests] Quest with ID=14 is not a a valid achievement or auto start quest. Skip quest for player with UID=UM28H981LmDaiGIUMmicuk0sr-JMYVbo9ukkp8PbNwU=
11:51:52.492 [Expansion Quests] Quest with ID=15 is not a a valid achievement or auto start quest. Skip quest for player with UID=UM28H981LmDaiGIUMmicuk0sr-JMYVbo9ukkp8PbNwU=
11:51:52.492 [Expansion Quests] Quest with ID=16 is not a a valid achievement or auto start quest. Skip quest for player with UID=UM28H981LmDaiGIUMmicuk0sr-JMYVbo9ukkp8PbNwU=
11:51:52.492 [Expansion Quests] Quest with ID=17 is not a a valid achievement or auto start quest. Skip quest for player with UID=UM28H981LmDaiGIUMmicuk0sr-JMYVbo9ukkp8PbNwU=
11:51:52.492 [Expansion Quests] Quest with ID=18 is not a a valid achievement or auto start quest. Skip quest for player with UID=UM28H981LmDaiGIUMmicuk0sr-JMYVbo9ukkp8PbNwU=
11:51:52.492 [Expansion Quests] Quest with ID=19 is not a a valid achievement or auto start quest. Skip quest for player with UID=UM28H981LmDaiGIUMmicuk0sr-JMYVbo9ukkp8PbNwU=
11:51:52.492 [Expansion Quests] Quest with ID=20 is not a a valid achievement or auto start quest. Skip quest for player with UID=UM28H981LmDaiGIUMmicuk0sr-JMYVbo9ukkp8PbNwU=
11:51:52.492 [Expansion Quests] Quest with ID=21 is not a a valid achievement or auto start quest. Skip quest for player with UID=UM28H981LmDaiGIUMmicuk0sr-JMYVbo9ukkp8PbNwU=
11:51:52.492 [Expansion Quests] Quest with ID=22 is not a a valid achievement or auto start quest. Skip quest for player with UID=UM28H981LmDaiGIUMmicuk0sr-JMYVbo9ukkp8PbNwU=
11:51:52.492 [Expansion Quests] Quest with ID=23 is not a a valid achievement or auto start quest. Skip quest for player with UID=UM28H981LmDaiGIUMmicuk0sr-JMYVbo9ukkp8PbNwU=
11:51:52.492 [Expansion Quests] Quest with ID=24 is not a a valid achievement or auto start quest. Skip quest for player with UID=UM28H981LmDaiGIUMmicuk0sr-JMYVbo9ukkp8PbNwU=
11:51:52.492 [Expansion Quests] Quest with ID=25 is not a a valid achievement or auto start quest. Skip quest for player with UID=UM28H981LmDaiGIUMmicuk0sr-JMYVbo9ukkp8PbNwU=
11:51:52.492 [Expansion Quests] Quest with ID=26 is not a a valid achievement or auto start quest. Skip quest for player with UID=UM28H981LmDaiGIUMmicuk0sr-JMYVbo9ukkp8PbNwU=
11:51:52.492 [Expansion Quests] Quest with ID=27 is not a a valid achievement or auto start quest. Skip quest for player with UID=UM28H981LmDaiGIUMmicuk0sr-JMYVbo9ukkp8PbNwU=
11:51:52.492 [Expansion Quests] Quest with ID=28 is not a a valid achievement or auto start quest. Skip quest for player with UID=UM28H981LmDaiGIUMmicuk0sr-JMYVbo9ukkp8PbNwU=
11:51:52.492 [Expansion Quests] Quest with ID=29 is not a a valid achievement or auto start quest. Skip quest for player with UID=UM28H981LmDaiGIUMmicuk0sr-JMYVbo9ukkp8PbNwU=
11:51:52.492 [Expansion Quests] Quest with ID=30 is not a a valid achievement or auto start quest. Skip quest for player with UID=UM28H981LmDaiGIUMmicuk0sr-JMYVbo9ukkp8PbNwU=
11:51:52.492 [Expansion Quests] Quest with ID=31 is not a a valid achievement or auto start quest. Skip quest for player with UID=UM28H981LmDaiGIUMmicuk0sr-JMYVbo9ukkp8PbNwU=
11:51:52.492 [Expansion Quests] Quest with ID=32 is not a a valid achievement or auto start quest. Skip quest for player with UID=UM28H981LmDaiGIUMmicuk0sr-JMYVbo9ukkp8PbNwU=
11:51:52.492 [Expansion Quests] Quest with ID=33 is not a a valid achievement or auto start quest. Skip quest for player with UID=UM28H981LmDaiGIUMmicuk0sr-JMYVbo9ukkp8PbNwU=
11:51:52.492 [Expansion Quests] Quest with ID=35 is not a a valid achievement or auto start quest. Skip quest for player with UID=UM28H981LmDaiGIUMmicuk0sr-JMYVbo9ukkp8PbNwU=
11:51:52.492 [Expansion Quests] Quest with ID=36 is not a a valid achievement or auto start quest. Skip quest for player with UID=UM28H981LmDaiGIUMmicuk0sr-JMYVbo9ukkp8PbNwU=
11:51:52.492 [Expansion Quests] Quest with ID=37 is not a a valid achievement or auto start quest. Skip quest for player with UID=UM28H981LmDaiGIUMmicuk0sr-JMYVbo9ukkp8PbNwU=
11:51:52.492 [Expansion Quests] Quest with ID=38 is not a a valid achievement or auto start quest. Skip quest for player with UID=UM28H981LmDaiGIUMmicuk0sr-JMYVbo9ukkp8PbNwU=
11:51:52.492 [Expansion Quests] Quest with ID=39 is not a a valid achievement or auto start quest. Skip quest for player with UID=UM28H981LmDaiGIUMmicuk0sr-JMYVbo9ukkp8PbNwU=
11:51:52.492 [Expansion Quests] Quest with ID=40 is not a a valid achievement or auto start quest. Skip quest for player with UID=UM28H981LmDaiGIUMmicuk0sr-JMYVbo9ukkp8PbNwU=
11:51:52.492 [Expansion Quests] Sending UM28H981LmDaiGIUMmicuk0sr-JMYVbo9ukkp8PbNwU= quest configs to client for player with UID=UM28H981LmDaiGIUMmicuk0sr-JMYVbo9ukkp8PbNwU=
11:51:52.492 [Expansion Quests] Sending player quest data for 1 quests to player with UID=UM28H981LmDaiGIUMmicuk0sr-JMYVbo9ukkp8PbNwU=
11:51:52.964 [Expansion Quests] Added new objective data for type=TRAVEL | Key=UM28H981LmDaiGIUMmicuk0sr-JMYVbo9ukkp8PbNwU= | ID=1
11:51:52.964 [Expansion Quests] Updated and saved persistent player quest data for player with UID=UM28H981LmDaiGIUMmicuk0sr-JMYVbo9ukkp8PbNwU= | Quest ID=1
12:02:01.648 [MissionAirdrop] An airdrop is heading towards "Kushville" (pos=<7630.000000, 0.000000, 3717.000000> type=Random_Kushville) with a ExpansionAirdropContainer_Military
12:48:24.128 [Expansion Quests] Deleted quest with ID=1 is a of player with UID=UM28H981LmDaiGIUMmicuk0sr-JMYVbo9ukkp8PbNwU=.
