22:44:15.125 [Expansion Quests] Initialize quest system on the connected client with UID=VaMg6OpLNnVqK6QT57n_gGj71g1EYc_a-XKmvA_-qMM=
22:44:15.132 [Expansion Quests] Created new persistent player quest data for player UID=VaMg6OpLNnVqK6QT57n_gGj71g1EYc_a-XKmvA_-qMM=
22:44:15.132 [Expansion Quests] Create new achievement/auto-start quest for quest ID=1 for player with UID=VaMg6OpLNnVqK6QT57n_gGj71g1EYc_a-XKmvA_-qMM=
22:44:15.132 [Expansion Quests] Added new objective data for type=TRAVEL | Key= | ID=1
22:44:15.132 [Expansion Quests] Updated and saved persistent player quest data for player with UID=VaMg6OpLNnVqK6QT57n_gGj71g1EYc_a-XKmvA_-qMM= | Quest ID=1
22:44:15.132 [Expansion Quests] Quest with ID=2 is not a a valid achievement or auto start quest. Skip quest for player with UID=VaMg6OpLNnVqK6QT57n_gGj71g1EYc_a-XKmvA_-qMM=
22:44:15.132 [Expansion Quests] Quest with ID=3 is not a a valid achievement or auto start quest. Skip quest for player with UID=VaMg6OpLNnVqK6QT57n_gGj71g1EYc_a-XKmvA_-qMM=
22:44:15.132 [Expansion Quests] Quest with ID=4 is not a a valid achievement or auto start quest. Skip quest for player with UID=VaMg6OpLNnVqK6QT57n_gGj71g1EYc_a-XKmvA_-qMM=
22:44:15.132 [Expansion Quests] Quest with ID=5 is not a a valid achievement or auto start quest. Skip quest for player with UID=VaMg6OpLNnVqK6QT57n_gGj71g1EYc_a-XKmvA_-qMM=
22:44:15.132 [Expansion Quests] Quest with ID=6 is not a a valid achievement or auto start quest. Skip quest for player with UID=VaMg6OpLNnVqK6QT57n_gGj71g1EYc_a-XKmvA_-qMM=
22:44:15.132 [Expansion Quests] Quest with ID=7 is not a a valid achievement or auto start quest. Skip quest for player with UID=VaMg6OpLNnVqK6QT57n_gGj71g1EYc_a-XKmvA_-qMM=
22:44:15.132 [Expansion Quests] Quest with ID=8 is not a a valid achievement or auto start quest. Skip quest for player with UID=VaMg6OpLNnVqK6QT57n_gGj71g1EYc_a-XKmvA_-qMM=
22:44:15.132 [Expansion Quests] Quest with ID=9 is not a a valid achievement or auto start quest. Skip quest for player with UID=VaMg6OpLNnVqK6QT57n_gGj71g1EYc_a-XKmvA_-qMM=
22:44:15.132 [Expansion Quests] Quest with ID=10 is not a a valid achievement or auto start quest. Skip quest for player with UID=VaMg6OpLNnVqK6QT57n_gGj71g1EYc_a-XKmvA_-qMM=
22:44:15.132 [Expansion Quests] Quest with ID=11 is not a a valid achievement or auto start quest. Skip quest for player with UID=VaMg6OpLNnVqK6QT57n_gGj71g1EYc_a-XKmvA_-qMM=
22:44:15.132 [Expansion Quests] Quest with ID=12 is not a a valid achievement or auto start quest. Skip quest for player with UID=VaMg6OpLNnVqK6QT57n_gGj71g1EYc_a-XKmvA_-qMM=
22:44:15.132 [Expansion Quests] Quest with ID=13 is not a a valid achievement or auto start quest. Skip quest for player with UID=VaMg6OpLNnVqK6QT57n_gGj71g1EYc_a-XKmvA_-qMM=
22:44:15.132 [Expansion Quests] Quest with ID=14 is not a a valid achievement or auto start quest. Skip quest for player with UID=VaMg6OpLNnVqK6QT57n_gGj71g1EYc_a-XKmvA_-qMM=
22:44:15.132 [Expansion Quests] Quest with ID=15 is not a a valid achievement or auto start quest. Skip quest for player with UID=VaMg6OpLNnVqK6QT57n_gGj71g1EYc_a-XKmvA_-qMM=
22:44:15.132 [Expansion Quests] Quest with ID=16 is not a a valid achievement or auto start quest. Skip quest for player with UID=VaMg6OpLNnVqK6QT57n_gGj71g1EYc_a-XKmvA_-qMM=
22:44:15.132 [Expansion Quests] Quest with ID=17 is not a a valid achievement or auto start quest. Skip quest for player with UID=VaMg6OpLNnVqK6QT57n_gGj71g1EYc_a-XKmvA_-qMM=
22:44:15.132 [Expansion Quests] Quest with ID=18 is not a a valid achievement or auto start quest. Skip quest for player with UID=VaMg6OpLNnVqK6QT57n_gGj71g1EYc_a-XKmvA_-qMM=
22:44:15.132 [Expansion Quests] Quest with ID=19 is not a a valid achievement or auto start quest. Skip quest for player with UID=VaMg6OpLNnVqK6QT57n_gGj71g1EYc_a-XKmvA_-qMM=
22:44:15.132 [Expansion Quests] Quest with ID=20 is not a a valid achievement or auto start quest. Skip quest for player with UID=VaMg6OpLNnVqK6QT57n_gGj71g1EYc_a-XKmvA_-qMM=
22:44:15.132 [Expansion Quests] Quest with ID=21 is not a a valid achievement or auto start quest. Skip quest for player with UID=VaMg6OpLNnVqK6QT57n_gGj71g1EYc_a-XKmvA_-qMM=
22:44:15.132 [Expansion Quests] Quest with ID=22 is not a a valid achievement or auto start quest. Skip quest for player with UID=VaMg6OpLNnVqK6QT57n_gGj71g1EYc_a-XKmvA_-qMM=
22:44:15.132 [Expansion Quests] Quest with ID=23 is not a a valid achievement or auto start quest. Skip quest for player with UID=VaMg6OpLNnVqK6QT57n_gGj71g1EYc_a-XKmvA_-qMM=
22:44:15.132 [Expansion Quests] Quest with ID=24 is not a a valid achievement or auto start quest. Skip quest for player with UID=VaMg6OpLNnVqK6QT57n_gGj71g1EYc_a-XKmvA_-qMM=
22:44:15.132 [Expansion Quests] Quest with ID=25 is not a a valid achievement or auto start quest. Skip quest for player with UID=VaMg6OpLNnVqK6QT57n_gGj71g1EYc_a-XKmvA_-qMM=
22:44:15.132 [Expansion Quests] Quest with ID=26 is not a a valid achievement or auto start quest. Skip quest for player with UID=VaMg6OpLNnVqK6QT57n_gGj71g1EYc_a-XKmvA_-qMM=
22:44:15.132 [Expansion Quests] Quest with ID=27 is not a a valid achievement or auto start quest. Skip quest for player with UID=VaMg6OpLNnVqK6QT57n_gGj71g1EYc_a-XKmvA_-qMM=
22:44:15.132 [Expansion Quests] Quest with ID=28 is not a a valid achievement or auto start quest. Skip quest for player with UID=VaMg6OpLNnVqK6QT57n_gGj71g1EYc_a-XKmvA_-qMM=
22:44:15.132 [Expansion Quests] Quest with ID=29 is not a a valid achievement or auto start quest. Skip quest for player with UID=VaMg6OpLNnVqK6QT57n_gGj71g1EYc_a-XKmvA_-qMM=
22:44:15.132 [Expansion Quests] Quest with ID=30 is not a a valid achievement or auto start quest. Skip quest for player with UID=VaMg6OpLNnVqK6QT57n_gGj71g1EYc_a-XKmvA_-qMM=
22:44:15.132 [Expansion Quests] Quest with ID=31 is not a a valid achievement or auto start quest. Skip quest for player with UID=VaMg6OpLNnVqK6QT57n_gGj71g1EYc_a-XKmvA_-qMM=
22:44:15.132 [Expansion Quests] Quest with ID=32 is not a a valid achievement or auto start quest. Skip quest for player with UID=VaMg6OpLNnVqK6QT57n_gGj71g1EYc_a-XKmvA_-qMM=
22:44:15.132 [Expansion Quests] Quest with ID=33 is not a a valid achievement or auto start quest. Skip quest for player with UID=VaMg6OpLNnVqK6QT57n_gGj71g1EYc_a-XKmvA_-qMM=
22:44:15.132 [Expansion Quests] Quest with ID=35 is not a a valid achievement or auto start quest. Skip quest for player with UID=VaMg6OpLNnVqK6QT57n_gGj71g1EYc_a-XKmvA_-qMM=
22:44:15.132 [Expansion Quests] Quest with ID=36 is not a a valid achievement or auto start quest. Skip quest for player with UID=VaMg6OpLNnVqK6QT57n_gGj71g1EYc_a-XKmvA_-qMM=
22:44:15.132 [Expansion Quests] Quest with ID=37 is not a a valid achievement or auto start quest. Skip quest for player with UID=VaMg6OpLNnVqK6QT57n_gGj71g1EYc_a-XKmvA_-qMM=
22:44:15.132 [Expansion Quests] Quest with ID=38 is not a a valid achievement or auto start quest. Skip quest for player with UID=VaMg6OpLNnVqK6QT57n_gGj71g1EYc_a-XKmvA_-qMM=
22:44:15.132 [Expansion Quests] Quest with ID=39 is not a a valid achievement or auto start quest. Skip quest for player with UID=VaMg6OpLNnVqK6QT57n_gGj71g1EYc_a-XKmvA_-qMM=
22:44:15.132 [Expansion Quests] Quest with ID=40 is not a a valid achievement or auto start quest. Skip quest for player with UID=VaMg6OpLNnVqK6QT57n_gGj71g1EYc_a-XKmvA_-qMM=
22:44:15.132 [Expansion Quests] Sending VaMg6OpLNnVqK6QT57n_gGj71g1EYc_a-XKmvA_-qMM= quest configs to client for player with UID=VaMg6OpLNnVqK6QT57n_gGj71g1EYc_a-XKmvA_-qMM=
22:44:15.132 [Expansion Quests] Sending player quest data for 1 quests to player with UID=VaMg6OpLNnVqK6QT57n_gGj71g1EYc_a-XKmvA_-qMM=
22:44:15.617 [Expansion Quests] Added new objective data for type=TRAVEL | Key= | ID=1
22:44:15.617 [Expansion Quests] Updated and saved persistent player quest data for player with UID=VaMg6OpLNnVqK6QT57n_gGj71g1EYc_a-XKmvA_-qMM= | Quest ID=1
22:54:21.835 [MissionAirdrop] An airdrop is heading towards "Georgstown" (pos=<4522.000000, 0.000000, 4370.000000> type=Random_Georgstown) with a ExpansionAirdropContainer_Medical
22:57:35.492 [ExplosionDamageSystem] About to explode FlashGrenade_Ammo from FlashGrenade<5e9a29a0> at <5445.74, 6.49, 1067.08> EXPLOSION range 20 dropoff 5
23:36:32.281 [AI Patrol 00010] Spawning 3 Hazelands Tier 02 Patrol (Shamans) bots at <4607.882324, 2.655575, 2754.229980>
23:36:32.289 [AI Patrol 00010] Global patrol count: 1
23:46:05.421 [Expansion Quests] Deleted quest with ID=1 is a of player with UID=VaMg6OpLNnVqK6QT57n_gGj71g1EYc_a-XKmvA_-qMM=.
23:56:02.054 [AI Patrol 00010] Despawning 3 Hazelands Tier 02 Patrol (Shamans) bots (spawn position <4607.882324, 2.655575, 2754.229980>, 0/3 deceased)
23:56:02.062 [AI Patrol 00010] Global patrol count: 0
