13:14:26.476 [Expansion Quests] Initialize quest system on the connected client with UID=mBNlxASsPlOcry0dpDl8K-WgHNR5WMCMmoJ9NhpU4FY=
13:14:26.488 [Expansion Quests] Loaded existing player quest data for player with UID=mBNlxASsPlOcry0dpDl8K-WgHNR5WMCMmoJ9NhpU4FY=
13:14:26.488 [Expansion Quests] Check quest initialization for quest with ID=1 | State=STARTED | Player UID=mBNlxASsPlOcry0dpDl8K-WgHNR5WMCMmoJ9NhpU4FY=
13:14:26.488 [Expansion Quests] Create new quest instance for quest with ID=1 | Player UID=mBNlxASsPlOcry0dpDl8K-WgHNR5WMCMmoJ9NhpU4FY=
13:14:26.488 [Expansion Quests] Quest with ID=2 is not a a valid achievement or auto start quest. Skip quest for player with UID=mBNlxASsPlOcry0dpDl8K-WgHNR5WMCMmoJ9NhpU4FY=
13:14:26.488 [Expansion Quests] Quest with ID=3 is not a a valid achievement or auto start quest. Skip quest for player with UID=mBNlxASsPlOcry0dpDl8K-WgHNR5WMCMmoJ9NhpU4FY=
13:14:26.488 [Expansion Quests] Quest with ID=4 is not a a valid achievement or auto start quest. Skip quest for player with UID=mBNlxASsPlOcry0dpDl8K-WgHNR5WMCMmoJ9NhpU4FY=
13:14:26.488 [Expansion Quests] Quest with ID=5 is not a a valid achievement or auto start quest. Skip quest for player with UID=mBNlxASsPlOcry0dpDl8K-WgHNR5WMCMmoJ9NhpU4FY=
13:14:26.488 [Expansion Quests] Quest with ID=6 is not a a valid achievement or auto start quest. Skip quest for player with UID=mBNlxASsPlOcry0dpDl8K-WgHNR5WMCMmoJ9NhpU4FY=
13:14:26.488 [Expansion Quests] Quest with ID=7 is not a a valid achievement or auto start quest. Skip quest for player with UID=mBNlxASsPlOcry0dpDl8K-WgHNR5WMCMmoJ9NhpU4FY=
13:14:26.488 [Expansion Quests] Quest with ID=8 is not a a valid achievement or auto start quest. Skip quest for player with UID=mBNlxASsPlOcry0dpDl8K-WgHNR5WMCMmoJ9NhpU4FY=
13:14:26.488 [Expansion Quests] Quest with ID=9 is not a a valid achievement or auto start quest. Skip quest for player with UID=mBNlxASsPlOcry0dpDl8K-WgHNR5WMCMmoJ9NhpU4FY=
13:14:26.492 [Expansion Quests] Quest with ID=10 is not a a valid achievement or auto start quest. Skip quest for player with UID=mBNlxASsPlOcry0dpDl8K-WgHNR5WMCMmoJ9NhpU4FY=
13:14:26.492 [Expansion Quests] Quest with ID=11 is not a a valid achievement or auto start quest. Skip quest for player with UID=mBNlxASsPlOcry0dpDl8K-WgHNR5WMCMmoJ9NhpU4FY=
13:14:26.492 [Expansion Quests] Quest with ID=12 is not a a valid achievement or auto start quest. Skip quest for player with UID=mBNlxASsPlOcry0dpDl8K-WgHNR5WMCMmoJ9NhpU4FY=
13:14:26.492 [Expansion Quests] Quest with ID=13 is not a a valid achievement or auto start quest. Skip quest for player with UID=mBNlxASsPlOcry0dpDl8K-WgHNR5WMCMmoJ9NhpU4FY=
13:14:26.492 [Expansion Quests] Quest with ID=14 is not a a valid achievement or auto start quest. Skip quest for player with UID=mBNlxASsPlOcry0dpDl8K-WgHNR5WMCMmoJ9NhpU4FY=
13:14:26.492 [Expansion Quests] Quest with ID=15 is not a a valid achievement or auto start quest. Skip quest for player with UID=mBNlxASsPlOcry0dpDl8K-WgHNR5WMCMmoJ9NhpU4FY=
13:14:26.492 [Expansion Quests] Quest with ID=16 is not a a valid achievement or auto start quest. Skip quest for player with UID=mBNlxASsPlOcry0dpDl8K-WgHNR5WMCMmoJ9NhpU4FY=
13:14:26.492 [Expansion Quests] Quest with ID=17 is not a a valid achievement or auto start quest. Skip quest for player with UID=mBNlxASsPlOcry0dpDl8K-WgHNR5WMCMmoJ9NhpU4FY=
13:14:26.492 [Expansion Quests] Quest with ID=18 is not a a valid achievement or auto start quest. Skip quest for player with UID=mBNlxASsPlOcry0dpDl8K-WgHNR5WMCMmoJ9NhpU4FY=
13:14:26.492 [Expansion Quests] Quest with ID=19 is not a a valid achievement or auto start quest. Skip quest for player with UID=mBNlxASsPlOcry0dpDl8K-WgHNR5WMCMmoJ9NhpU4FY=
13:14:26.492 [Expansion Quests] Quest with ID=20 is not a a valid achievement or auto start quest. Skip quest for player with UID=mBNlxASsPlOcry0dpDl8K-WgHNR5WMCMmoJ9NhpU4FY=
13:14:26.492 [Expansion Quests] Quest with ID=21 is not a a valid achievement or auto start quest. Skip quest for player with UID=mBNlxASsPlOcry0dpDl8K-WgHNR5WMCMmoJ9NhpU4FY=
13:14:26.492 [Expansion Quests] Quest with ID=22 is not a a valid achievement or auto start quest. Skip quest for player with UID=mBNlxASsPlOcry0dpDl8K-WgHNR5WMCMmoJ9NhpU4FY=
13:14:26.492 [Expansion Quests] Quest with ID=23 is not a a valid achievement or auto start quest. Skip quest for player with UID=mBNlxASsPlOcry0dpDl8K-WgHNR5WMCMmoJ9NhpU4FY=
13:14:26.492 [Expansion Quests] Quest with ID=24 is not a a valid achievement or auto start quest. Skip quest for player with UID=mBNlxASsPlOcry0dpDl8K-WgHNR5WMCMmoJ9NhpU4FY=
13:14:26.492 [Expansion Quests] Quest with ID=25 is not a a valid achievement or auto start quest. Skip quest for player with UID=mBNlxASsPlOcry0dpDl8K-WgHNR5WMCMmoJ9NhpU4FY=
13:14:26.492 [Expansion Quests] Quest with ID=26 is not a a valid achievement or auto start quest. Skip quest for player with UID=mBNlxASsPlOcry0dpDl8K-WgHNR5WMCMmoJ9NhpU4FY=
13:14:26.492 [Expansion Quests] Quest with ID=27 is not a a valid achievement or auto start quest. Skip quest for player with UID=mBNlxASsPlOcry0dpDl8K-WgHNR5WMCMmoJ9NhpU4FY=
13:14:26.492 [Expansion Quests] Quest with ID=28 is not a a valid achievement or auto start quest. Skip quest for player with UID=mBNlxASsPlOcry0dpDl8K-WgHNR5WMCMmoJ9NhpU4FY=
13:14:26.492 [Expansion Quests] Quest with ID=29 is not a a valid achievement or auto start quest. Skip quest for player with UID=mBNlxASsPlOcry0dpDl8K-WgHNR5WMCMmoJ9NhpU4FY=
13:14:26.492 [Expansion Quests] Quest with ID=30 is not a a valid achievement or auto start quest. Skip quest for player with UID=mBNlxASsPlOcry0dpDl8K-WgHNR5WMCMmoJ9NhpU4FY=
13:14:26.492 [Expansion Quests] Quest with ID=31 is not a a valid achievement or auto start quest. Skip quest for player with UID=mBNlxASsPlOcry0dpDl8K-WgHNR5WMCMmoJ9NhpU4FY=
13:14:26.492 [Expansion Quests] Quest with ID=32 is not a a valid achievement or auto start quest. Skip quest for player with UID=mBNlxASsPlOcry0dpDl8K-WgHNR5WMCMmoJ9NhpU4FY=
13:14:26.492 [Expansion Quests] Quest with ID=33 is not a a valid achievement or auto start quest. Skip quest for player with UID=mBNlxASsPlOcry0dpDl8K-WgHNR5WMCMmoJ9NhpU4FY=
13:14:26.492 [Expansion Quests] Quest with ID=35 is not a a valid achievement or auto start quest. Skip quest for player with UID=mBNlxASsPlOcry0dpDl8K-WgHNR5WMCMmoJ9NhpU4FY=
13:14:26.496 [Expansion Quests] Quest with ID=36 is not a a valid achievement or auto start quest. Skip quest for player with UID=mBNlxASsPlOcry0dpDl8K-WgHNR5WMCMmoJ9NhpU4FY=
13:14:26.496 [Expansion Quests] Quest with ID=37 is not a a valid achievement or auto start quest. Skip quest for player with UID=mBNlxASsPlOcry0dpDl8K-WgHNR5WMCMmoJ9NhpU4FY=
13:14:26.496 [Expansion Quests] Quest with ID=38 is not a a valid achievement or auto start quest. Skip quest for player with UID=mBNlxASsPlOcry0dpDl8K-WgHNR5WMCMmoJ9NhpU4FY=
13:14:26.496 [Expansion Quests] Quest with ID=39 is not a a valid achievement or auto start quest. Skip quest for player with UID=mBNlxASsPlOcry0dpDl8K-WgHNR5WMCMmoJ9NhpU4FY=
13:14:26.496 [Expansion Quests] Quest with ID=40 is not a a valid achievement or auto start quest. Skip quest for player with UID=mBNlxASsPlOcry0dpDl8K-WgHNR5WMCMmoJ9NhpU4FY=
13:14:26.496 [Expansion Quests] Sending mBNlxASsPlOcry0dpDl8K-WgHNR5WMCMmoJ9NhpU4FY= quest configs to client for player with UID=mBNlxASsPlOcry0dpDl8K-WgHNR5WMCMmoJ9NhpU4FY=
13:14:26.496 [Expansion Quests] Sending player quest data for 1 quests to player with UID=mBNlxASsPlOcry0dpDl8K-WgHNR5WMCMmoJ9NhpU4FY=
13:14:26.957 [Expansion Quests] Added new objective data for type=TRAVEL | Key=mBNlxASsPlOcry0dpDl8K-WgHNR5WMCMmoJ9NhpU4FY= | ID=1
13:14:26.957 [Expansion Quests] Updated and saved persistent player quest data for player with UID=mBNlxASsPlOcry0dpDl8K-WgHNR5WMCMmoJ9NhpU4FY= | Quest ID=1
13:19:30.496 [MissionAirdrop] An airdrop is heading towards "Westbrook" (pos=<3614.000000, 0.000000, 6360.000000> type=Random_Westbrook) with a ExpansionAirdropContainer_Medical
13:19:40.488 [MissionAirdrop] An airdrop is heading towards "Old-Town" (pos=<1849.000000, 0.000000, 8830.000000> type=Random_Old-Town) with a ExpansionAirdropContainer
14:19:37.960 [Killfeed] Bunker [Admin] got killed.
14:20:07.960 [GraveStone] Spawned GraveStone for player Bunker [Admin] (mBNlxASsPlOcry0dpDl8K-WgHNR5WMCMmoJ9NhpU4FY=) at position 0x0000000016385d64 {<6071.2,9.47516,1316.59>}
14:25:38.164 [Expansion Quests] Added new objective data for type=TRAVEL | Key=mBNlxASsPlOcry0dpDl8K-WgHNR5WMCMmoJ9NhpU4FY= | ID=1
14:25:38.167 [Expansion Quests] Updated and saved persistent player quest data for player with UID=mBNlxASsPlOcry0dpDl8K-WgHNR5WMCMmoJ9NhpU4FY= | Quest ID=1
