22:01:32.625 [Expansion Quests] Initialize quest system on the connected client with UID=8Zl4zCc9RHP-lc7yMJCYT-HWj4vq8zmPPJMtTsNCQTc=
22:01:32.632 [Expansion Quests] Loaded existing player quest data for player with UID=8Zl4zCc9RHP-lc7yMJCYT-HWj4vq8zmPPJMtTsNCQTc=
22:01:32.632 [Expansion Quests] Check quest initialization for quest with ID=1 | State=COMPLETED | Player UID=8Zl4zCc9RHP-lc7yMJCYT-HWj4vq8zmPPJMtTsNCQTc=
22:01:32.632 [Expansion Quests] Quest with ID=2 is not a a valid achievement or auto start quest. Skip quest for player with UID=8Zl4zCc9RHP-lc7yMJCYT-HWj4vq8zmPPJMtTsNCQTc=
22:01:32.632 [Expansion Quests] Quest with ID=3 is not a a valid achievement or auto start quest. Skip quest for player with UID=8Zl4zCc9RHP-lc7yMJCYT-HWj4vq8zmPPJMtTsNCQTc=
22:01:32.632 [Expansion Quests] Quest with ID=4 is not a a valid achievement or auto start quest. Skip quest for player with UID=8Zl4zCc9RHP-lc7yMJCYT-HWj4vq8zmPPJMtTsNCQTc=
22:01:32.632 [Expansion Quests] Quest with ID=5 is not a a valid achievement or auto start quest. Skip quest for player with UID=8Zl4zCc9RHP-lc7yMJCYT-HWj4vq8zmPPJMtTsNCQTc=
22:01:32.632 [Expansion Quests] Quest with ID=6 is not a a valid achievement or auto start quest. Skip quest for player with UID=8Zl4zCc9RHP-lc7yMJCYT-HWj4vq8zmPPJMtTsNCQTc=
22:01:32.632 [Expansion Quests] Quest with ID=7 is not a a valid achievement or auto start quest. Skip quest for player with UID=8Zl4zCc9RHP-lc7yMJCYT-HWj4vq8zmPPJMtTsNCQTc=
22:01:32.632 [Expansion Quests] Quest with ID=8 is not a a valid achievement or auto start quest. Skip quest for player with UID=8Zl4zCc9RHP-lc7yMJCYT-HWj4vq8zmPPJMtTsNCQTc=
22:01:32.632 [Expansion Quests] Quest with ID=9 is not a a valid achievement or auto start quest. Skip quest for player with UID=8Zl4zCc9RHP-lc7yMJCYT-HWj4vq8zmPPJMtTsNCQTc=
22:01:32.632 [Expansion Quests] Quest with ID=10 is not a a valid achievement or auto start quest. Skip quest for player with UID=8Zl4zCc9RHP-lc7yMJCYT-HWj4vq8zmPPJMtTsNCQTc=
22:01:32.632 [Expansion Quests] Quest with ID=11 is not a a valid achievement or auto start quest. Skip quest for player with UID=8Zl4zCc9RHP-lc7yMJCYT-HWj4vq8zmPPJMtTsNCQTc=
22:01:32.632 [Expansion Quests] Quest with ID=12 is not a a valid achievement or auto start quest. Skip quest for player with UID=8Zl4zCc9RHP-lc7yMJCYT-HWj4vq8zmPPJMtTsNCQTc=
22:01:32.632 [Expansion Quests] Quest with ID=13 is not a a valid achievement or auto start quest. Skip quest for player with UID=8Zl4zCc9RHP-lc7yMJCYT-HWj4vq8zmPPJMtTsNCQTc=
22:01:32.632 [Expansion Quests] Quest with ID=14 is not a a valid achievement or auto start quest. Skip quest for player with UID=8Zl4zCc9RHP-lc7yMJCYT-HWj4vq8zmPPJMtTsNCQTc=
22:01:32.632 [Expansion Quests] Quest with ID=15 is not a a valid achievement or auto start quest. Skip quest for player with UID=8Zl4zCc9RHP-lc7yMJCYT-HWj4vq8zmPPJMtTsNCQTc=
22:01:32.632 [Expansion Quests] Quest with ID=16 is not a a valid achievement or auto start quest. Skip quest for player with UID=8Zl4zCc9RHP-lc7yMJCYT-HWj4vq8zmPPJMtTsNCQTc=
22:01:32.632 [Expansion Quests] Quest with ID=17 is not a a valid achievement or auto start quest. Skip quest for player with UID=8Zl4zCc9RHP-lc7yMJCYT-HWj4vq8zmPPJMtTsNCQTc=
22:01:32.632 [Expansion Quests] Quest with ID=18 is not a a valid achievement or auto start quest. Skip quest for player with UID=8Zl4zCc9RHP-lc7yMJCYT-HWj4vq8zmPPJMtTsNCQTc=
22:01:32.632 [Expansion Quests] Quest with ID=19 is not a a valid achievement or auto start quest. Skip quest for player with UID=8Zl4zCc9RHP-lc7yMJCYT-HWj4vq8zmPPJMtTsNCQTc=
22:01:32.632 [Expansion Quests] Quest with ID=20 is not a a valid achievement or auto start quest. Skip quest for player with UID=8Zl4zCc9RHP-lc7yMJCYT-HWj4vq8zmPPJMtTsNCQTc=
22:01:32.632 [Expansion Quests] Quest with ID=21 is not a a valid achievement or auto start quest. Skip quest for player with UID=8Zl4zCc9RHP-lc7yMJCYT-HWj4vq8zmPPJMtTsNCQTc=
22:01:32.632 [Expansion Quests] Quest with ID=22 is not a a valid achievement or auto start quest. Skip quest for player with UID=8Zl4zCc9RHP-lc7yMJCYT-HWj4vq8zmPPJMtTsNCQTc=
22:01:32.632 [Expansion Quests] Quest with ID=23 is not a a valid achievement or auto start quest. Skip quest for player with UID=8Zl4zCc9RHP-lc7yMJCYT-HWj4vq8zmPPJMtTsNCQTc=
22:01:32.632 [Expansion Quests] Quest with ID=24 is not a a valid achievement or auto start quest. Skip quest for player with UID=8Zl4zCc9RHP-lc7yMJCYT-HWj4vq8zmPPJMtTsNCQTc=
22:01:32.632 [Expansion Quests] Quest with ID=25 is not a a valid achievement or auto start quest. Skip quest for player with UID=8Zl4zCc9RHP-lc7yMJCYT-HWj4vq8zmPPJMtTsNCQTc=
22:01:32.632 [Expansion Quests] Quest with ID=26 is not a a valid achievement or auto start quest. Skip quest for player with UID=8Zl4zCc9RHP-lc7yMJCYT-HWj4vq8zmPPJMtTsNCQTc=
22:01:32.632 [Expansion Quests] Quest with ID=27 is not a a valid achievement or auto start quest. Skip quest for player with UID=8Zl4zCc9RHP-lc7yMJCYT-HWj4vq8zmPPJMtTsNCQTc=
22:01:32.632 [Expansion Quests] Quest with ID=28 is not a a valid achievement or auto start quest. Skip quest for player with UID=8Zl4zCc9RHP-lc7yMJCYT-HWj4vq8zmPPJMtTsNCQTc=
22:01:32.632 [Expansion Quests] Quest with ID=29 is not a a valid achievement or auto start quest. Skip quest for player with UID=8Zl4zCc9RHP-lc7yMJCYT-HWj4vq8zmPPJMtTsNCQTc=
22:01:32.632 [Expansion Quests] Quest with ID=30 is not a a valid achievement or auto start quest. Skip quest for player with UID=8Zl4zCc9RHP-lc7yMJCYT-HWj4vq8zmPPJMtTsNCQTc=
22:01:32.632 [Expansion Quests] Quest with ID=31 is not a a valid achievement or auto start quest. Skip quest for player with UID=8Zl4zCc9RHP-lc7yMJCYT-HWj4vq8zmPPJMtTsNCQTc=
22:01:32.632 [Expansion Quests] Quest with ID=32 is not a a valid achievement or auto start quest. Skip quest for player with UID=8Zl4zCc9RHP-lc7yMJCYT-HWj4vq8zmPPJMtTsNCQTc=
22:01:32.632 [Expansion Quests] Quest with ID=33 is not a a valid achievement or auto start quest. Skip quest for player with UID=8Zl4zCc9RHP-lc7yMJCYT-HWj4vq8zmPPJMtTsNCQTc=
22:01:32.640 [Expansion Quests] Quest with ID=35 is not a a valid achievement or auto start quest. Skip quest for player with UID=8Zl4zCc9RHP-lc7yMJCYT-HWj4vq8zmPPJMtTsNCQTc=
22:01:32.640 [Expansion Quests] Quest with ID=36 is not a a valid achievement or auto start quest. Skip quest for player with UID=8Zl4zCc9RHP-lc7yMJCYT-HWj4vq8zmPPJMtTsNCQTc=
22:01:32.640 [Expansion Quests] Quest with ID=37 is not a a valid achievement or auto start quest. Skip quest for player with UID=8Zl4zCc9RHP-lc7yMJCYT-HWj4vq8zmPPJMtTsNCQTc=
22:01:32.640 [Expansion Quests] Quest with ID=38 is not a a valid achievement or auto start quest. Skip quest for player with UID=8Zl4zCc9RHP-lc7yMJCYT-HWj4vq8zmPPJMtTsNCQTc=
22:01:32.640 [Expansion Quests] Quest with ID=39 is not a a valid achievement or auto start quest. Skip quest for player with UID=8Zl4zCc9RHP-lc7yMJCYT-HWj4vq8zmPPJMtTsNCQTc=
22:01:32.640 [Expansion Quests] Quest with ID=40 is not a a valid achievement or auto start quest. Skip quest for player with UID=8Zl4zCc9RHP-lc7yMJCYT-HWj4vq8zmPPJMtTsNCQTc=
22:01:32.640 [Expansion Quests] Sending 8Zl4zCc9RHP-lc7yMJCYT-HWj4vq8zmPPJMtTsNCQTc= quest configs to client for player with UID=8Zl4zCc9RHP-lc7yMJCYT-HWj4vq8zmPPJMtTsNCQTc=
22:01:32.640 [Expansion Quests] Sending player quest data for 1 quests to player with UID=8Zl4zCc9RHP-lc7yMJCYT-HWj4vq8zmPPJMtTsNCQTc=
22:05:40.390 [AI Patrol 00018] Spawning 3 Airfield Tier 02 Patrol (Shamans) bots at <5523.550293, 74.099998, 3737.439697>
22:05:40.406 [AI Patrol 00018] Global patrol count: 1
22:11:37.289 [MissionAirdrop] An airdrop is heading towards "Oceanville" (pos=<10179.000000, 0.000000, 4722.000000> type=Random_Oceanville) with a ExpansionAirdropContainer_Military
22:21:37.031 [GraveStone] Spawned GraveStone for player Fishyfish (8Zl4zCc9RHP-lc7yMJCYT-HWj4vq8zmPPJMtTsNCQTc=) at position 0x00000000a01a6e34 {<5446.26,75.1469,3619.52>}
22:31:02.593 [AI Patrol 00018] Despawning 2 Airfield Tier 02 Patrol (Shamans) bots (spawn position <5523.550293, 74.099998, 3737.439697>, 1/3 deceased)
22:31:02.601 [AI Patrol 00018] Global patrol count: 0
