00:02:45.484 [Expansion Quests] Initialize quest system on the connected client with UID=3_3NYm1QbL4ruc29WleydN-WYQ4rv4YZpnxuUIZQ7kw=
00:02:45.492 [Expansion Quests] Created new persistent player quest data for player UID=3_3NYm1QbL4ruc29WleydN-WYQ4rv4YZpnxuUIZQ7kw=
00:02:45.492 [Expansion Quests] Create new achievement/auto-start quest for quest ID=1 for player with UID=3_3NYm1QbL4ruc29WleydN-WYQ4rv4YZpnxuUIZQ7kw=
00:02:45.492 [Expansion Quests] Added new objective data for type=TRAVEL | Key= | ID=1
00:02:45.492 [Expansion Quests] Updated and saved persistent player quest data for player with UID=3_3NYm1QbL4ruc29WleydN-WYQ4rv4YZpnxuUIZQ7kw= | Quest ID=1
00:02:45.492 [Expansion Quests] Quest with ID=2 is not a a valid achievement or auto start quest. Skip quest for player with UID=3_3NYm1QbL4ruc29WleydN-WYQ4rv4YZpnxuUIZQ7kw=
00:02:45.492 [Expansion Quests] Quest with ID=3 is not a a valid achievement or auto start quest. Skip quest for player with UID=3_3NYm1QbL4ruc29WleydN-WYQ4rv4YZpnxuUIZQ7kw=
00:02:45.492 [Expansion Quests] Quest with ID=4 is not a a valid achievement or auto start quest. Skip quest for player with UID=3_3NYm1QbL4ruc29WleydN-WYQ4rv4YZpnxuUIZQ7kw=
00:02:45.492 [Expansion Quests] Quest with ID=5 is not a a valid achievement or auto start quest. Skip quest for player with UID=3_3NYm1QbL4ruc29WleydN-WYQ4rv4YZpnxuUIZQ7kw=
00:02:45.492 [Expansion Quests] Quest with ID=6 is not a a valid achievement or auto start quest. Skip quest for player with UID=3_3NYm1QbL4ruc29WleydN-WYQ4rv4YZpnxuUIZQ7kw=
00:02:45.492 [Expansion Quests] Quest with ID=7 is not a a valid achievement or auto start quest. Skip quest for player with UID=3_3NYm1QbL4ruc29WleydN-WYQ4rv4YZpnxuUIZQ7kw=
00:02:45.492 [Expansion Quests] Quest with ID=8 is not a a valid achievement or auto start quest. Skip quest for player with UID=3_3NYm1QbL4ruc29WleydN-WYQ4rv4YZpnxuUIZQ7kw=
00:02:45.492 [Expansion Quests] Quest with ID=9 is not a a valid achievement or auto start quest. Skip quest for player with UID=3_3NYm1QbL4ruc29WleydN-WYQ4rv4YZpnxuUIZQ7kw=
00:02:45.492 [Expansion Quests] Quest with ID=10 is not a a valid achievement or auto start quest. Skip quest for player with UID=3_3NYm1QbL4ruc29WleydN-WYQ4rv4YZpnxuUIZQ7kw=
00:02:45.492 [Expansion Quests] Quest with ID=11 is not a a valid achievement or auto start quest. Skip quest for player with UID=3_3NYm1QbL4ruc29WleydN-WYQ4rv4YZpnxuUIZQ7kw=
00:02:45.492 [Expansion Quests] Quest with ID=12 is not a a valid achievement or auto start quest. Skip quest for player with UID=3_3NYm1QbL4ruc29WleydN-WYQ4rv4YZpnxuUIZQ7kw=
00:02:45.492 [Expansion Quests] Quest with ID=13 is not a a valid achievement or auto start quest. Skip quest for player with UID=3_3NYm1QbL4ruc29WleydN-WYQ4rv4YZpnxuUIZQ7kw=
00:02:45.492 [Expansion Quests] Quest with ID=14 is not a a valid achievement or auto start quest. Skip quest for player with UID=3_3NYm1QbL4ruc29WleydN-WYQ4rv4YZpnxuUIZQ7kw=
00:02:45.492 [Expansion Quests] Quest with ID=15 is not a a valid achievement or auto start quest. Skip quest for player with UID=3_3NYm1QbL4ruc29WleydN-WYQ4rv4YZpnxuUIZQ7kw=
00:02:45.492 [Expansion Quests] Quest with ID=16 is not a a valid achievement or auto start quest. Skip quest for player with UID=3_3NYm1QbL4ruc29WleydN-WYQ4rv4YZpnxuUIZQ7kw=
00:02:45.492 [Expansion Quests] Quest with ID=17 is not a a valid achievement or auto start quest. Skip quest for player with UID=3_3NYm1QbL4ruc29WleydN-WYQ4rv4YZpnxuUIZQ7kw=
00:02:45.492 [Expansion Quests] Quest with ID=18 is not a a valid achievement or auto start quest. Skip quest for player with UID=3_3NYm1QbL4ruc29WleydN-WYQ4rv4YZpnxuUIZQ7kw=
00:02:45.492 [Expansion Quests] Quest with ID=19 is not a a valid achievement or auto start quest. Skip quest for player with UID=3_3NYm1QbL4ruc29WleydN-WYQ4rv4YZpnxuUIZQ7kw=
00:02:45.492 [Expansion Quests] Quest with ID=20 is not a a valid achievement or auto start quest. Skip quest for player with UID=3_3NYm1QbL4ruc29WleydN-WYQ4rv4YZpnxuUIZQ7kw=
00:02:45.492 [Expansion Quests] Quest with ID=21 is not a a valid achievement or auto start quest. Skip quest for player with UID=3_3NYm1QbL4ruc29WleydN-WYQ4rv4YZpnxuUIZQ7kw=
00:02:45.492 [Expansion Quests] Quest with ID=22 is not a a valid achievement or auto start quest. Skip quest for player with UID=3_3NYm1QbL4ruc29WleydN-WYQ4rv4YZpnxuUIZQ7kw=
00:02:45.492 [Expansion Quests] Quest with ID=23 is not a a valid achievement or auto start quest. Skip quest for player with UID=3_3NYm1QbL4ruc29WleydN-WYQ4rv4YZpnxuUIZQ7kw=
00:02:45.492 [Expansion Quests] Quest with ID=24 is not a a valid achievement or auto start quest. Skip quest for player with UID=3_3NYm1QbL4ruc29WleydN-WYQ4rv4YZpnxuUIZQ7kw=
00:02:45.492 [Expansion Quests] Quest with ID=25 is not a a valid achievement or auto start quest. Skip quest for player with UID=3_3NYm1QbL4ruc29WleydN-WYQ4rv4YZpnxuUIZQ7kw=
00:02:45.492 [Expansion Quests] Quest with ID=26 is not a a valid achievement or auto start quest. Skip quest for player with UID=3_3NYm1QbL4ruc29WleydN-WYQ4rv4YZpnxuUIZQ7kw=
00:02:45.492 [Expansion Quests] Quest with ID=27 is not a a valid achievement or auto start quest. Skip quest for player with UID=3_3NYm1QbL4ruc29WleydN-WYQ4rv4YZpnxuUIZQ7kw=
00:02:45.492 [Expansion Quests] Quest with ID=28 is not a a valid achievement or auto start quest. Skip quest for player with UID=3_3NYm1QbL4ruc29WleydN-WYQ4rv4YZpnxuUIZQ7kw=
00:02:45.492 [Expansion Quests] Quest with ID=29 is not a a valid achievement or auto start quest. Skip quest for player with UID=3_3NYm1QbL4ruc29WleydN-WYQ4rv4YZpnxuUIZQ7kw=
00:02:45.492 [Expansion Quests] Quest with ID=30 is not a a valid achievement or auto start quest. Skip quest for player with UID=3_3NYm1QbL4ruc29WleydN-WYQ4rv4YZpnxuUIZQ7kw=
00:02:45.492 [Expansion Quests] Quest with ID=31 is not a a valid achievement or auto start quest. Skip quest for player with UID=3_3NYm1QbL4ruc29WleydN-WYQ4rv4YZpnxuUIZQ7kw=
00:02:45.492 [Expansion Quests] Quest with ID=32 is not a a valid achievement or auto start quest. Skip quest for player with UID=3_3NYm1QbL4ruc29WleydN-WYQ4rv4YZpnxuUIZQ7kw=
00:02:45.492 [Expansion Quests] Quest with ID=33 is not a a valid achievement or auto start quest. Skip quest for player with UID=3_3NYm1QbL4ruc29WleydN-WYQ4rv4YZpnxuUIZQ7kw=
00:02:45.492 [Expansion Quests] Quest with ID=35 is not a a valid achievement or auto start quest. Skip quest for player with UID=3_3NYm1QbL4ruc29WleydN-WYQ4rv4YZpnxuUIZQ7kw=
00:02:45.492 [Expansion Quests] Quest with ID=36 is not a a valid achievement or auto start quest. Skip quest for player with UID=3_3NYm1QbL4ruc29WleydN-WYQ4rv4YZpnxuUIZQ7kw=
00:02:45.492 [Expansion Quests] Quest with ID=37 is not a a valid achievement or auto start quest. Skip quest for player with UID=3_3NYm1QbL4ruc29WleydN-WYQ4rv4YZpnxuUIZQ7kw=
00:02:45.492 [Expansion Quests] Quest with ID=38 is not a a valid achievement or auto start quest. Skip quest for player with UID=3_3NYm1QbL4ruc29WleydN-WYQ4rv4YZpnxuUIZQ7kw=
00:02:45.492 [Expansion Quests] Quest with ID=39 is not a a valid achievement or auto start quest. Skip quest for player with UID=3_3NYm1QbL4ruc29WleydN-WYQ4rv4YZpnxuUIZQ7kw=
00:02:45.492 [Expansion Quests] Quest with ID=40 is not a a valid achievement or auto start quest. Skip quest for player with UID=3_3NYm1QbL4ruc29WleydN-WYQ4rv4YZpnxuUIZQ7kw=
00:02:45.492 [Expansion Quests] Sending 3_3NYm1QbL4ruc29WleydN-WYQ4rv4YZpnxuUIZQ7kw= quest configs to client for player with UID=3_3NYm1QbL4ruc29WleydN-WYQ4rv4YZpnxuUIZQ7kw=
00:02:45.492 [Expansion Quests] Sending player quest data for 1 quests to player with UID=3_3NYm1QbL4ruc29WleydN-WYQ4rv4YZpnxuUIZQ7kw=
00:02:45.976 [Expansion Quests] Added new objective data for type=TRAVEL | Key= | ID=1
00:02:45.976 [Expansion Quests] Updated and saved persistent player quest data for player with UID=3_3NYm1QbL4ruc29WleydN-WYQ4rv4YZpnxuUIZQ7kw= | Quest ID=1
00:06:00.335 [Expansion Quests] Deleted quest with ID=1 is a of player with UID=3_3NYm1QbL4ruc29WleydN-WYQ4rv4YZpnxuUIZQ7kw=.
00:10:00.617 [Expansion Quests] Initialize quest system on the connected client with UID=3_3NYm1QbL4ruc29WleydN-WYQ4rv4YZpnxuUIZQ7kw=
00:10:00.625 [Expansion Quests] Loaded existing player quest data for player with UID=3_3NYm1QbL4ruc29WleydN-WYQ4rv4YZpnxuUIZQ7kw=
00:10:00.625 [Expansion Quests] Check quest initialization for quest with ID=1 | State=STARTED | Player UID=3_3NYm1QbL4ruc29WleydN-WYQ4rv4YZpnxuUIZQ7kw=
00:10:00.625 [Expansion Quests] Create new quest instance for quest with ID=1 | Player UID=3_3NYm1QbL4ruc29WleydN-WYQ4rv4YZpnxuUIZQ7kw=
00:10:00.625 [Expansion Quests] Quest with ID=2 is not a a valid achievement or auto start quest. Skip quest for player with UID=3_3NYm1QbL4ruc29WleydN-WYQ4rv4YZpnxuUIZQ7kw=
00:10:00.625 [Expansion Quests] Quest with ID=3 is not a a valid achievement or auto start quest. Skip quest for player with UID=3_3NYm1QbL4ruc29WleydN-WYQ4rv4YZpnxuUIZQ7kw=
00:10:00.625 [Expansion Quests] Quest with ID=4 is not a a valid achievement or auto start quest. Skip quest for player with UID=3_3NYm1QbL4ruc29WleydN-WYQ4rv4YZpnxuUIZQ7kw=
00:10:00.625 [Expansion Quests] Quest with ID=5 is not a a valid achievement or auto start quest. Skip quest for player with UID=3_3NYm1QbL4ruc29WleydN-WYQ4rv4YZpnxuUIZQ7kw=
00:10:00.625 [Expansion Quests] Quest with ID=6 is not a a valid achievement or auto start quest. Skip quest for player with UID=3_3NYm1QbL4ruc29WleydN-WYQ4rv4YZpnxuUIZQ7kw=
00:10:00.625 [Expansion Quests] Quest with ID=7 is not a a valid achievement or auto start quest. Skip quest for player with UID=3_3NYm1QbL4ruc29WleydN-WYQ4rv4YZpnxuUIZQ7kw=
00:10:00.625 [Expansion Quests] Quest with ID=8 is not a a valid achievement or auto start quest. Skip quest for player with UID=3_3NYm1QbL4ruc29WleydN-WYQ4rv4YZpnxuUIZQ7kw=
00:10:00.625 [Expansion Quests] Quest with ID=9 is not a a valid achievement or auto start quest. Skip quest for player with UID=3_3NYm1QbL4ruc29WleydN-WYQ4rv4YZpnxuUIZQ7kw=
00:10:00.625 [Expansion Quests] Quest with ID=10 is not a a valid achievement or auto start quest. Skip quest for player with UID=3_3NYm1QbL4ruc29WleydN-WYQ4rv4YZpnxuUIZQ7kw=
00:10:00.625 [Expansion Quests] Quest with ID=11 is not a a valid achievement or auto start quest. Skip quest for player with UID=3_3NYm1QbL4ruc29WleydN-WYQ4rv4YZpnxuUIZQ7kw=
00:10:00.625 [Expansion Quests] Quest with ID=12 is not a a valid achievement or auto start quest. Skip quest for player with UID=3_3NYm1QbL4ruc29WleydN-WYQ4rv4YZpnxuUIZQ7kw=
00:10:00.625 [Expansion Quests] Quest with ID=13 is not a a valid achievement or auto start quest. Skip quest for player with UID=3_3NYm1QbL4ruc29WleydN-WYQ4rv4YZpnxuUIZQ7kw=
00:10:00.625 [Expansion Quests] Quest with ID=14 is not a a valid achievement or auto start quest. Skip quest for player with UID=3_3NYm1QbL4ruc29WleydN-WYQ4rv4YZpnxuUIZQ7kw=
00:10:00.625 [Expansion Quests] Quest with ID=15 is not a a valid achievement or auto start quest. Skip quest for player with UID=3_3NYm1QbL4ruc29WleydN-WYQ4rv4YZpnxuUIZQ7kw=
00:10:00.625 [Expansion Quests] Quest with ID=16 is not a a valid achievement or auto start quest. Skip quest for player with UID=3_3NYm1QbL4ruc29WleydN-WYQ4rv4YZpnxuUIZQ7kw=
00:10:00.625 [Expansion Quests] Quest with ID=17 is not a a valid achievement or auto start quest. Skip quest for player with UID=3_3NYm1QbL4ruc29WleydN-WYQ4rv4YZpnxuUIZQ7kw=
00:10:00.625 [Expansion Quests] Quest with ID=18 is not a a valid achievement or auto start quest. Skip quest for player with UID=3_3NYm1QbL4ruc29WleydN-WYQ4rv4YZpnxuUIZQ7kw=
00:10:00.625 [Expansion Quests] Quest with ID=19 is not a a valid achievement or auto start quest. Skip quest for player with UID=3_3NYm1QbL4ruc29WleydN-WYQ4rv4YZpnxuUIZQ7kw=
00:10:00.625 [Expansion Quests] Quest with ID=20 is not a a valid achievement or auto start quest. Skip quest for player with UID=3_3NYm1QbL4ruc29WleydN-WYQ4rv4YZpnxuUIZQ7kw=
00:10:00.625 [Expansion Quests] Quest with ID=21 is not a a valid achievement or auto start quest. Skip quest for player with UID=3_3NYm1QbL4ruc29WleydN-WYQ4rv4YZpnxuUIZQ7kw=
00:10:00.625 [Expansion Quests] Quest with ID=22 is not a a valid achievement or auto start quest. Skip quest for player with UID=3_3NYm1QbL4ruc29WleydN-WYQ4rv4YZpnxuUIZQ7kw=
00:10:00.625 [Expansion Quests] Quest with ID=23 is not a a valid achievement or auto start quest. Skip quest for player with UID=3_3NYm1QbL4ruc29WleydN-WYQ4rv4YZpnxuUIZQ7kw=
00:10:00.625 [Expansion Quests] Quest with ID=24 is not a a valid achievement or auto start quest. Skip quest for player with UID=3_3NYm1QbL4ruc29WleydN-WYQ4rv4YZpnxuUIZQ7kw=
00:10:00.625 [Expansion Quests] Quest with ID=25 is not a a valid achievement or auto start quest. Skip quest for player with UID=3_3NYm1QbL4ruc29WleydN-WYQ4rv4YZpnxuUIZQ7kw=
00:10:00.625 [Expansion Quests] Quest with ID=26 is not a a valid achievement or auto start quest. Skip quest for player with UID=3_3NYm1QbL4ruc29WleydN-WYQ4rv4YZpnxuUIZQ7kw=
00:10:00.625 [Expansion Quests] Quest with ID=27 is not a a valid achievement or auto start quest. Skip quest for player with UID=3_3NYm1QbL4ruc29WleydN-WYQ4rv4YZpnxuUIZQ7kw=
00:10:00.625 [Expansion Quests] Quest with ID=28 is not a a valid achievement or auto start quest. Skip quest for player with UID=3_3NYm1QbL4ruc29WleydN-WYQ4rv4YZpnxuUIZQ7kw=
00:10:00.625 [Expansion Quests] Quest with ID=29 is not a a valid achievement or auto start quest. Skip quest for player with UID=3_3NYm1QbL4ruc29WleydN-WYQ4rv4YZpnxuUIZQ7kw=
00:10:00.625 [Expansion Quests] Quest with ID=30 is not a a valid achievement or auto start quest. Skip quest for player with UID=3_3NYm1QbL4ruc29WleydN-WYQ4rv4YZpnxuUIZQ7kw=
00:10:00.625 [Expansion Quests] Quest with ID=31 is not a a valid achievement or auto start quest. Skip quest for player with UID=3_3NYm1QbL4ruc29WleydN-WYQ4rv4YZpnxuUIZQ7kw=
00:10:00.625 [Expansion Quests] Quest with ID=32 is not a a valid achievement or auto start quest. Skip quest for player with UID=3_3NYm1QbL4ruc29WleydN-WYQ4rv4YZpnxuUIZQ7kw=
00:10:00.625 [Expansion Quests] Quest with ID=33 is not a a valid achievement or auto start quest. Skip quest for player with UID=3_3NYm1QbL4ruc29WleydN-WYQ4rv4YZpnxuUIZQ7kw=
00:10:00.625 [Expansion Quests] Quest with ID=35 is not a a valid achievement or auto start quest. Skip quest for player with UID=3_3NYm1QbL4ruc29WleydN-WYQ4rv4YZpnxuUIZQ7kw=
00:10:00.625 [Expansion Quests] Quest with ID=36 is not a a valid achievement or auto start quest. Skip quest for player with UID=3_3NYm1QbL4ruc29WleydN-WYQ4rv4YZpnxuUIZQ7kw=
00:10:00.625 [Expansion Quests] Quest with ID=37 is not a a valid achievement or auto start quest. Skip quest for player with UID=3_3NYm1QbL4ruc29WleydN-WYQ4rv4YZpnxuUIZQ7kw=
00:10:00.625 [Expansion Quests] Quest with ID=38 is not a a valid achievement or auto start quest. Skip quest for player with UID=3_3NYm1QbL4ruc29WleydN-WYQ4rv4YZpnxuUIZQ7kw=
00:10:00.625 [Expansion Quests] Quest with ID=39 is not a a valid achievement or auto start quest. Skip quest for player with UID=3_3NYm1QbL4ruc29WleydN-WYQ4rv4YZpnxuUIZQ7kw=
00:10:00.625 [Expansion Quests] Quest with ID=40 is not a a valid achievement or auto start quest. Skip quest for player with UID=3_3NYm1QbL4ruc29WleydN-WYQ4rv4YZpnxuUIZQ7kw=
00:10:00.625 [Expansion Quests] Sending 3_3NYm1QbL4ruc29WleydN-WYQ4rv4YZpnxuUIZQ7kw= quest configs to client for player with UID=3_3NYm1QbL4ruc29WleydN-WYQ4rv4YZpnxuUIZQ7kw=
00:10:00.625 [Expansion Quests] Sending player quest data for 1 quests to player with UID=3_3NYm1QbL4ruc29WleydN-WYQ4rv4YZpnxuUIZQ7kw=
00:10:01.109 [Expansion Quests] Added new objective data for type=TRAVEL | Key=3_3NYm1QbL4ruc29WleydN-WYQ4rv4YZpnxuUIZQ7kw= | ID=1
00:10:01.109 [Expansion Quests] Updated and saved persistent player quest data for player with UID=3_3NYm1QbL4ruc29WleydN-WYQ4rv4YZpnxuUIZQ7kw= | Quest ID=1
00:10:15.914 [AI Patrol 00009] Spawning 3 Stonington Tier 02 Patrol (Shamans) bots at <6860.007813, 38.820000, 1828.228516>
00:10:15.929 [AI Patrol 00009] Global patrol count: 1
00:10:57.882 [Expansion Quests] Deleted quest with ID=1 is a of player with UID=3_3NYm1QbL4ruc29WleydN-WYQ4rv4YZpnxuUIZQ7kw=.
00:12:53.468 [MissionAirdrop] An airdrop is heading towards "Westbrook" (pos=<3614.000000, 0.000000, 6360.000000> type=Random_Westbrook) with a ExpansionAirdropContainer_Basebuilding
00:20:54.367 [AI Patrol 00009] Despawning 3 Stonington Tier 02 Patrol (Shamans) bots (spawn position <6860.007813, 38.820000, 1828.228516>, 0/3 deceased)
00:20:54.375 [AI Patrol 00009] Global patrol count: 0
