07:43:30.951 [Expansion Quests] Initialize quest system on the connected client with UID=mBNlxASsPlOcry0dpDl8K-WgHNR5WMCMmoJ9NhpU4FY=
07:43:30.958 [Expansion Quests] Loaded existing player quest data for player with UID=mBNlxASsPlOcry0dpDl8K-WgHNR5WMCMmoJ9NhpU4FY=
07:43:30.958 [Expansion Quests] Check quest initialization for quest with ID=1 | State=COMPLETED | Player UID=mBNlxASsPlOcry0dpDl8K-WgHNR5WMCMmoJ9NhpU4FY=
07:43:30.958 [Expansion Quests] Quest with ID=2 is not a a valid achievement or auto start quest. Skip quest for player with UID=mBNlxASsPlOcry0dpDl8K-WgHNR5WMCMmoJ9NhpU4FY=
07:43:30.958 [Expansion Quests] Quest with ID=3 is not a a valid achievement or auto start quest. Skip quest for player with UID=mBNlxASsPlOcry0dpDl8K-WgHNR5WMCMmoJ9NhpU4FY=
07:43:30.960 [Expansion Quests] Quest with ID=4 is not a a valid achievement or auto start quest. Skip quest for player with UID=mBNlxASsPlOcry0dpDl8K-WgHNR5WMCMmoJ9NhpU4FY=
07:43:30.960 [Expansion Quests] Quest with ID=5 is not a a valid achievement or auto start quest. Skip quest for player with UID=mBNlxASsPlOcry0dpDl8K-WgHNR5WMCMmoJ9NhpU4FY=
07:43:30.960 [Expansion Quests] Quest with ID=6 is not a a valid achievement or auto start quest. Skip quest for player with UID=mBNlxASsPlOcry0dpDl8K-WgHNR5WMCMmoJ9NhpU4FY=
07:43:30.960 [Expansion Quests] Quest with ID=7 is not a a valid achievement or auto start quest. Skip quest for player with UID=mBNlxASsPlOcry0dpDl8K-WgHNR5WMCMmoJ9NhpU4FY=
07:43:30.960 [Expansion Quests] Quest with ID=8 is not a a valid achievement or auto start quest. Skip quest for player with UID=mBNlxASsPlOcry0dpDl8K-WgHNR5WMCMmoJ9NhpU4FY=
07:43:30.960 [Expansion Quests] Quest with ID=9 is not a a valid achievement or auto start quest. Skip quest for player with UID=mBNlxASsPlOcry0dpDl8K-WgHNR5WMCMmoJ9NhpU4FY=
07:43:30.960 [Expansion Quests] Quest with ID=10 is not a a valid achievement or auto start quest. Skip quest for player with UID=mBNlxASsPlOcry0dpDl8K-WgHNR5WMCMmoJ9NhpU4FY=
07:43:30.960 [Expansion Quests] Quest with ID=11 is not a a valid achievement or auto start quest. Skip quest for player with UID=mBNlxASsPlOcry0dpDl8K-WgHNR5WMCMmoJ9NhpU4FY=
07:43:30.960 [Expansion Quests] Quest with ID=12 is not a a valid achievement or auto start quest. Skip quest for player with UID=mBNlxASsPlOcry0dpDl8K-WgHNR5WMCMmoJ9NhpU4FY=
07:43:30.960 [Expansion Quests] Quest with ID=13 is not a a valid achievement or auto start quest. Skip quest for player with UID=mBNlxASsPlOcry0dpDl8K-WgHNR5WMCMmoJ9NhpU4FY=
07:43:30.960 [Expansion Quests] Quest with ID=14 is not a a valid achievement or auto start quest. Skip quest for player with UID=mBNlxASsPlOcry0dpDl8K-WgHNR5WMCMmoJ9NhpU4FY=
07:43:30.960 [Expansion Quests] Quest with ID=15 is not a a valid achievement or auto start quest. Skip quest for player with UID=mBNlxASsPlOcry0dpDl8K-WgHNR5WMCMmoJ9NhpU4FY=
07:43:30.960 [Expansion Quests] Quest with ID=16 is not a a valid achievement or auto start quest. Skip quest for player with UID=mBNlxASsPlOcry0dpDl8K-WgHNR5WMCMmoJ9NhpU4FY=
07:43:30.960 [Expansion Quests] Quest with ID=17 is not a a valid achievement or auto start quest. Skip quest for player with UID=mBNlxASsPlOcry0dpDl8K-WgHNR5WMCMmoJ9NhpU4FY=
07:43:30.960 [Expansion Quests] Quest with ID=18 is not a a valid achievement or auto start quest. Skip quest for player with UID=mBNlxASsPlOcry0dpDl8K-WgHNR5WMCMmoJ9NhpU4FY=
07:43:30.960 [Expansion Quests] Quest with ID=19 is not a a valid achievement or auto start quest. Skip quest for player with UID=mBNlxASsPlOcry0dpDl8K-WgHNR5WMCMmoJ9NhpU4FY=
07:43:30.960 [Expansion Quests] Quest with ID=20 is not a a valid achievement or auto start quest. Skip quest for player with UID=mBNlxASsPlOcry0dpDl8K-WgHNR5WMCMmoJ9NhpU4FY=
07:43:30.960 [Expansion Quests] Quest with ID=21 is not a a valid achievement or auto start quest. Skip quest for player with UID=mBNlxASsPlOcry0dpDl8K-WgHNR5WMCMmoJ9NhpU4FY=
07:43:30.960 [Expansion Quests] Quest with ID=22 is not a a valid achievement or auto start quest. Skip quest for player with UID=mBNlxASsPlOcry0dpDl8K-WgHNR5WMCMmoJ9NhpU4FY=
07:43:30.960 [Expansion Quests] Quest with ID=23 is not a a valid achievement or auto start quest. Skip quest for player with UID=mBNlxASsPlOcry0dpDl8K-WgHNR5WMCMmoJ9NhpU4FY=
07:43:30.960 [Expansion Quests] Quest with ID=24 is not a a valid achievement or auto start quest. Skip quest for player with UID=mBNlxASsPlOcry0dpDl8K-WgHNR5WMCMmoJ9NhpU4FY=
07:43:30.960 [Expansion Quests] Quest with ID=25 is not a a valid achievement or auto start quest. Skip quest for player with UID=mBNlxASsPlOcry0dpDl8K-WgHNR5WMCMmoJ9NhpU4FY=
07:43:30.960 [Expansion Quests] Quest with ID=26 is not a a valid achievement or auto start quest. Skip quest for player with UID=mBNlxASsPlOcry0dpDl8K-WgHNR5WMCMmoJ9NhpU4FY=
07:43:30.960 [Expansion Quests] Quest with ID=27 is not a a valid achievement or auto start quest. Skip quest for player with UID=mBNlxASsPlOcry0dpDl8K-WgHNR5WMCMmoJ9NhpU4FY=
07:43:30.960 [Expansion Quests] Quest with ID=28 is not a a valid achievement or auto start quest. Skip quest for player with UID=mBNlxASsPlOcry0dpDl8K-WgHNR5WMCMmoJ9NhpU4FY=
07:43:30.960 [Expansion Quests] Quest with ID=29 is not a a valid achievement or auto start quest. Skip quest for player with UID=mBNlxASsPlOcry0dpDl8K-WgHNR5WMCMmoJ9NhpU4FY=
07:43:30.960 [Expansion Quests] Quest with ID=30 is not a a valid achievement or auto start quest. Skip quest for player with UID=mBNlxASsPlOcry0dpDl8K-WgHNR5WMCMmoJ9NhpU4FY=
07:43:30.960 [Expansion Quests] Quest with ID=31 is not a a valid achievement or auto start quest. Skip quest for player with UID=mBNlxASsPlOcry0dpDl8K-WgHNR5WMCMmoJ9NhpU4FY=
07:43:30.960 [Expansion Quests] Quest with ID=32 is not a a valid achievement or auto start quest. Skip quest for player with UID=mBNlxASsPlOcry0dpDl8K-WgHNR5WMCMmoJ9NhpU4FY=
07:43:30.960 [Expansion Quests] Quest with ID=33 is not a a valid achievement or auto start quest. Skip quest for player with UID=mBNlxASsPlOcry0dpDl8K-WgHNR5WMCMmoJ9NhpU4FY=
07:43:30.960 [Expansion Quests] Quest with ID=35 is not a a valid achievement or auto start quest. Skip quest for player with UID=mBNlxASsPlOcry0dpDl8K-WgHNR5WMCMmoJ9NhpU4FY=
07:43:30.960 [Expansion Quests] Quest with ID=36 is not a a valid achievement or auto start quest. Skip quest for player with UID=mBNlxASsPlOcry0dpDl8K-WgHNR5WMCMmoJ9NhpU4FY=
07:43:30.962 [Expansion Quests] Quest with ID=37 is not a a valid achievement or auto start quest. Skip quest for player with UID=mBNlxASsPlOcry0dpDl8K-WgHNR5WMCMmoJ9NhpU4FY=
07:43:30.962 [Expansion Quests] Quest with ID=38 is not a a valid achievement or auto start quest. Skip quest for player with UID=mBNlxASsPlOcry0dpDl8K-WgHNR5WMCMmoJ9NhpU4FY=
07:43:30.962 [Expansion Quests] Quest with ID=39 is not a a valid achievement or auto start quest. Skip quest for player with UID=mBNlxASsPlOcry0dpDl8K-WgHNR5WMCMmoJ9NhpU4FY=
07:43:30.962 [Expansion Quests] Quest with ID=40 is not a a valid achievement or auto start quest. Skip quest for player with UID=mBNlxASsPlOcry0dpDl8K-WgHNR5WMCMmoJ9NhpU4FY=
07:43:30.962 [Expansion Quests] Sending mBNlxASsPlOcry0dpDl8K-WgHNR5WMCMmoJ9NhpU4FY= quest configs to client for player with UID=mBNlxASsPlOcry0dpDl8K-WgHNR5WMCMmoJ9NhpU4FY=
07:43:30.962 [Expansion Quests] Sending player quest data for 1 quests to player with UID=mBNlxASsPlOcry0dpDl8K-WgHNR5WMCMmoJ9NhpU4FY=
07:53:37.919 [MissionAirdrop] An airdrop is heading towards "Oceanville" (pos=<10179.000000, 0.000000, 4722.000000> type=Random_Oceanville) with a ExpansionAirdropContainer_Military
08:14:27.593 [AI Object Patrol 00052] Spawning 3 Tier 02 Patrol (Shamans) bots at <9209.682617, 5.130000, 9042.898438>
08:14:27.605 [AI Object Patrol 00052] Global patrol count: 1
08:15:36.093 [AI Patrol 00036] Spawning 3 Area 42 Tier 04 Patrol 02 (Shamans) bots at <13164.328125, 12.940000, 9842.370117>
08:15:36.109 [AI Patrol 00036] Global patrol count: 2
08:25:29.964 [Expansion Quests] Initialize quest system on the connected client with UID=z41AOIcmaoiW14fjdUTWRnHCLdYuHWGGiJ8SCs-IOoM=
08:25:29.982 [Expansion Quests] Loaded existing player quest data for player with UID=z41AOIcmaoiW14fjdUTWRnHCLdYuHWGGiJ8SCs-IOoM=
08:25:29.984 [Expansion Quests] Check quest initialization for quest with ID=1 | State=STARTED | Player UID=z41AOIcmaoiW14fjdUTWRnHCLdYuHWGGiJ8SCs-IOoM=
08:25:29.984 [Expansion Quests] Create new quest instance for quest with ID=1 | Player UID=z41AOIcmaoiW14fjdUTWRnHCLdYuHWGGiJ8SCs-IOoM=
08:25:29.984 [Expansion Quests] Quest with ID=2 is not a a valid achievement or auto start quest. Skip quest for player with UID=z41AOIcmaoiW14fjdUTWRnHCLdYuHWGGiJ8SCs-IOoM=
08:25:29.984 [Expansion Quests] Quest with ID=3 is not a a valid achievement or auto start quest. Skip quest for player with UID=z41AOIcmaoiW14fjdUTWRnHCLdYuHWGGiJ8SCs-IOoM=
08:25:29.984 [Expansion Quests] Quest with ID=4 is not a a valid achievement or auto start quest. Skip quest for player with UID=z41AOIcmaoiW14fjdUTWRnHCLdYuHWGGiJ8SCs-IOoM=
08:25:29.984 [Expansion Quests] Quest with ID=5 is not a a valid achievement or auto start quest. Skip quest for player with UID=z41AOIcmaoiW14fjdUTWRnHCLdYuHWGGiJ8SCs-IOoM=
08:25:29.984 [Expansion Quests] Quest with ID=6 is not a a valid achievement or auto start quest. Skip quest for player with UID=z41AOIcmaoiW14fjdUTWRnHCLdYuHWGGiJ8SCs-IOoM=
08:25:29.984 [Expansion Quests] Quest with ID=7 is not a a valid achievement or auto start quest. Skip quest for player with UID=z41AOIcmaoiW14fjdUTWRnHCLdYuHWGGiJ8SCs-IOoM=
08:25:29.984 [Expansion Quests] Quest with ID=8 is not a a valid achievement or auto start quest. Skip quest for player with UID=z41AOIcmaoiW14fjdUTWRnHCLdYuHWGGiJ8SCs-IOoM=
08:25:29.984 [Expansion Quests] Quest with ID=9 is not a a valid achievement or auto start quest. Skip quest for player with UID=z41AOIcmaoiW14fjdUTWRnHCLdYuHWGGiJ8SCs-IOoM=
08:25:29.984 [Expansion Quests] Quest with ID=10 is not a a valid achievement or auto start quest. Skip quest for player with UID=z41AOIcmaoiW14fjdUTWRnHCLdYuHWGGiJ8SCs-IOoM=
08:25:29.984 [Expansion Quests] Quest with ID=11 is not a a valid achievement or auto start quest. Skip quest for player with UID=z41AOIcmaoiW14fjdUTWRnHCLdYuHWGGiJ8SCs-IOoM=
08:25:29.984 [Expansion Quests] Quest with ID=12 is not a a valid achievement or auto start quest. Skip quest for player with UID=z41AOIcmaoiW14fjdUTWRnHCLdYuHWGGiJ8SCs-IOoM=
08:25:29.984 [Expansion Quests] Quest with ID=13 is not a a valid achievement or auto start quest. Skip quest for player with UID=z41AOIcmaoiW14fjdUTWRnHCLdYuHWGGiJ8SCs-IOoM=
08:25:29.984 [Expansion Quests] Quest with ID=14 is not a a valid achievement or auto start quest. Skip quest for player with UID=z41AOIcmaoiW14fjdUTWRnHCLdYuHWGGiJ8SCs-IOoM=
08:25:29.984 [Expansion Quests] Quest with ID=15 is not a a valid achievement or auto start quest. Skip quest for player with UID=z41AOIcmaoiW14fjdUTWRnHCLdYuHWGGiJ8SCs-IOoM=
08:25:29.984 [Expansion Quests] Quest with ID=16 is not a a valid achievement or auto start quest. Skip quest for player with UID=z41AOIcmaoiW14fjdUTWRnHCLdYuHWGGiJ8SCs-IOoM=
08:25:29.984 [Expansion Quests] Quest with ID=17 is not a a valid achievement or auto start quest. Skip quest for player with UID=z41AOIcmaoiW14fjdUTWRnHCLdYuHWGGiJ8SCs-IOoM=
08:25:29.984 [Expansion Quests] Quest with ID=18 is not a a valid achievement or auto start quest. Skip quest for player with UID=z41AOIcmaoiW14fjdUTWRnHCLdYuHWGGiJ8SCs-IOoM=
08:25:29.984 [Expansion Quests] Quest with ID=19 is not a a valid achievement or auto start quest. Skip quest for player with UID=z41AOIcmaoiW14fjdUTWRnHCLdYuHWGGiJ8SCs-IOoM=
08:25:29.984 [Expansion Quests] Quest with ID=20 is not a a valid achievement or auto start quest. Skip quest for player with UID=z41AOIcmaoiW14fjdUTWRnHCLdYuHWGGiJ8SCs-IOoM=
08:25:29.984 [Expansion Quests] Quest with ID=21 is not a a valid achievement or auto start quest. Skip quest for player with UID=z41AOIcmaoiW14fjdUTWRnHCLdYuHWGGiJ8SCs-IOoM=
08:25:29.984 [Expansion Quests] Quest with ID=22 is not a a valid achievement or auto start quest. Skip quest for player with UID=z41AOIcmaoiW14fjdUTWRnHCLdYuHWGGiJ8SCs-IOoM=
08:25:29.984 [Expansion Quests] Quest with ID=23 is not a a valid achievement or auto start quest. Skip quest for player with UID=z41AOIcmaoiW14fjdUTWRnHCLdYuHWGGiJ8SCs-IOoM=
08:25:29.984 [Expansion Quests] Quest with ID=24 is not a a valid achievement or auto start quest. Skip quest for player with UID=z41AOIcmaoiW14fjdUTWRnHCLdYuHWGGiJ8SCs-IOoM=
08:25:29.984 [Expansion Quests] Quest with ID=25 is not a a valid achievement or auto start quest. Skip quest for player with UID=z41AOIcmaoiW14fjdUTWRnHCLdYuHWGGiJ8SCs-IOoM=
08:25:29.984 [Expansion Quests] Quest with ID=26 is not a a valid achievement or auto start quest. Skip quest for player with UID=z41AOIcmaoiW14fjdUTWRnHCLdYuHWGGiJ8SCs-IOoM=
08:25:29.984 [Expansion Quests] Quest with ID=27 is not a a valid achievement or auto start quest. Skip quest for player with UID=z41AOIcmaoiW14fjdUTWRnHCLdYuHWGGiJ8SCs-IOoM=
08:25:29.984 [Expansion Quests] Quest with ID=28 is not a a valid achievement or auto start quest. Skip quest for player with UID=z41AOIcmaoiW14fjdUTWRnHCLdYuHWGGiJ8SCs-IOoM=
08:25:29.984 [Expansion Quests] Quest with ID=29 is not a a valid achievement or auto start quest. Skip quest for player with UID=z41AOIcmaoiW14fjdUTWRnHCLdYuHWGGiJ8SCs-IOoM=
08:25:29.984 [Expansion Quests] Quest with ID=30 is not a a valid achievement or auto start quest. Skip quest for player with UID=z41AOIcmaoiW14fjdUTWRnHCLdYuHWGGiJ8SCs-IOoM=
08:25:29.984 [Expansion Quests] Quest with ID=31 is not a a valid achievement or auto start quest. Skip quest for player with UID=z41AOIcmaoiW14fjdUTWRnHCLdYuHWGGiJ8SCs-IOoM=
08:25:29.984 [Expansion Quests] Quest with ID=32 is not a a valid achievement or auto start quest. Skip quest for player with UID=z41AOIcmaoiW14fjdUTWRnHCLdYuHWGGiJ8SCs-IOoM=
08:25:29.984 [Expansion Quests] Quest with ID=33 is not a a valid achievement or auto start quest. Skip quest for player with UID=z41AOIcmaoiW14fjdUTWRnHCLdYuHWGGiJ8SCs-IOoM=
08:25:29.984 [Expansion Quests] Quest with ID=35 is not a a valid achievement or auto start quest. Skip quest for player with UID=z41AOIcmaoiW14fjdUTWRnHCLdYuHWGGiJ8SCs-IOoM=
08:25:29.984 [Expansion Quests] Quest with ID=36 is not a a valid achievement or auto start quest. Skip quest for player with UID=z41AOIcmaoiW14fjdUTWRnHCLdYuHWGGiJ8SCs-IOoM=
08:25:29.986 [Expansion Quests] Quest with ID=37 is not a a valid achievement or auto start quest. Skip quest for player with UID=z41AOIcmaoiW14fjdUTWRnHCLdYuHWGGiJ8SCs-IOoM=
08:25:29.986 [Expansion Quests] Quest with ID=38 is not a a valid achievement or auto start quest. Skip quest for player with UID=z41AOIcmaoiW14fjdUTWRnHCLdYuHWGGiJ8SCs-IOoM=
08:25:29.986 [Expansion Quests] Quest with ID=39 is not a a valid achievement or auto start quest. Skip quest for player with UID=z41AOIcmaoiW14fjdUTWRnHCLdYuHWGGiJ8SCs-IOoM=
08:25:29.986 [Expansion Quests] Quest with ID=40 is not a a valid achievement or auto start quest. Skip quest for player with UID=z41AOIcmaoiW14fjdUTWRnHCLdYuHWGGiJ8SCs-IOoM=
08:25:29.986 [Expansion Quests] Sending z41AOIcmaoiW14fjdUTWRnHCLdYuHWGGiJ8SCs-IOoM= quest configs to client for player with UID=z41AOIcmaoiW14fjdUTWRnHCLdYuHWGGiJ8SCs-IOoM=
08:25:29.988 [Expansion Quests] Sending player quest data for 1 quests to player with UID=z41AOIcmaoiW14fjdUTWRnHCLdYuHWGGiJ8SCs-IOoM=
08:25:30.457 [Expansion Quests] Added new objective data for type=TRAVEL | Key=z41AOIcmaoiW14fjdUTWRnHCLdYuHWGGiJ8SCs-IOoM= | ID=1
08:25:30.457 [Expansion Quests] Updated and saved persistent player quest data for player with UID=z41AOIcmaoiW14fjdUTWRnHCLdYuHWGGiJ8SCs-IOoM= | Quest ID=1
08:25:35.591 [AI Object Patrol 00052] Despawning 3 Tier 02 Patrol (Shamans) bots (spawn position <9209.682617, 5.130000, 9042.898438>, 0/3 deceased)
08:25:35.591 [AI Object Patrol 00052] Global patrol count: 1
08:32:44.732 [Safezone] Player "drengr" (id=z41AOIcmaoiW14fjdUTWRnHCLdYuHWGGiJ8SCs-IOoM= pos=<6247.025879, 3.146812, 887.044067>) Entered the safezone
08:33:28.673 [Expansion Quests] Added new objective data for type=TRAVEL | Key=z41AOIcmaoiW14fjdUTWRnHCLdYuHWGGiJ8SCs-IOoM= | ID=1
08:33:28.673 [Expansion Quests] Updated and saved persistent player quest data for player with UID=z41AOIcmaoiW14fjdUTWRnHCLdYuHWGGiJ8SCs-IOoM= | Quest ID=1
08:33:49.066 [Expansion Quests] Added new objective data for type=TRAVEL | Key=z41AOIcmaoiW14fjdUTWRnHCLdYuHWGGiJ8SCs-IOoM= | ID=1
08:33:49.066 [Expansion Quests] Updated and saved persistent player quest data for player with UID=z41AOIcmaoiW14fjdUTWRnHCLdYuHWGGiJ8SCs-IOoM= | Quest ID=1
08:33:49.068 [Expansion Quests] Player with UID=z41AOIcmaoiW14fjdUTWRnHCLdYuHWGGiJ8SCs-IOoM= has completed quest with ID=1
08:39:03.457 [Safezone] Player "drengr" (id=z41AOIcmaoiW14fjdUTWRnHCLdYuHWGGiJ8SCs-IOoM= pos=<6237.184082, 2.863006, 881.401001>) Entered the safezone
08:40:26.980 [Safezone] Player "drengr" (id=z41AOIcmaoiW14fjdUTWRnHCLdYuHWGGiJ8SCs-IOoM= pos=<6224.754883, 15.972477, 938.354126>) Left the safezone
08:48:45.378 [AI Patrol 00014] Spawning 3 East Harbor Tier 02 Patrol (Shamans) bots at <11420.821289, 5.380000, 9923.176758>
08:48:45.394 [AI Patrol 00014] Global patrol count: 2
08:53:47.935 [MissionAirdrop] An airdrop is heading towards "Oceanville" (pos=<10179.000000, 0.000000, 4722.000000> type=Random_Oceanville) with a ExpansionAirdropContainer_Military
08:58:44.232 [AI Patrol 00036] Despawning 3 Area 42 Tier 04 Patrol 02 (Shamans) bots (spawn position <13164.328125, 12.940000, 9842.370117>, 0/3 deceased)
08:58:44.238 [AI Patrol 00036] Global patrol count: 1
