23:56:33.023 [Expansion Quests] Initialize quest system on the connected client with UID=mBNlxASsPlOcry0dpDl8K-WgHNR5WMCMmoJ9NhpU4FY=
23:56:33.031 [Expansion Quests] Loaded existing player quest data for player with UID=mBNlxASsPlOcry0dpDl8K-WgHNR5WMCMmoJ9NhpU4FY=
23:56:33.031 [Expansion Quests] Check quest initialization for quest with ID=8 | State=STARTED | Player UID=mBNlxASsPlOcry0dpDl8K-WgHNR5WMCMmoJ9NhpU4FY=
23:56:33.031 [Expansion Quests] Create new quest instance for quest with ID=8 | Player UID=mBNlxASsPlOcry0dpDl8K-WgHNR5WMCMmoJ9NhpU4FY=
23:56:33.031 [Expansion Quests] Check quest initialization for quest with ID=9 | State=STARTED | Player UID=mBNlxASsPlOcry0dpDl8K-WgHNR5WMCMmoJ9NhpU4FY=
23:56:33.031 [Expansion Quests] Create new quest instance for quest with ID=9 | Player UID=mBNlxASsPlOcry0dpDl8K-WgHNR5WMCMmoJ9NhpU4FY=
23:56:33.031 [Expansion Quests] Check quest initialization for quest with ID=11 | State=STARTED | Player UID=mBNlxASsPlOcry0dpDl8K-WgHNR5WMCMmoJ9NhpU4FY=
23:56:33.031 [Expansion Quests] Create new quest instance for quest with ID=11 | Player UID=mBNlxASsPlOcry0dpDl8K-WgHNR5WMCMmoJ9NhpU4FY=
23:56:33.031 [Expansion Quests] Check quest initialization for quest with ID=14 | State=COMPLETED | Player UID=mBNlxASsPlOcry0dpDl8K-WgHNR5WMCMmoJ9NhpU4FY=
23:56:33.031 [Expansion Quests] Quest with ID=1 is not a a valid achievement or auto start quest. Skip quest for player with UID=mBNlxASsPlOcry0dpDl8K-WgHNR5WMCMmoJ9NhpU4FY=
23:56:33.031 [Expansion Quests] Quest with ID=2 is not a a valid achievement or auto start quest. Skip quest for player with UID=mBNlxASsPlOcry0dpDl8K-WgHNR5WMCMmoJ9NhpU4FY=
23:56:33.031 [Expansion Quests] Quest with ID=3 is not a a valid achievement or auto start quest. Skip quest for player with UID=mBNlxASsPlOcry0dpDl8K-WgHNR5WMCMmoJ9NhpU4FY=
23:56:33.031 [Expansion Quests] Quest with ID=4 is not a a valid achievement or auto start quest. Skip quest for player with UID=mBNlxASsPlOcry0dpDl8K-WgHNR5WMCMmoJ9NhpU4FY=
23:56:33.031 [Expansion Quests] Quest with ID=5 is not a a valid achievement or auto start quest. Skip quest for player with UID=mBNlxASsPlOcry0dpDl8K-WgHNR5WMCMmoJ9NhpU4FY=
23:56:33.031 [Expansion Quests] Quest with ID=6 is not a a valid achievement or auto start quest. Skip quest for player with UID=mBNlxASsPlOcry0dpDl8K-WgHNR5WMCMmoJ9NhpU4FY=
23:56:33.031 [Expansion Quests] Quest with ID=7 is not a a valid achievement or auto start quest. Skip quest for player with UID=mBNlxASsPlOcry0dpDl8K-WgHNR5WMCMmoJ9NhpU4FY=
23:56:33.031 [Expansion Quests] Quest with ID=10 is not a a valid achievement or auto start quest. Skip quest for player with UID=mBNlxASsPlOcry0dpDl8K-WgHNR5WMCMmoJ9NhpU4FY=
23:56:33.031 [Expansion Quests] Quest with ID=12 is not a a valid achievement or auto start quest. Skip quest for player with UID=mBNlxASsPlOcry0dpDl8K-WgHNR5WMCMmoJ9NhpU4FY=
23:56:33.031 [Expansion Quests] Quest with ID=13 is not a a valid achievement or auto start quest. Skip quest for player with UID=mBNlxASsPlOcry0dpDl8K-WgHNR5WMCMmoJ9NhpU4FY=
23:56:33.031 [Expansion Quests] Quest with ID=15 is not a a valid achievement or auto start quest. Skip quest for player with UID=mBNlxASsPlOcry0dpDl8K-WgHNR5WMCMmoJ9NhpU4FY=
23:56:33.031 [Expansion Quests] Quest with ID=16 is not a a valid achievement or auto start quest. Skip quest for player with UID=mBNlxASsPlOcry0dpDl8K-WgHNR5WMCMmoJ9NhpU4FY=
23:56:33.031 [Expansion Quests] Quest with ID=17 is not a a valid achievement or auto start quest. Skip quest for player with UID=mBNlxASsPlOcry0dpDl8K-WgHNR5WMCMmoJ9NhpU4FY=
23:56:33.031 [Expansion Quests] Quest with ID=18 is not a a valid achievement or auto start quest. Skip quest for player with UID=mBNlxASsPlOcry0dpDl8K-WgHNR5WMCMmoJ9NhpU4FY=
23:56:33.031 [Expansion Quests] Quest with ID=19 is not a a valid achievement or auto start quest. Skip quest for player with UID=mBNlxASsPlOcry0dpDl8K-WgHNR5WMCMmoJ9NhpU4FY=
23:56:33.031 [Expansion Quests] Quest with ID=20 is not a a valid achievement or auto start quest. Skip quest for player with UID=mBNlxASsPlOcry0dpDl8K-WgHNR5WMCMmoJ9NhpU4FY=
23:56:33.031 [Expansion Quests] Quest with ID=21 is not a a valid achievement or auto start quest. Skip quest for player with UID=mBNlxASsPlOcry0dpDl8K-WgHNR5WMCMmoJ9NhpU4FY=
23:56:33.031 [Expansion Quests] Quest with ID=22 is not a a valid achievement or auto start quest. Skip quest for player with UID=mBNlxASsPlOcry0dpDl8K-WgHNR5WMCMmoJ9NhpU4FY=
23:56:33.039 [Expansion Quests] Quest with ID=23 is not a a valid achievement or auto start quest. Skip quest for player with UID=mBNlxASsPlOcry0dpDl8K-WgHNR5WMCMmoJ9NhpU4FY=
23:56:33.039 [Expansion Quests] Quest with ID=24 is not a a valid achievement or auto start quest. Skip quest for player with UID=mBNlxASsPlOcry0dpDl8K-WgHNR5WMCMmoJ9NhpU4FY=
23:56:33.039 [Expansion Quests] Sending mBNlxASsPlOcry0dpDl8K-WgHNR5WMCMmoJ9NhpU4FY= quest configs to client for player with UID=mBNlxASsPlOcry0dpDl8K-WgHNR5WMCMmoJ9NhpU4FY=
23:56:33.039 [Expansion Quests] Sending player quest data for 4 quests to player with UID=mBNlxASsPlOcry0dpDl8K-WgHNR5WMCMmoJ9NhpU4FY=
23:56:40.156 [SpawnSelection] Player "Bunker" (id=mBNlxASsPlOcry0dpDl8K-WgHNR5WMCMmoJ9NhpU4FY=) spawned at <10397.962891, 17.839876, 5373.638672>
23:59:52.234 [MissionAirdrop] An airdrop is heading towards "Oceanville" (pos=<10179.000000, 0.000000, 4722.000000> type=Random_Oceanville) with a ExpansionAirdropContainer_Medical
23:59:57.156 [Expansion Quests] Deleted quest with ID=8 is a of player with UID=mBNlxASsPlOcry0dpDl8K-WgHNR5WMCMmoJ9NhpU4FY=.
23:59:57.156 [Expansion Quests] Deleted quest with ID=9 is a of player with UID=mBNlxASsPlOcry0dpDl8K-WgHNR5WMCMmoJ9NhpU4FY=.
23:59:57.156 [Expansion Quests] Deleted quest with ID=11 is a of player with UID=mBNlxASsPlOcry0dpDl8K-WgHNR5WMCMmoJ9NhpU4FY=.
