09:01:47.556 [Expansion Quests] Initialize quest system on the connected client with UID=z41AOIcmaoiW14fjdUTWRnHCLdYuHWGGiJ8SCs-IOoM=
09:01:47.562 [Expansion Quests] Loaded existing player quest data for player with UID=z41AOIcmaoiW14fjdUTWRnHCLdYuHWGGiJ8SCs-IOoM=
09:01:47.562 [Expansion Quests] Check quest initialization for quest with ID=1 | State=COMPLETED | Player UID=z41AOIcmaoiW14fjdUTWRnHCLdYuHWGGiJ8SCs-IOoM=
09:01:47.562 [Expansion Quests] Quest with ID=2 is not a a valid achievement or auto start quest. Skip quest for player with UID=z41AOIcmaoiW14fjdUTWRnHCLdYuHWGGiJ8SCs-IOoM=
09:01:47.562 [Expansion Quests] Quest with ID=3 is not a a valid achievement or auto start quest. Skip quest for player with UID=z41AOIcmaoiW14fjdUTWRnHCLdYuHWGGiJ8SCs-IOoM=
09:01:47.562 [Expansion Quests] Quest with ID=4 is not a a valid achievement or auto start quest. Skip quest for player with UID=z41AOIcmaoiW14fjdUTWRnHCLdYuHWGGiJ8SCs-IOoM=
09:01:47.562 [Expansion Quests] Quest with ID=5 is not a a valid achievement or auto start quest. Skip quest for player with UID=z41AOIcmaoiW14fjdUTWRnHCLdYuHWGGiJ8SCs-IOoM=
09:01:47.562 [Expansion Quests] Quest with ID=6 is not a a valid achievement or auto start quest. Skip quest for player with UID=z41AOIcmaoiW14fjdUTWRnHCLdYuHWGGiJ8SCs-IOoM=
09:01:47.562 [Expansion Quests] Quest with ID=7 is not a a valid achievement or auto start quest. Skip quest for player with UID=z41AOIcmaoiW14fjdUTWRnHCLdYuHWGGiJ8SCs-IOoM=
09:01:47.562 [Expansion Quests] Quest with ID=8 is not a a valid achievement or auto start quest. Skip quest for player with UID=z41AOIcmaoiW14fjdUTWRnHCLdYuHWGGiJ8SCs-IOoM=
09:01:47.562 [Expansion Quests] Quest with ID=9 is not a a valid achievement or auto start quest. Skip quest for player with UID=z41AOIcmaoiW14fjdUTWRnHCLdYuHWGGiJ8SCs-IOoM=
09:01:47.562 [Expansion Quests] Quest with ID=10 is not a a valid achievement or auto start quest. Skip quest for player with UID=z41AOIcmaoiW14fjdUTWRnHCLdYuHWGGiJ8SCs-IOoM=
09:01:47.562 [Expansion Quests] Quest with ID=11 is not a a valid achievement or auto start quest. Skip quest for player with UID=z41AOIcmaoiW14fjdUTWRnHCLdYuHWGGiJ8SCs-IOoM=
09:01:47.562 [Expansion Quests] Quest with ID=12 is not a a valid achievement or auto start quest. Skip quest for player with UID=z41AOIcmaoiW14fjdUTWRnHCLdYuHWGGiJ8SCs-IOoM=
09:01:47.562 [Expansion Quests] Quest with ID=13 is not a a valid achievement or auto start quest. Skip quest for player with UID=z41AOIcmaoiW14fjdUTWRnHCLdYuHWGGiJ8SCs-IOoM=
09:01:47.562 [Expansion Quests] Quest with ID=14 is not a a valid achievement or auto start quest. Skip quest for player with UID=z41AOIcmaoiW14fjdUTWRnHCLdYuHWGGiJ8SCs-IOoM=
09:01:47.562 [Expansion Quests] Quest with ID=15 is not a a valid achievement or auto start quest. Skip quest for player with UID=z41AOIcmaoiW14fjdUTWRnHCLdYuHWGGiJ8SCs-IOoM=
09:01:47.562 [Expansion Quests] Quest with ID=16 is not a a valid achievement or auto start quest. Skip quest for player with UID=z41AOIcmaoiW14fjdUTWRnHCLdYuHWGGiJ8SCs-IOoM=
09:01:47.562 [Expansion Quests] Quest with ID=17 is not a a valid achievement or auto start quest. Skip quest for player with UID=z41AOIcmaoiW14fjdUTWRnHCLdYuHWGGiJ8SCs-IOoM=
09:01:47.562 [Expansion Quests] Quest with ID=18 is not a a valid achievement or auto start quest. Skip quest for player with UID=z41AOIcmaoiW14fjdUTWRnHCLdYuHWGGiJ8SCs-IOoM=
09:01:47.562 [Expansion Quests] Quest with ID=19 is not a a valid achievement or auto start quest. Skip quest for player with UID=z41AOIcmaoiW14fjdUTWRnHCLdYuHWGGiJ8SCs-IOoM=
09:01:47.562 [Expansion Quests] Quest with ID=20 is not a a valid achievement or auto start quest. Skip quest for player with UID=z41AOIcmaoiW14fjdUTWRnHCLdYuHWGGiJ8SCs-IOoM=
09:01:47.562 [Expansion Quests] Quest with ID=21 is not a a valid achievement or auto start quest. Skip quest for player with UID=z41AOIcmaoiW14fjdUTWRnHCLdYuHWGGiJ8SCs-IOoM=
09:01:47.562 [Expansion Quests] Quest with ID=22 is not a a valid achievement or auto start quest. Skip quest for player with UID=z41AOIcmaoiW14fjdUTWRnHCLdYuHWGGiJ8SCs-IOoM=
09:01:47.562 [Expansion Quests] Quest with ID=23 is not a a valid achievement or auto start quest. Skip quest for player with UID=z41AOIcmaoiW14fjdUTWRnHCLdYuHWGGiJ8SCs-IOoM=
09:01:47.562 [Expansion Quests] Quest with ID=24 is not a a valid achievement or auto start quest. Skip quest for player with UID=z41AOIcmaoiW14fjdUTWRnHCLdYuHWGGiJ8SCs-IOoM=
09:01:47.562 [Expansion Quests] Quest with ID=25 is not a a valid achievement or auto start quest. Skip quest for player with UID=z41AOIcmaoiW14fjdUTWRnHCLdYuHWGGiJ8SCs-IOoM=
09:01:47.564 [Expansion Quests] Quest with ID=26 is not a a valid achievement or auto start quest. Skip quest for player with UID=z41AOIcmaoiW14fjdUTWRnHCLdYuHWGGiJ8SCs-IOoM=
09:01:47.564 [Expansion Quests] Quest with ID=27 is not a a valid achievement or auto start quest. Skip quest for player with UID=z41AOIcmaoiW14fjdUTWRnHCLdYuHWGGiJ8SCs-IOoM=
09:01:47.564 [Expansion Quests] Quest with ID=28 is not a a valid achievement or auto start quest. Skip quest for player with UID=z41AOIcmaoiW14fjdUTWRnHCLdYuHWGGiJ8SCs-IOoM=
09:01:47.564 [Expansion Quests] Quest with ID=29 is not a a valid achievement or auto start quest. Skip quest for player with UID=z41AOIcmaoiW14fjdUTWRnHCLdYuHWGGiJ8SCs-IOoM=
09:01:47.564 [Expansion Quests] Quest with ID=30 is not a a valid achievement or auto start quest. Skip quest for player with UID=z41AOIcmaoiW14fjdUTWRnHCLdYuHWGGiJ8SCs-IOoM=
09:01:47.564 [Expansion Quests] Quest with ID=31 is not a a valid achievement or auto start quest. Skip quest for player with UID=z41AOIcmaoiW14fjdUTWRnHCLdYuHWGGiJ8SCs-IOoM=
09:01:47.564 [Expansion Quests] Quest with ID=32 is not a a valid achievement or auto start quest. Skip quest for player with UID=z41AOIcmaoiW14fjdUTWRnHCLdYuHWGGiJ8SCs-IOoM=
09:01:47.564 [Expansion Quests] Quest with ID=33 is not a a valid achievement or auto start quest. Skip quest for player with UID=z41AOIcmaoiW14fjdUTWRnHCLdYuHWGGiJ8SCs-IOoM=
09:01:47.564 [Expansion Quests] Quest with ID=35 is not a a valid achievement or auto start quest. Skip quest for player with UID=z41AOIcmaoiW14fjdUTWRnHCLdYuHWGGiJ8SCs-IOoM=
09:01:47.564 [Expansion Quests] Quest with ID=36 is not a a valid achievement or auto start quest. Skip quest for player with UID=z41AOIcmaoiW14fjdUTWRnHCLdYuHWGGiJ8SCs-IOoM=
09:01:47.564 [Expansion Quests] Quest with ID=37 is not a a valid achievement or auto start quest. Skip quest for player with UID=z41AOIcmaoiW14fjdUTWRnHCLdYuHWGGiJ8SCs-IOoM=
09:01:47.564 [Expansion Quests] Quest with ID=38 is not a a valid achievement or auto start quest. Skip quest for player with UID=z41AOIcmaoiW14fjdUTWRnHCLdYuHWGGiJ8SCs-IOoM=
09:01:47.564 [Expansion Quests] Quest with ID=39 is not a a valid achievement or auto start quest. Skip quest for player with UID=z41AOIcmaoiW14fjdUTWRnHCLdYuHWGGiJ8SCs-IOoM=
09:01:47.564 [Expansion Quests] Quest with ID=40 is not a a valid achievement or auto start quest. Skip quest for player with UID=z41AOIcmaoiW14fjdUTWRnHCLdYuHWGGiJ8SCs-IOoM=
09:01:47.564 [Expansion Quests] Sending z41AOIcmaoiW14fjdUTWRnHCLdYuHWGGiJ8SCs-IOoM= quest configs to client for player with UID=z41AOIcmaoiW14fjdUTWRnHCLdYuHWGGiJ8SCs-IOoM=
09:01:47.564 [Expansion Quests] Sending player quest data for 1 quests to player with UID=z41AOIcmaoiW14fjdUTWRnHCLdYuHWGGiJ8SCs-IOoM=
09:02:13.810 [Expansion Quests] Initialize quest system on the connected client with UID=mBNlxASsPlOcry0dpDl8K-WgHNR5WMCMmoJ9NhpU4FY=
09:02:13.816 [Expansion Quests] Loaded existing player quest data for player with UID=mBNlxASsPlOcry0dpDl8K-WgHNR5WMCMmoJ9NhpU4FY=
09:02:13.816 [Expansion Quests] Check quest initialization for quest with ID=1 | State=COMPLETED | Player UID=mBNlxASsPlOcry0dpDl8K-WgHNR5WMCMmoJ9NhpU4FY=
09:02:13.816 [Expansion Quests] Quest with ID=2 is not a a valid achievement or auto start quest. Skip quest for player with UID=mBNlxASsPlOcry0dpDl8K-WgHNR5WMCMmoJ9NhpU4FY=
09:02:13.816 [Expansion Quests] Quest with ID=3 is not a a valid achievement or auto start quest. Skip quest for player with UID=mBNlxASsPlOcry0dpDl8K-WgHNR5WMCMmoJ9NhpU4FY=
09:02:13.816 [Expansion Quests] Quest with ID=4 is not a a valid achievement or auto start quest. Skip quest for player with UID=mBNlxASsPlOcry0dpDl8K-WgHNR5WMCMmoJ9NhpU4FY=
09:02:13.816 [Expansion Quests] Quest with ID=5 is not a a valid achievement or auto start quest. Skip quest for player with UID=mBNlxASsPlOcry0dpDl8K-WgHNR5WMCMmoJ9NhpU4FY=
09:02:13.816 [Expansion Quests] Quest with ID=6 is not a a valid achievement or auto start quest. Skip quest for player with UID=mBNlxASsPlOcry0dpDl8K-WgHNR5WMCMmoJ9NhpU4FY=
09:02:13.816 [Expansion Quests] Quest with ID=7 is not a a valid achievement or auto start quest. Skip quest for player with UID=mBNlxASsPlOcry0dpDl8K-WgHNR5WMCMmoJ9NhpU4FY=
09:02:13.816 [Expansion Quests] Quest with ID=8 is not a a valid achievement or auto start quest. Skip quest for player with UID=mBNlxASsPlOcry0dpDl8K-WgHNR5WMCMmoJ9NhpU4FY=
09:02:13.816 [Expansion Quests] Quest with ID=9 is not a a valid achievement or auto start quest. Skip quest for player with UID=mBNlxASsPlOcry0dpDl8K-WgHNR5WMCMmoJ9NhpU4FY=
09:02:13.816 [Expansion Quests] Quest with ID=10 is not a a valid achievement or auto start quest. Skip quest for player with UID=mBNlxASsPlOcry0dpDl8K-WgHNR5WMCMmoJ9NhpU4FY=
09:02:13.816 [Expansion Quests] Quest with ID=11 is not a a valid achievement or auto start quest. Skip quest for player with UID=mBNlxASsPlOcry0dpDl8K-WgHNR5WMCMmoJ9NhpU4FY=
09:02:13.816 [Expansion Quests] Quest with ID=12 is not a a valid achievement or auto start quest. Skip quest for player with UID=mBNlxASsPlOcry0dpDl8K-WgHNR5WMCMmoJ9NhpU4FY=
09:02:13.816 [Expansion Quests] Quest with ID=13 is not a a valid achievement or auto start quest. Skip quest for player with UID=mBNlxASsPlOcry0dpDl8K-WgHNR5WMCMmoJ9NhpU4FY=
09:02:13.816 [Expansion Quests] Quest with ID=14 is not a a valid achievement or auto start quest. Skip quest for player with UID=mBNlxASsPlOcry0dpDl8K-WgHNR5WMCMmoJ9NhpU4FY=
09:02:13.816 [Expansion Quests] Quest with ID=15 is not a a valid achievement or auto start quest. Skip quest for player with UID=mBNlxASsPlOcry0dpDl8K-WgHNR5WMCMmoJ9NhpU4FY=
09:02:13.816 [Expansion Quests] Quest with ID=16 is not a a valid achievement or auto start quest. Skip quest for player with UID=mBNlxASsPlOcry0dpDl8K-WgHNR5WMCMmoJ9NhpU4FY=
09:02:13.816 [Expansion Quests] Quest with ID=17 is not a a valid achievement or auto start quest. Skip quest for player with UID=mBNlxASsPlOcry0dpDl8K-WgHNR5WMCMmoJ9NhpU4FY=
09:02:13.816 [Expansion Quests] Quest with ID=18 is not a a valid achievement or auto start quest. Skip quest for player with UID=mBNlxASsPlOcry0dpDl8K-WgHNR5WMCMmoJ9NhpU4FY=
09:02:13.818 [Expansion Quests] Quest with ID=19 is not a a valid achievement or auto start quest. Skip quest for player with UID=mBNlxASsPlOcry0dpDl8K-WgHNR5WMCMmoJ9NhpU4FY=
09:02:13.818 [Expansion Quests] Quest with ID=20 is not a a valid achievement or auto start quest. Skip quest for player with UID=mBNlxASsPlOcry0dpDl8K-WgHNR5WMCMmoJ9NhpU4FY=
09:02:13.818 [Expansion Quests] Quest with ID=21 is not a a valid achievement or auto start quest. Skip quest for player with UID=mBNlxASsPlOcry0dpDl8K-WgHNR5WMCMmoJ9NhpU4FY=
09:02:13.818 [Expansion Quests] Quest with ID=22 is not a a valid achievement or auto start quest. Skip quest for player with UID=mBNlxASsPlOcry0dpDl8K-WgHNR5WMCMmoJ9NhpU4FY=
09:02:13.818 [Expansion Quests] Quest with ID=23 is not a a valid achievement or auto start quest. Skip quest for player with UID=mBNlxASsPlOcry0dpDl8K-WgHNR5WMCMmoJ9NhpU4FY=
09:02:13.818 [Expansion Quests] Quest with ID=24 is not a a valid achievement or auto start quest. Skip quest for player with UID=mBNlxASsPlOcry0dpDl8K-WgHNR5WMCMmoJ9NhpU4FY=
09:02:13.818 [Expansion Quests] Quest with ID=25 is not a a valid achievement or auto start quest. Skip quest for player with UID=mBNlxASsPlOcry0dpDl8K-WgHNR5WMCMmoJ9NhpU4FY=
09:02:13.818 [Expansion Quests] Quest with ID=26 is not a a valid achievement or auto start quest. Skip quest for player with UID=mBNlxASsPlOcry0dpDl8K-WgHNR5WMCMmoJ9NhpU4FY=
09:02:13.818 [Expansion Quests] Quest with ID=27 is not a a valid achievement or auto start quest. Skip quest for player with UID=mBNlxASsPlOcry0dpDl8K-WgHNR5WMCMmoJ9NhpU4FY=
09:02:13.818 [Expansion Quests] Quest with ID=28 is not a a valid achievement or auto start quest. Skip quest for player with UID=mBNlxASsPlOcry0dpDl8K-WgHNR5WMCMmoJ9NhpU4FY=
09:02:13.818 [Expansion Quests] Quest with ID=29 is not a a valid achievement or auto start quest. Skip quest for player with UID=mBNlxASsPlOcry0dpDl8K-WgHNR5WMCMmoJ9NhpU4FY=
09:02:13.818 [Expansion Quests] Quest with ID=30 is not a a valid achievement or auto start quest. Skip quest for player with UID=mBNlxASsPlOcry0dpDl8K-WgHNR5WMCMmoJ9NhpU4FY=
09:02:13.818 [Expansion Quests] Quest with ID=31 is not a a valid achievement or auto start quest. Skip quest for player with UID=mBNlxASsPlOcry0dpDl8K-WgHNR5WMCMmoJ9NhpU4FY=
09:02:13.818 [Expansion Quests] Quest with ID=32 is not a a valid achievement or auto start quest. Skip quest for player with UID=mBNlxASsPlOcry0dpDl8K-WgHNR5WMCMmoJ9NhpU4FY=
09:02:13.818 [Expansion Quests] Quest with ID=33 is not a a valid achievement or auto start quest. Skip quest for player with UID=mBNlxASsPlOcry0dpDl8K-WgHNR5WMCMmoJ9NhpU4FY=
09:02:13.818 [Expansion Quests] Quest with ID=35 is not a a valid achievement or auto start quest. Skip quest for player with UID=mBNlxASsPlOcry0dpDl8K-WgHNR5WMCMmoJ9NhpU4FY=
09:02:13.818 [Expansion Quests] Quest with ID=36 is not a a valid achievement or auto start quest. Skip quest for player with UID=mBNlxASsPlOcry0dpDl8K-WgHNR5WMCMmoJ9NhpU4FY=
09:02:13.818 [Expansion Quests] Quest with ID=37 is not a a valid achievement or auto start quest. Skip quest for player with UID=mBNlxASsPlOcry0dpDl8K-WgHNR5WMCMmoJ9NhpU4FY=
09:02:13.818 [Expansion Quests] Quest with ID=38 is not a a valid achievement or auto start quest. Skip quest for player with UID=mBNlxASsPlOcry0dpDl8K-WgHNR5WMCMmoJ9NhpU4FY=
09:02:13.818 [Expansion Quests] Quest with ID=39 is not a a valid achievement or auto start quest. Skip quest for player with UID=mBNlxASsPlOcry0dpDl8K-WgHNR5WMCMmoJ9NhpU4FY=
09:02:13.818 [Expansion Quests] Quest with ID=40 is not a a valid achievement or auto start quest. Skip quest for player with UID=mBNlxASsPlOcry0dpDl8K-WgHNR5WMCMmoJ9NhpU4FY=
09:02:13.818 [Expansion Quests] Sending mBNlxASsPlOcry0dpDl8K-WgHNR5WMCMmoJ9NhpU4FY= quest configs to client for player with UID=mBNlxASsPlOcry0dpDl8K-WgHNR5WMCMmoJ9NhpU4FY=
09:02:13.818 [Expansion Quests] Sending player quest data for 1 quests to player with UID=mBNlxASsPlOcry0dpDl8K-WgHNR5WMCMmoJ9NhpU4FY=
09:02:13.882 [AI Patrol 00018] Loaded 3 persistent East Harbor Tier 02 Patrol (Shamans) bots at <11431.558594, 5.790277, 9994.528320>
09:02:13.882 [AI Patrol 00018] Global patrol count: 1
09:11:48.644 [MissionAirdrop] An airdrop is heading towards "Warren-Cove" (pos=<6924.000000, 0.000000, 5473.000000> type=Random_Warren-Cove) with a ExpansionAirdropContainer_Basebuilding
09:12:43.664 [AI Patrol 00018] Despawning 3 East Harbor Tier 02 Patrol (Shamans) bots (spawn position <11431.558594, 5.790277, 9994.528320>, 0/3 deceased)
09:12:43.679 [AI Patrol 00018] Global patrol count: 0
